init_omega completed.
init_props completed.
randomize_u completed
init_profile_ux completed.
#  ite wclock  ts time  resSolver  max(ux) 
0 1.58957719e-01 3.77154e-04 0.00000e+00 2.22353e-03 9.45340e+01
10 1.27612247e+00 3.68163e-04 3.73016e-03 2.84596e-06 9.67216e+01
20 2.39497915e+00 3.65498e-04 7.39457e-03 2.54594e-06 9.72260e+01
30 3.52748301e+00 3.65549e-04 1.10482e-02 2.42725e-06 9.71501e+01
40 4.62503213e+00 3.67578e-04 1.47216e-02 2.51375e-06 9.67358e+01
50 5.74252342e+00 3.63780e-04 1.83936e-02 2.69527e-06 9.79503e+01
60 6.88702361e+00 3.58799e-04 2.20049e-02 2.50666e-06 9.91651e+01
70 8.03753846e+00 3.61864e-04 2.55957e-02 2.56027e-06 9.79703e+01
80 9.16551639e+00 3.64219e-04 2.92501e-02 3.01659e-06 9.78103e+01
90 1.02808168e+01 3.62489e-04 3.28736e-02 2.86138e-06 9.79237e+01
100 1.13989818e+01 3.59159e-04 3.65020e-02 3.03934e-06 9.91331e+01
110 1.25171421e+01 3.58699e-04 4.00848e-02 3.17130e-06 9.89894e+01
120 1.36655076e+01 3.67986e-04 4.37050e-02 3.78901e-06 9.63588e+01
130 1.47900484e+01 3.62146e-04 4.73695e-02 3.58071e-06 9.83330e+01
140 1.59233929e+01 3.59960e-04 5.09738e-02 3.80826e-06 9.86897e+01
150 1.70489666e+01 3.65998e-04 5.45952e-02 4.33200e-06 9.72321e+01
160 1.81797775e+01 3.66874e-04 5.82507e-02 4.49807e-06 9.69187e+01
170 1.93014642e+01 3.67293e-04 6.19219e-02 4.51126e-06 9.69793e+01
180 2.04281163e+01 3.64569e-04 6.55762e-02 4.68165e-06 9.75133e+01
190 2.15592791e+01 3.65784e-04 6.92203e-02 5.10194e-06 9.69993e+01
200 2.26856985e+01 3.67060e-04 7.28862e-02 5.30651e-06 9.67375e+01
210 2.38089043e+01 3.71555e-04 7.65818e-02 5.62309e-06 9.58964e+01
220 2.49364530e+01 3.66772e-04 8.02684e-02 5.73256e-06 9.70117e+01
230 2.60527102e+01 3.67250e-04 8.39325e-02 6.17406e-06 9.66812e+01
240 2.71711061e+01 3.67156e-04 8.76119e-02 6.31752e-06 9.69588e+01
250 2.82859602e+01 3.64955e-04 9.12674e-02 6.65339e-06 9.73448e+01
260 2.94011083e+01 3.70377e-04 9.49358e-02 7.33506e-06 9.59760e+01
270 3.05185478e+01 3.70829e-04 9.86418e-02 7.33406e-06 9.58471e+01
280 3.16428210e+01 3.67879e-04 1.02334e-01 7.38817e-06 9.66217e+01
290 3.27629777e+01 3.65901e-04 1.06015e-01 7.33125e-06 9.72742e+01
300 3.39518022e+01 3.66539e-04 1.09667e-01 7.74835e-06 9.68000e+01
310 3.51200491e+01 3.68353e-04 1.13346e-01 7.71359e-06 9.65072e+01
320 3.62305602e+01 3.70539e-04 1.17036e-01 8.12861e-06 9.57926e+01
330 3.73491911e+01 3.69055e-04 1.20745e-01 8.01991e-06 9.64234e+01
340 3.85240572e+01 3.65024e-04 1.24414e-01 8.13011e-06 9.73940e+01
350 3.96592774e+01 3.67266e-04 1.28071e-01 8.61400e-06 9.66994e+01
360 4.07747796e+01 3.67217e-04 1.31746e-01 8.92728e-06 9.67485e+01
370 4.18789619e+01 3.66227e-04 1.35426e-01 9.23541e-06 9.71388e+01
380 4.29964136e+01 3.68703e-04 1.39092e-01 9.85399e-06 9.63126e+01
390 4.41315474e+01 3.63604e-04 1.42759e-01 9.98355e-06 9.77841e+01
400 4.52367055e+01 3.68494e-04 1.46407e-01 1.10401e-05 9.62319e+01
410 4.63500919e+01 3.69236e-04 1.50095e-01 1.15296e-05 9.61191e+01
420 4.74858566e+01 3.70108e-04 1.53798e-01 1.20686e-05 9.61809e+01
430 4.86175174e+01 3.66725e-04 1.57486e-01 1.23003e-05 9.69996e+01
440 4.97272931e+01 3.69632e-04 1.61156e-01 1.32292e-05 9.61405e+01
450 5.08304205e+01 3.70794e-04 1.64862e-01 1.39084e-05 9.59781e+01
460 5.19428335e+01 3.69413e-04 1.68562e-01 1.44618e-05 9.61751e+01
470 5.30642609e+01 3.70296e-04 1.72267e-01 1.50263e-05 9.59955e+01
480 5.42040322e+01 3.70169e-04 1.75970e-01 1.55310e-05 9.60349e+01
490 5.53177400e+01 3.72514e-04 1.79675e-01 1.63193e-05 9.54685e+01
500 5.64300726e+01 3.69638e-04 1.83390e-01 1.60815e-05 9.63001e+01
510 5.75508795e+01 3.67185e-04 1.87074e-01 1.60206e-05 9.69576e+01
520 5.86803428e+01 3.65322e-04 1.90729e-01 1.61242e-05 9.72039e+01
530 5.98047634e+01 3.67788e-04 1.94405e-01 1.65069e-05 9.67665e+01
540 6.09288482e+01 3.66761e-04 1.98079e-01 1.66837e-05 9.69704e+01
550 6.20449961e+01 3.64027e-04 2.01734e-01 1.67261e-05 9.75450e+01
560 6.31694948e+01 3.65960e-04 2.05402e-01 1.68215e-05 9.73997e+01
570 6.42877300e+01 3.60641e-04 2.09042e-01 1.63703e-05 9.89208e+01
580 6.54083990e+01 3.57396e-04 2.12613e-01 1.73312e-05 9.90348e+01
590 6.65297554e+01 3.62416e-04 2.16218e-01 1.83956e-05 9.80761e+01
600 6.76539116e+01 3.65675e-04 2.19849e-01 1.94774e-05 9.69932e+01
610 6.87760123e+01 3.67662e-04 2.23515e-01 2.00350e-05 9.67248e+01
620 6.99236740e+01 3.63741e-04 2.27167e-01 2.00083e-05 9.75847e+01
630 7.10401065e+01 3.49372e-04 2.30773e-01 1.73530e-05 1.02291e+02
640 7.21731164e+01 3.43908e-04 2.34217e-01 1.94969e-05 1.03020e+02
650 7.32890164e+01 3.61882e-04 2.37742e-01 2.05432e-05 9.84890e+01
660 7.44162230e+01 3.60778e-04 2.41343e-01 2.16451e-05 9.84621e+01
670 7.55388021e+01 3.60442e-04 2.44950e-01 2.21064e-05 9.88414e+01
680 7.66598747e+01 3.54934e-04 2.48536e-01 2.08615e-05 1.01069e+02
690 7.80264590e+01 3.31643e-04 2.51956e-01 1.91531e-05 1.07213e+02
700 7.91416761e+01 3.23873e-04 2.55263e-01 1.98106e-05 1.10114e+02
710 8.02836325e+01 3.16697e-04 2.58437e-01 2.00929e-05 1.11125e+02
720 8.14029038e+01 3.33852e-04 2.61707e-01 2.08971e-05 1.06335e+02
730 8.25222829e+01 3.46281e-04 2.65061e-01 3.00426e-05 1.01365e+02
740 8.36582011e+01 3.44366e-04 2.68518e-01 2.41852e-05 1.02879e+02
750 8.47845130e+01 3.44999e-04 2.72002e-01 2.39462e-05 1.03252e+02
760 8.59019278e+01 3.40620e-04 2.75435e-01 2.61609e-05 1.04836e+02
770 8.70408095e+01 3.34084e-04 2.78790e-01 2.36758e-05 1.06418e+02
780 8.81840300e+01 3.32534e-04 2.82109e-01 2.45220e-05 1.06498e+02
790 8.93076210e+01 3.12649e-04 2.85377e-01 2.35731e-05 1.13928e+02
800 9.04289289e+01 3.22450e-04 2.88524e-01 2.37441e-05 1.10119e+02
810 9.15333925e+01 3.33682e-04 2.91755e-01 3.37470e-05 1.07945e+02
820 9.26509043e+01 3.07699e-04 2.94926e-01 2.87199e-05 1.15012e+02
830 9.37809424e+01 3.03811e-04 2.97971e-01 3.05080e-05 1.16231e+02
840 9.49260661e+01 3.03320e-04 3.01058e-01 2.84157e-05 1.17292e+02
850 9.60403541e+01 3.20158e-04 3.04113e-01 4.66200e-05 1.09100e+02
860 9.71533324e+01 3.05082e-04 3.07257e-01 3.16442e-05 1.16375e+02
870 9.82872709e+01 3.00878e-04 3.10265e-01 3.30259e-05 1.17052e+02
880 9.94850109e+01 2.99460e-04 3.13329e-01 3.46008e-05 1.20191e+02
890 1.00600654e+02 2.83923e-04 3.16220e-01 2.44884e-05 1.26060e+02
900 1.01735364e+02 2.76843e-04 3.18988e-01 2.98660e-05 1.26880e+02
910 1.02903583e+02 2.99799e-04 3.21895e-01 2.55280e-05 1.18696e+02
920 1.04011818e+02 2.96493e-04 3.24880e-01 3.21347e-05 1.19259e+02
930 1.05125527e+02 2.93730e-04 3.27823e-01 3.40784e-05 1.19663e+02
940 1.06253988e+02 2.66101e-04 3.30619e-01 2.43890e-05 1.33386e+02
950 1.07373570e+02 2.82528e-04 3.33343e-01 2.97034e-05 1.26054e+02
960 1.08492280e+02 2.82928e-04 3.36158e-01 3.31515e-05 1.24901e+02
970 1.09610179e+02 2.68704e-04 3.38904e-01 2.90188e-05 1.30583e+02
980 1.10746242e+02 2.78291e-04 3.41577e-01 4.57495e-05 1.21524e+02
990 1.11878585e+02 2.78829e-04 3.44431e-01 2.47156e-05 1.27747e+02
1000 1.13021163e+02 2.72929e-04 3.47178e-01 1.93275e-05 1.28677e+02
1010 1.14136028e+02 2.67304e-04 3.49920e-01 3.22450e-05 1.33144e+02
1020 1.15272355e+02 2.63021e-04 3.52568e-01 2.47751e-05 1.34577e+02
1030 1.16391413e+02 2.69925e-04 3.55233e-01 2.56303e-05 1.30050e+02
1040 1.17504900e+02 2.70567e-04 3.57967e-01 3.31244e-05 1.30884e+02
1050 1.18609743e+02 2.41965e-04 3.60579e-01 3.53409e-05 1.47478e+02
1060 1.19747364e+02 2.36028e-04 3.62940e-01 2.45140e-05 1.48502e+02
1070 1.20871862e+02 2.61590e-04 3.65416e-01 2.95668e-05 1.34673e+02
1080 1.21988416e+02 2.62551e-04 3.68053e-01 2.83814e-05 1.35201e+02
1090 1.23094835e+02 2.55326e-04 3.70703e-01 3.61995e-05 1.40905e+02
1100 1.24228528e+02 2.40974e-04 3.73161e-01 2.10284e-05 1.47041e+02
1110 1.25353419e+02 2.62870e-04 3.75638e-01 2.65511e-05 1.32766e+02
1120 1.26481059e+02 2.56363e-04 3.78272e-01 2.34623e-05 1.38179e+02
1130 1.27598209e+02 2.62058e-04 3.80859e-01 2.71251e-05 1.31812e+02
1140 1.28736114e+02 2.63743e-04 3.83518e-01 2.24058e-05 1.31100e+02
1150 1.29863921e+02 2.80862e-04 3.86244e-01 2.41250e-05 1.24795e+02
1160 1.30959755e+02 2.57852e-04 3.89002e-01 1.98234e-05 1.38037e+02
1170 1.32069590e+02 2.65134e-04 3.91563e-01 2.74854e-05 1.32259e+02
1180 1.33169021e+02 2.63283e-04 3.94221e-01 1.89123e-05 1.34384e+02
1190 1.34329978e+02 2.66162e-04 3.96881e-01 2.01720e-05 1.32177e+02
1200 1.35472928e+02 2.65237e-04 3.99572e-01 1.96117e-05 1.34045e+02
1210 1.36596924e+02 2.61377e-04 4.02204e-01 1.87017e-05 1.35516e+02
1220 1.37708458e+02 2.67924e-04 4.04818e-01 2.69137e-05 1.31357e+02
1230 1.38841208e+02 2.52386e-04 4.07428e-01 1.44277e-05 1.41093e+02
1240 1.39946147e+02 2.60555e-04 4.09964e-01 2.25111e-05 1.34998e+02
1250 1.41045408e+02 2.64003e-04 4.12613e-01 2.05947e-05 1.33950e+02
1260 1.42142442e+02 2.46615e-04 4.15238e-01 3.00251e-05 1.45966e+02
1270 1.43296454e+02 2.28609e-04 4.17597e-01 1.42461e-05 1.55372e+02
1280 1.44457290e+02 2.44224e-04 4.19922e-01 1.96971e-05 1.43095e+02
1290 1.45574679e+02 2.47140e-04 4.22470e-01 2.75488e-05 1.45213e+02
1300 1.46672679e+02 2.48212e-04 4.24901e-01 1.98281e-05 1.41371e+02
1310 1.47803449e+02 2.41874e-04 4.27457e-01 2.82075e-05 1.48334e+02
1320 1.48924652e+02 2.36089e-04 4.29810e-01 1.72583e-05 1.48966e+02
1330 1.50054992e+02 2.61170e-04 4.32312e-01 2.20681e-05 1.37324e+02
1340 1.51214126e+02 2.63729e-04 4.34900e-01 1.69405e-05 1.34113e+02
1350 1.52381515e+02 2.40137e-04 4.37415e-01 1.27604e-05 1.47640e+02
1360 1.53485984e+02 2.47204e-04 4.39854e-01 1.25386e-05 1.42948e+02
1370 1.54615050e+02 2.63074e-04 4.42392e-01 1.55351e-05 1.35353e+02
1380 1.55739173e+02 2.36070e-04 4.44905e-01 1.85136e-05 1.50818e+02
1390 1.56873021e+02 2.54032e-04 4.47298e-01 3.65761e-05 1.37039e+02
1400 1.57998959e+02 2.36600e-04 4.49781e-01 1.89973e-05 1.50070e+02
1410 1.59117870e+02 2.42704e-04 4.52160e-01 1.98155e-05 1.47208e+02
1420 1.60326338e+02 2.54522e-04 4.54593e-01 3.08079e-05 1.37047e+02
1430 1.61844875e+02 2.52967e-04 4.57180e-01 2.14358e-05 1.39698e+02
1440 1.63846511e+02 2.53573e-04 4.59715e-01 2.20956e-05 1.39805e+02
1450 1.65523925e+02 2.68394e-04 4.62315e-01 2.61725e-05 1.30831e+02
1460 1.68128109e+02 2.69521e-04 4.65019e-01 2.32321e-05 1.31201e+02
1470 1.70029387e+02 2.74198e-04 4.67750e-01 2.13958e-05 1.29827e+02
1480 1.72634303e+02 2.55878e-04 4.70422e-01 1.70077e-05 1.39450e+02
1490 1.76736129e+02 2.59817e-04 4.72975e-01 1.75169e-05 1.35694e+02
1500 1.79067432e+02 2.86047e-04 4.75690e-01 1.78636e-05 1.24497e+02
1510 1.80694014e+02 2.85441e-04 4.78538e-01 2.12697e-05 1.24380e+02
1520 1.82155735e+02 2.71699e-04 4.81339e-01 2.15991e-05 1.30069e+02
1530 1.83421082e+02 2.79176e-04 4.84052e-01 2.61227e-05 1.27693e+02
1540 1.84573671e+02 2.79253e-04 4.86815e-01 1.96244e-05 1.26041e+02
1550 1.86160222e+02 2.89547e-04 4.89681e-01 2.14338e-05 1.23787e+02
1560 1.87400508e+02 2.69433e-04 4.92461e-01 1.49546e-05 1.31848e+02
1570 1.90138780e+02 2.75455e-04 4.95163e-01 1.85338e-05 1.28261e+02
1580 1.91266186e+02 2.76459e-04 4.97950e-01 2.29787e-05 1.29055e+02
1590 1.93145788e+02 2.69262e-04 5.00666e-01 1.86424e-05 1.31470e+02
1600 1.94918950e+02 2.69248e-04 5.03349e-01 1.86429e-05 1.31258e+02
1610 1.96398932e+02 2.86812e-04 5.06137e-01 2.13651e-05 1.23162e+02
1620 1.97547344e+02 2.79810e-04 5.08961e-01 2.02099e-05 1.26329e+02
1630 1.98719345e+02 2.86956e-04 5.11775e-01 2.00597e-05 1.24280e+02
1640 1.99868981e+02 2.88267e-04 5.14645e-01 2.49473e-05 1.23579e+02
1650 2.01026286e+02 2.84636e-04 5.17490e-01 1.40758e-05 1.23294e+02
1660 2.03921667e+02 2.90217e-04 5.20382e-01 1.31818e-05 1.22343e+02
1670 2.05343955e+02 2.90715e-04 5.23288e-01 1.40459e-05 1.21854e+02
1680 2.06946277e+02 2.97078e-04 5.26238e-01 1.95437e-05 1.19354e+02
1690 2.08570497e+02 2.94420e-04 5.29200e-01 2.38693e-05 1.21286e+02
1700 2.09967671e+02 2.97409e-04 5.32138e-01 1.96755e-05 1.19968e+02
1710 2.11464554e+02 2.92865e-04 5.35073e-01 1.77802e-05 1.20738e+02
1720 2.12927320e+02 2.77366e-04 5.37975e-01 1.90640e-05 1.29077e+02
1730 2.14805551e+02 2.76568e-04 5.40707e-01 1.95282e-05 1.27234e+02
1740 2.15905349e+02 3.04239e-04 5.43618e-01 2.53799e-05 1.16587e+02
1750 2.17531055e+02 2.86753e-04 5.46607e-01 3.12330e-05 1.23277e+02
1760 2.18860800e+02 2.78001e-04 5.49396e-01 1.86902e-05 1.25529e+02
1770 2.21179955e+02 2.94643e-04 5.52288e-01 2.45903e-05 1.20951e+02
1780 2.23357006e+02 2.89471e-04 5.55221e-01 2.59467e-05 1.23492e+02
1790 2.25287502e+02 2.83681e-04 5.58065e-01 1.53627e-05 1.24573e+02
1800 2.27454666e+02 2.82317e-04 5.60920e-01 1.53208e-05 1.25496e+02
1810 2.31370081e+02 3.10976e-04 5.63836e-01 7.76488e-06 1.12610e+02
1820 2.32673383e+02 2.89636e-04 5.66839e-01 1.38371e-05 1.22444e+02
1830 2.33962727e+02 3.09025e-04 5.69817e-01 1.67255e-05 1.14927e+02
1840 2.35393857e+02 2.94156e-04 5.72838e-01 1.25899e-05 1.20726e+02
1850 2.36874833e+02 3.05116e-04 5.75823e-01 8.06980e-06 1.17211e+02
1860 2.38803678e+02 2.98844e-04 5.78813e-01 5.53979e-06 1.18222e+02
1870 2.40085651e+02 3.13934e-04 5.81886e-01 6.41236e-06 1.12526e+02
1880 2.41525127e+02 3.02262e-04 5.85053e-01 1.02811e-05 1.18456e+02
1890 2.43541536e+02 3.02250e-04 5.88026e-01 7.00107e-06 1.15644e+02
1900 2.45716477e+02 3.11407e-04 5.91140e-01 8.93134e-06 1.13862e+02
1910 2.49464928e+02 3.01787e-04 5.94245e-01 1.11078e-05 1.18382e+02
1920 2.50863113e+02 3.00784e-04 5.97227e-01 9.03269e-06 1.17217e+02
1930 2.51911417e+02 3.05344e-04 6.00299e-01 1.18837e-05 1.16803e+02
1940 2.53314194e+02 3.05340e-04 6.03328e-01 9.64595e-06 1.15564e+02
1950 2.55084473e+02 3.31236e-04 6.06487e-01 1.03987e-05 1.07414e+02
1960 2.56318147e+02 3.30230e-04 6.09770e-01 1.00584e-05 1.06858e+02
1970 2.57567300e+02 3.34179e-04 6.13124e-01 1.09885e-05 1.04805e+02
1980 2.58874431e+02 3.26780e-04 6.16457e-01 1.03739e-05 1.09402e+02
1990 2.60059721e+02 3.20903e-04 6.19675e-01 7.17310e-06 1.10351e+02
2000 2.61412649e+02 3.17684e-04 6.22882e-01 9.14253e-06 1.11793e+02
2010 2.62877701e+02 3.11482e-04 6.26062e-01 1.09369e-05 1.14139e+02
2020 2.64178382e+02 3.18457e-04 6.29186e-01 9.15055e-06 1.11232e+02
2030 2.66109943e+02 3.25874e-04 6.32420e-01 8.38578e-06 1.08446e+02
2040 2.70781859e+02 3.38052e-04 6.35739e-01 5.75909e-06 1.04116e+02
2050 2.72973550e+02 3.41786e-04 6.39123e-01 4.68838e-06 1.03186e+02
2060 2.74717344e+02 3.22603e-04 6.42451e-01 3.54160e-06 1.10220e+02
2070 2.76445692e+02 3.25195e-04 6.45678e-01 3.63388e-06 1.08896e+02
2080 2.78345778e+02 3.21484e-04 6.48922e-01 7.20482e-06 1.10445e+02
2090 2.79551217e+02 3.31921e-04 6.52163e-01 1.15994e-05 1.06219e+02
2100 2.81002984e+02 3.31027e-04 6.55501e-01 1.19585e-05 1.07362e+02
2110 2.82080559e+02 3.37720e-04 6.58820e-01 1.16856e-05 1.04360e+02
2120 2.83197342e+02 3.26051e-04 6.62190e-01 8.60454e-06 1.09074e+02
2130 2.84371651e+02 3.30208e-04 6.65433e-01 8.05042e-06 1.07038e+02
2140 2.85431711e+02 3.40644e-04 6.68766e-01 7.11868e-06 1.02976e+02
2150 2.86492703e+02 3.42616e-04 6.72256e-01 9.91906e-06 1.04337e+02
2160 2.87593502e+02 3.20976e-04 6.75563e-01 9.10240e-06 1.10965e+02
2170 2.88637227e+02 3.09149e-04 6.78740e-01 8.93245e-06 1.15310e+02
2180 2.89681071e+02 3.26389e-04 6.81858e-01 1.20727e-05 1.06986e+02
2190 2.90746941e+02 3.29293e-04 6.85222e-01 7.08958e-06 1.08354e+02
2200 2.91789653e+02 3.23126e-04 6.88471e-01 5.66677e-06 1.09581e+02
2210 2.92835214e+02 3.45902e-04 6.91776e-01 6.28999e-06 1.01166e+02
2220 2.93936130e+02 3.49616e-04 6.95266e-01 9.34446e-06 1.01857e+02
2230 2.95102906e+02 3.52600e-04 6.98745e-01 7.64544e-06 1.00557e+02
2240 2.96615764e+02 3.49402e-04 7.02294e-01 9.01211e-06 1.01655e+02
2250 2.98698333e+02 3.41826e-04 7.05778e-01 9.15813e-06 1.04614e+02
2260 3.00506489e+02 3.34027e-04 7.09132e-01 5.69719e-06 1.05876e+02
2270 3.03531522e+02 3.59378e-04 7.12560e-01 4.81268e-06 9.75576e+01
2280 3.05858138e+02 3.49345e-04 7.16147e-01 4.64310e-06 1.01785e+02
2290 3.08202535e+02 3.55461e-04 7.19641e-01 3.37281e-06 9.91697e+01
2300 3.09380286e+02 3.57799e-04 7.23251e-01 4.43132e-06 9.95928e+01
2310 3.10597036e+02 3.51143e-04 7.26786e-01 2.22542e-06 1.01243e+02
2320 3.12121427e+02 3.45638e-04 7.30297e-01 1.64942e-06 1.03137e+02
2330 3.13536466e+02 3.45354e-04 7.33750e-01 2.12040e-06 1.02752e+02
2340 3.14640855e+02 3.52469e-04 7.37208e-01 4.12695e-06 9.97074e+01
2350 3.15748540e+02 3.68114e-04 7.40844e-01 2.65148e-06 9.66645e+01
2360 3.16804277e+02 3.65136e-04 7.44519e-01 3.95740e-06 9.76944e+01
2370 3.17861928e+02 3.71053e-04 7.48162e-01 9.06126e-06 9.53107e+01
2380 3.18923193e+02 3.54540e-04 7.51787e-01 4.71015e-06 1.00028e+02
2390 3.19984205e+02 3.60840e-04 7.55371e-01 3.80482e-06 9.96827e+01
2400 3.21040010e+02 3.39195e-04 7.58844e-01 3.73586e-06 1.04711e+02
2410 3.22107594e+02 3.53596e-04 7.62290e-01 3.65034e-06 1.00019e+02
2420 3.23173348e+02 3.57731e-04 7.65895e-01 5.47092e-06 9.96489e+01
2430 3.24240517e+02 3.67304e-04 7.69477e-01 2.60451e-06 9.58068e+01
2440 3.25295995e+02 3.63221e-04 7.73194e-01 3.89878e-06 9.79789e+01
2450 3.26351602e+02 3.70912e-04 7.76829e-01 2.29966e-06 9.56216e+01
2460 3.27409017e+02 3.67344e-04 7.80510e-01 1.86946e-06 9.64279e+01
2470 3.28466093e+02 3.64019e-04 7.84172e-01 1.99088e-06 9.72262e+01
2480 3.29526346e+02 3.74858e-04 7.87886e-01 2.94380e-06 9.44958e+01
2490 3.30580365e+02 3.67793e-04 7.91612e-01 3.13306e-06 9.65380e+01
2500 3.31634615e+02 3.78494e-04 7.95349e-01 4.46500e-06 9.38011e+01
2510 3.32692924e+02 3.80365e-04 7.99168e-01 4.38728e-06 9.37372e+01
2520 3.33748315e+02 3.78821e-04 8.02948e-01 3.50531e-06 9.34451e+01
2530 3.34828564e+02 3.86873e-04 8.06781e-01 4.51462e-06 9.14298e+01
2540 3.35885060e+02 3.89165e-04 8.10670e-01 3.34452e-06 9.15782e+01
2550 3.36960727e+02 3.77491e-04 8.14495e-01 3.74723e-06 9.40733e+01
2560 3.38017519e+02 3.85805e-04 8.18313e-01 4.48518e-06 9.23991e+01
2570 3.39077631e+02 3.85728e-04 8.22141e-01 4.30890e-06 9.14888e+01
2580 3.40136566e+02 3.92397e-04 8.26057e-01 7.56046e-06 9.13162e+01
2590 3.41200868e+02 3.76236e-04 8.29883e-01 4.51462e-06 9.44880e+01
2600 3.42258523e+02 3.84300e-04 8.33663e-01 3.88339e-06 9.18833e+01
2610 3.43314222e+02 4.00163e-04 8.37619e-01 4.03080e-06 8.88441e+01
2620 3.44368800e+02 4.02478e-04 8.41629e-01 4.07359e-06 8.84748e+01
2630 3.45425843e+02 3.87459e-04 8.45589e-01 3.93725e-06 9.18746e+01
2640 3.46484400e+02 3.88328e-04 8.49462e-01 5.08435e-06 9.14899e+01
2650 3.47542792e+02 3.82339e-04 8.53338e-01 5.39352e-06 9.30568e+01
2660 3.48600396e+02 3.90047e-04 8.57186e-01 4.64973e-06 9.08740e+01
2670 3.49663081e+02 3.82004e-04 8.61058e-01 3.61732e-06 9.29532e+01
2680 3.50728904e+02 3.83208e-04 8.64904e-01 3.41563e-06 9.26089e+01
2690 3.51786760e+02 3.92334e-04 8.68761e-01 3.57904e-06 9.01169e+01
2700 3.52843859e+02 3.94107e-04 8.72665e-01 3.52916e-06 8.95604e+01
2710 3.53906067e+02 3.76556e-04 8.76543e-01 3.21234e-06 9.46026e+01
2720 3.54960236e+02 3.85696e-04 8.80319e-01 4.01904e-06 9.14519e+01
2730 3.56016788e+02 4.01273e-04 8.84266e-01 4.38824e-06 8.81039e+01
2740 3.57072872e+02 4.00014e-04 8.88293e-01 4.19202e-06 8.95847e+01
2750 3.58128771e+02 3.84774e-04 8.92209e-01 4.06037e-06 9.28694e+01
2760 3.59188521e+02 3.92493e-04 8.96038e-01 4.09603e-06 8.94031e+01
2770 3.60243237e+02 3.96935e-04 9.00029e-01 4.30095e-06 8.94231e+01
2780 3.61302658e+02 4.05085e-04 9.04016e-01 5.49475e-06 8.73404e+01
2790 3.62357798e+02 3.94945e-04 9.08059e-01 4.88923e-06 9.02414e+01
2800 3.63424130e+02 3.94388e-04 9.11992e-01 4.90345e-06 9.05279e+01
2810 3.64488077e+02 3.85102e-04 9.15888e-01 4.16328e-06 9.22300e+01
2820 3.65544116e+02 3.71994e-04 9.19680e-01 3.72515e-06 9.52781e+01
2830 3.66604726e+02 3.98408e-04 9.23477e-01 4.97448e-06 8.97991e+01
2840 3.67714667e+02 3.84660e-04 9.27377e-01 4.11711e-06 9.23857e+01
2850 3.68775174e+02 3.98936e-04 9.31262e-01 4.14844e-06 8.83736e+01
2860 3.69831548e+02 3.97260e-04 9.35293e-01 3.61090e-06 8.95603e+01
2870 3.70889949e+02 4.05130e-04 9.39293e-01 4.11448e-06 8.74541e+01
2880 3.71996329e+02 3.99580e-04 9.43331e-01 3.74006e-06 8.93616e+01
2890 3.73051228e+02 3.86885e-04 9.47264e-01 3.00088e-06 9.20930e+01
2900 3.74113260e+02 3.81860e-04 9.51084e-01 3.05137e-06 9.27019e+01
2910 3.75169518e+02 4.01753e-04 9.55017e-01 3.08778e-06 8.88680e+01
2920 3.76224053e+02 3.83617e-04 9.58932e-01 3.06362e-06 9.26498e+01
2930 3.77290126e+02 4.00766e-04 9.62815e-01 4.88413e-06 8.78726e+01
2940 3.78426735e+02 4.14193e-04 9.66871e-01 5.38916e-06 8.54447e+01
2950 3.79481226e+02 4.09410e-04 9.71020e-01 3.48145e-06 8.68488e+01
2960 3.80537410e+02 4.14334e-04 9.75134e-01 3.69951e-06 8.54815e+01
2970 3.81592530e+02 3.93586e-04 9.79177e-01 1.77313e-06 9.03598e+01
2980 3.82650951e+02 3.88418e-04 9.83112e-01 2.39301e-06 9.15343e+01
2990 3.83726628e+02 3.91466e-04 9.86986e-01 2.36857e-06 9.01077e+01
3000 3.84786841e+02 4.02914e-04 9.90979e-01 3.38538e-06 8.88281e+01
3010 3.85842396e+02 3.89499e-04 9.94923e-01 3.19286e-06 9.12114e+01
3020 3.86900562e+02 3.88065e-04 9.98833e-01 3.91180e-06 9.16841e+01
3030 3.87955302e+02 3.86690e-04 1.00271e+00 3.80260e-06 9.22338e+01
3040 3.89015653e+02 3.85438e-04 1.00655e+00 2.87277e-06 9.19145e+01
3050 3.90073175e+02 3.83131e-04 1.01038e+00 2.56940e-06 9.24677e+01
3060 3.91150189e+02 4.13686e-04 1.01431e+00 3.49938e-06 8.47660e+01
3070 3.92208635e+02 4.04672e-04 1.01842e+00 2.66956e-06 8.77497e+01
3080 3.93263231e+02 4.18295e-04 1.02253e+00 2.99926e-06 8.49881e+01
3090 3.94339772e+02 4.21720e-04 1.02673e+00 2.12229e-06 8.41900e+01
3100 3.95396266e+02 4.12944e-04 1.03091e+00 1.89477e-06 8.58483e+01
3110 3.96452818e+02 4.02628e-04 1.03504e+00 3.92221e-06 8.88899e+01
3120 3.97512810e+02 3.83983e-04 1.03895e+00 1.89460e-06 9.23908e+01
3130 3.98568824e+02 4.06653e-04 1.04285e+00 2.32806e-06 8.61444e+01
3140 3.99629628e+02 4.19166e-04 1.04707e+00 3.15419e-06 8.48670e+01
3150 4.00682926e+02 4.17253e-04 1.05124e+00 2.45545e-06 8.49091e+01
3160 4.01736181e+02 3.96912e-04 1.05537e+00 3.19784e-06 9.01352e+01
3170 4.02795171e+02 3.80422e-04 1.05926e+00 1.96838e-06 9.33417e+01
3180 4.03865449e+02 3.91306e-04 1.06308e+00 1.69467e-06 9.00755e+01
3190 4.04931335e+02 4.05452e-04 1.06713e+00 2.40138e-06 8.79505e+01
3200 4.05986121e+02 3.76365e-04 1.07112e+00 4.12016e-06 9.60461e+01
3210 4.07043428e+02 3.37233e-04 1.07467e+00 1.03335e-06 1.05851e+02
3220 4.08098193e+02 3.42061e-04 1.07803e+00 1.94453e-06 1.03045e+02
3230 4.09155631e+02 3.73868e-04 1.08164e+00 3.16909e-06 9.60916e+01
3240 4.10210994e+02 3.61469e-04 1.08527e+00 1.52883e-06 9.78497e+01
3250 4.11267048e+02 3.79271e-04 1.08902e+00 4.15917e-06 9.44610e+01
3260 4.12322906e+02 3.72190e-04 1.09274e+00 1.81175e-06 9.50437e+01
3270 4.13380698e+02 4.08900e-04 1.09659e+00 2.76234e-06 8.81355e+01
3280 4.14435553e+02 3.70271e-04 1.10048e+00 2.39689e-06 9.65048e+01
3290 4.15491588e+02 3.66479e-04 1.10414e+00 1.71245e-06 9.66246e+01
3300 4.16545951e+02 3.88320e-04 1.10790e+00 2.18418e-06 9.13099e+01
3310 4.17612968e+02 4.09826e-04 1.11187e+00 2.35791e-06 8.66221e+01
3320 4.18679629e+02 4.12370e-04 1.11597e+00 2.46267e-06 8.58474e+01
3330 4.19733962e+02 4.23839e-04 1.12019e+00 2.60658e-06 8.40487e+01
3340 4.20788505e+02 4.18602e-04 1.12441e+00 2.39671e-06 8.45911e+01
3350 4.21845172e+02 4.14210e-04 1.12860e+00 2.51849e-06 8.63213e+01
3360 4.22901374e+02 3.94102e-04 1.13264e+00 2.35421e-06 9.03808e+01
3370 4.23963254e+02 3.95915e-04 1.13657e+00 2.39333e-06 8.94770e+01
3380 4.25020034e+02 4.18834e-04 1.14061e+00 2.86860e-06 8.41764e+01
3390 4.26073532e+02 4.13686e-04 1.14483e+00 2.96570e-06 8.59489e+01
3400 4.27130059e+02 4.09270e-04 1.14893e+00 2.99450e-06 8.65431e+01
3410 4.28189504e+02 4.22715e-04 1.15307e+00 3.44142e-06 8.39255e+01
3420 4.29244103e+02 4.10425e-04 1.15723e+00 3.50257e-06 8.65000e+01
3430 4.30297786e+02 4.17704e-04 1.16139e+00 3.79336e-06 8.57025e+01
3440 4.31360305e+02 4.08818e-04 1.16549e+00 3.07497e-06 8.64911e+01
3450 4.32484065e+02 4.33842e-04 1.16971e+00 3.35723e-06 8.16651e+01
3460 4.33542897e+02 4.25277e-04 1.17408e+00 3.51563e-06 8.44948e+01
3470 4.34600106e+02 3.93848e-04 1.17817e+00 2.52319e-06 9.06092e+01
3480 4.35657639e+02 3.76025e-04 1.18203e+00 2.17434e-06 9.48568e+01
3490 4.36761277e+02 3.71864e-04 1.18576e+00 2.12256e-06 9.53365e+01
3500 4.37815709e+02 3.93969e-04 1.18955e+00 2.84197e-06 8.92010e+01
3510 4.38874888e+02 3.99449e-04 1.19352e+00 3.25853e-06 8.86851e+01
3520 4.39934669e+02 4.04617e-04 1.19755e+00 3.43870e-06 8.74187e+01
3530 4.40991895e+02 4.31039e-04 1.20170e+00 3.83470e-06 8.28311e+01
3540 4.42047954e+02 4.29778e-04 1.20598e+00 3.56721e-06 8.27671e+01
3550 4.43108772e+02 4.33787e-04 1.21029e+00 3.34141e-06 8.17063e+01
3560 4.44174178e+02 4.16762e-04 1.21457e+00 2.69747e-06 8.53823e+01
3570 4.45249616e+02 4.26812e-04 1.21876e+00 3.28222e-06 8.30713e+01
3580 4.46303845e+02 4.29109e-04 1.22307e+00 3.08848e-06 8.34455e+01
3590 4.47359185e+02 4.10635e-04 1.22725e+00 3.66769e-06 8.64820e+01
3600 4.48416760e+02 4.10631e-04 1.23139e+00 3.60360e-06 8.69840e+01
3610 4.49473080e+02 4.06740e-04 1.23544e+00 3.89547e-06 8.69270e+01
3620 4.50535406e+02 4.20616e-04 1.23957e+00 3.80524e-06 8.48832e+01
3630 4.51592772e+02 4.13050e-04 1.24371e+00 3.17277e-06 8.57316e+01
3640 4.52646533e+02 3.99092e-04 1.24779e+00 2.95173e-06 8.91698e+01
3650 4.53703593e+02 3.98502e-04 1.25180e+00 3.29619e-06 9.01139e+01
3660 4.54782851e+02 3.74849e-04 1.25564e+00 2.57261e-06 9.49209e+01
3670 4.55838825e+02 3.87008e-04 1.25942e+00 3.24703e-06 9.10694e+01
3680 4.56895565e+02 3.90458e-04 1.26334e+00 2.63610e-06 9.09200e+01
3690 4.57965816e+02 4.09712e-04 1.26731e+00 2.95945e-06 8.68375e+01
3700 4.59034916e+02 4.13746e-04 1.27141e+00 2.78835e-06 8.56527e+01
3710 4.60091505e+02 4.14615e-04 1.27552e+00 3.04136e-06 8.49140e+01
3720 4.61148359e+02 4.23570e-04 1.27972e+00 3.26951e-06 8.48996e+01
3730 4.62203946e+02 4.04996e-04 1.28381e+00 3.11026e-06 8.71281e+01
3740 4.63266762e+02 4.16284e-04 1.28794e+00 3.23428e-06 8.51705e+01
3750 4.64327898e+02 4.06618e-04 1.29208e+00 2.97335e-06 8.70692e+01
3760 4.65383997e+02 4.07448e-04 1.29620e+00 2.99564e-06 8.76520e+01
3770 4.66438260e+02 4.11619e-04 1.30025e+00 3.38031e-06 8.56293e+01
3780 4.67496638e+02 4.24780e-04 1.30450e+00 2.91072e-06 8.49344e+01
3790 4.68554077e+02 3.93315e-04 1.30855e+00 2.46382e-06 9.03314e+01
3800 4.69611953e+02 4.04181e-04 1.31255e+00 2.91511e-06 8.80701e+01
3810 4.70668946e+02 3.99474e-04 1.31658e+00 3.19447e-06 8.94217e+01
3820 4.71734902e+02 4.04051e-04 1.32055e+00 3.66107e-06 8.71322e+01
3830 4.72802883e+02 4.23688e-04 1.32472e+00 3.44786e-06 8.44761e+01
3840 4.74185174e+02 4.17902e-04 1.32889e+00 3.70269e-06 8.45695e+01
3850 4.75246208e+02 4.00692e-04 1.33301e+00 2.99749e-06 8.89858e+01
3860 4.76303683e+02 3.97861e-04 1.33698e+00 3.19079e-06 8.91138e+01
3870 4.77476487e+02 4.06404e-04 1.34102e+00 3.19800e-06 8.74633e+01
3880 4.78551383e+02 4.20717e-04 1.34511e+00 4.06304e-06 8.30944e+01
3890 4.79608223e+02 4.34414e-04 1.34939e+00 3.69593e-06 8.12567e+01
3900 4.80671368e+02 4.37504e-04 1.35379e+00 3.71790e-06 8.14292e+01
3910 4.81847901e+02 4.26822e-04 1.35811e+00 3.61606e-06 8.40633e+01
3920 4.82912202e+02 4.01830e-04 1.36224e+00 3.21489e-06 8.86361e+01
3930 4.83985782e+02 4.06194e-04 1.36625e+00 3.45135e-06 8.70826e+01
3940 4.85055841e+02 4.00754e-04 1.37028e+00 2.96547e-06 8.84900e+01
3950 4.86126245e+02 4.26070e-04 1.37437e+00 3.64644e-06 8.42351e+01
3960 4.87187005e+02 4.11913e-04 1.37852e+00 2.93315e-06 8.59389e+01
3970 4.88247659e+02 4.24160e-04 1.38273e+00 3.27054e-06 8.41730e+01
3980 4.89307811e+02 4.06238e-04 1.38688e+00 3.34486e-06 8.77019e+01
3990 4.90364099e+02 4.16122e-04 1.39096e+00 3.27102e-06 8.58697e+01
4000 4.91419001e+02 4.07484e-04 1.39506e+00 3.27427e-06 8.70562e+01
4010 4.92475594e+02 4.12707e-04 1.39919e+00 4.19810e-06 8.64764e+01
4020 4.93536659e+02 4.07668e-04 1.40328e+00 4.00399e-06 8.70025e+01
4030 4.94594585e+02 4.27896e-04 1.40742e+00 4.80411e-06 8.24040e+01
4040 4.95652868e+02 4.35466e-04 1.41179e+00 4.76633e-06 8.18957e+01
4050 4.96835396e+02 4.33663e-04 1.41611e+00 3.98289e-06 8.23387e+01
4060 4.98139734e+02 4.23793e-04 1.42037e+00 3.41895e-06 8.33737e+01
4070 4.99744709e+02 4.46019e-04 1.42470e+00 3.73067e-06 7.89946e+01
4080 5.00921921e+02 4.34902e-04 1.42913e+00 3.84379e-06 8.16410e+01
4090 5.03224527e+02 4.40782e-04 1.43350e+00 3.84632e-06 8.04789e+01
4100 5.05155444e+02 4.32638e-04 1.43789e+00 3.72773e-06 8.22101e+01
4110 5.06688187e+02 4.42107e-04 1.44224e+00 3.49331e-06 8.10496e+01
4120 5.08402557e+02 4.28465e-04 1.44655e+00 3.18605e-06 8.25796e+01
4130 5.09725720e+02 4.41769e-04 1.45095e+00 4.74447e-06 8.09035e+01
4140 5.11906930e+02 4.47574e-04 1.45534e+00 3.28620e-06 7.95082e+01
4150 5.13996424e+02 4.40269e-04 1.45980e+00 3.38891e-06 8.13654e+01
4160 5.15879804e+02 4.16886e-04 1.46405e+00 2.47638e-06 8.49525e+01
4170 5.17995725e+02 4.29425e-04 1.46831e+00 3.25325e-06 8.27519e+01
4180 5.20328013e+02 4.24801e-04 1.47258e+00 3.35850e-06 8.42042e+01
4190 5.21938341e+02 4.17446e-04 1.47676e+00 3.29913e-06 8.47692e+01
4200 5.23680247e+02 4.41403e-04 1.48106e+00 3.90133e-06 8.08956e+01
4210 5.25291357e+02 4.28410e-04 1.48541e+00 4.12556e-06 8.30876e+01
4220 5.26996133e+02 4.20771e-04 1.48963e+00 2.82315e-06 8.38941e+01
4230 5.29579147e+02 4.37593e-04 1.49394e+00 2.99326e-06 8.11108e+01
4240 5.32208192e+02 4.38227e-04 1.49833e+00 2.68171e-06 8.13349e+01
4250 5.33710575e+02 4.43186e-04 1.50272e+00 2.17535e-06 8.02776e+01
4260 5.34931651e+02 4.42822e-04 1.50715e+00 2.18449e-06 8.04118e+01
4270 5.36145025e+02 4.37668e-04 1.51157e+00 2.15957e-06 8.12616e+01
4280 5.38097883e+02 4.20481e-04 1.51589e+00 2.34793e-06 8.47872e+01
4290 5.42708788e+02 4.28921e-04 1.52010e+00 2.30498e-06 8.21496e+01
4300 5.44769821e+02 4.24773e-04 1.52443e+00 3.19547e-06 8.47158e+01
4310 5.46140527e+02 3.96620e-04 1.52851e+00 2.76846e-06 8.96555e+01
4320 5.47568349e+02 4.12841e-04 1.53252e+00 3.24347e-06 8.57720e+01
4330 5.49004979e+02 4.41817e-04 1.53675e+00 4.08498e-06 7.96927e+01
4340 5.50086806e+02 4.29465e-04 1.54112e+00 3.65974e-06 8.26862e+01
4350 5.51557185e+02 4.06576e-04 1.54530e+00 3.37376e-06 8.75686e+01
4360 5.54198007e+02 4.03512e-04 1.54937e+00 3.00102e-06 8.82738e+01
4370 5.55656186e+02 4.12630e-04 1.55341e+00 4.20332e-06 8.53487e+01
4380 5.56756475e+02 4.44688e-04 1.55775e+00 2.32399e-06 8.08264e+01
4390 5.57826472e+02 4.18730e-04 1.56203e+00 2.95557e-06 8.48810e+01
4400 5.58927654e+02 4.11052e-04 1.56618e+00 3.38218e-06 8.63450e+01
4410 5.59995872e+02 4.24899e-04 1.57035e+00 3.49916e-06 8.35943e+01
4420 5.61048536e+02 4.35458e-04 1.57467e+00 2.79840e-06 8.19204e+01
4430 5.62177684e+02 4.28712e-04 1.57900e+00 2.92452e-06 8.29865e+01
4440 5.63282987e+02 4.15883e-04 1.58324e+00 3.00056e-06 8.53747e+01
4450 5.64376428e+02 4.11106e-04 1.58737e+00 3.35389e-06 8.63235e+01
4460 5.65497739e+02 4.26357e-04 1.59154e+00 4.62519e-06 8.28420e+01
4470 5.66561463e+02 4.32813e-04 1.59587e+00 3.40350e-06 8.21555e+01
4480 5.67604998e+02 4.24212e-04 1.60014e+00 3.77629e-06 8.33995e+01
4490 5.68673277e+02 4.16949e-04 1.60438e+00 2.35178e-06 8.53117e+01
4500 5.69745044e+02 4.18367e-04 1.60855e+00 2.04183e-06 8.50473e+01
4510 5.70808258e+02 4.38698e-04 1.61277e+00 5.82267e-06 8.07207e+01
4520 5.71886686e+02 4.16339e-04 1.61709e+00 3.57171e-06 8.61498e+01
4530 5.72960658e+02 4.04218e-04 1.62116e+00 3.51930e-06 8.75942e+01
4540 5.74102638e+02 4.14412e-04 1.62528e+00 2.35269e-06 8.55487e+01
4550 5.75160164e+02 4.25639e-04 1.62951e+00 3.10011e-06 8.37721e+01
4560 5.76201598e+02 4.27932e-04 1.63374e+00 4.10340e-06 8.26408e+01
4570 5.77246900e+02 4.15814e-04 1.63802e+00 3.26209e-06 8.56279e+01
4580 5.78295452e+02 4.20086e-04 1.64219e+00 3.67663e-06 8.43369e+01
4590 5.79371049e+02 4.26507e-04 1.64643e+00 3.59377e-06 8.32083e+01
4600 5.80414290e+02 4.35245e-04 1.65074e+00 3.46896e-06 8.10783e+01
4610 5.81458427e+02 4.42981e-04 1.65519e+00 4.71126e-06 8.08543e+01
4620 5.82503190e+02 4.29526e-04 1.65952e+00 2.35665e-06 8.25746e+01
4630 5.83555822e+02 4.21408e-04 1.66384e+00 6.11467e-06 8.48079e+01
4640 5.84598114e+02 4.11764e-04 1.66798e+00 2.43354e-06 8.59163e+01
4650 5.85636942e+02 4.31385e-04 1.67216e+00 2.09332e-06 8.31673e+01
4660 5.86675491e+02 4.14838e-04 1.67635e+00 2.23296e-06 8.53716e+01
4670 5.87718329e+02 4.32744e-04 1.68061e+00 4.06069e-06 8.19879e+01
4680 5.88757488e+02 4.34305e-04 1.68495e+00 2.54148e-06 8.21372e+01
4690 5.89791710e+02 4.10501e-04 1.68917e+00 2.66644e-06 8.65145e+01
4700 5.90827030e+02 4.13993e-04 1.69330e+00 4.27205e-06 8.62393e+01
4710 5.91861588e+02 4.09379e-04 1.69740e+00 1.93888e-06 8.65624e+01
4720 5.92916463e+02 4.17843e-04 1.70151e+00 1.67588e-06 8.38438e+01
4730 5.93983888e+02 4.37179e-04 1.70582e+00 4.50547e-06 8.11954e+01
4740 5.95017929e+02 4.39861e-04 1.71022e+00 4.48916e-06 8.08579e+01
4750 5.96052418e+02 4.31321e-04 1.71458e+00 2.70037e-06 8.18021e+01
4760 5.97086331e+02 4.16792e-04 1.71887e+00 4.11506e-06 8.58159e+01
4770 5.98120917e+02 4.14538e-04 1.72299e+00 1.61917e-06 8.51371e+01
4780 5.99282068e+02 4.39482e-04 1.72730e+00 4.81542e-06 8.10196e+01
4790 6.00326425e+02 4.42905e-04 1.73170e+00 3.40997e-06 8.06261e+01
4800 6.01361137e+02 4.20750e-04 1.73605e+00 5.03395e-06 8.50324e+01
4810 6.02400668e+02 4.15216e-04 1.74019e+00 2.39222e-06 8.56235e+01
4820 6.03437190e+02 4.16051e-04 1.74431e+00 2.03342e-06 8.45676e+01
4830 6.04472537e+02 4.01577e-04 1.74846e+00 2.19188e-06 8.85322e+01
4840 6.05508804e+02 4.09920e-04 1.75251e+00 2.38724e-06 8.65799e+01
4850 6.06561185e+02 4.18930e-04 1.75663e+00 2.31652e-06 8.44611e+01
4860 6.07597951e+02 4.13992e-04 1.76079e+00 2.33109e-06 8.56455e+01
4870 6.08631187e+02 4.25488e-04 1.76495e+00 2.52819e-06 8.27594e+01
4880 6.09669347e+02 4.23764e-04 1.76922e+00 2.15109e-06 8.44125e+01
4890 6.10707325e+02 4.15489e-04 1.77339e+00 2.04521e-06 8.52921e+01
4900 6.11742925e+02 4.17820e-04 1.77754e+00 2.05216e-06 8.44372e+01
4910 6.12783992e+02 4.18035e-04 1.78175e+00 1.66007e-06 8.48950e+01
4920 6.13817039e+02 4.24570e-04 1.78599e+00 1.51186e-06 8.37839e+01
4930 6.14855722e+02 4.01318e-04 1.79012e+00 1.38801e-06 8.85540e+01
4940 6.15931455e+02 4.10605e-04 1.79417e+00 1.52815e-06 8.62209e+01
4950 6.16979330e+02 4.38572e-04 1.79840e+00 1.70562e-06 8.19285e+01
