init_omega completed.
init_props completed.
randomize_u completed
init_profile_ux completed.
#  ite wclock  ts time  resSolver  max(ux) 
0 1.48731028e-01 3.77154e-04 0.00000e+00 2.85154e-03 9.43558e+01
10 1.15907160e+00 3.69654e-04 3.73995e-03 4.27533e-06 9.63263e+01
20 2.17544955e+00 3.67380e-04 7.41941e-03 3.78574e-06 9.67074e+01
30 3.19719473e+00 3.68119e-04 1.10995e-02 3.62500e-06 9.65276e+01
40 4.23354294e+00 3.69527e-04 1.47908e-02 3.65196e-06 9.61709e+01
50 5.26266782e+00 3.68104e-04 1.84891e-02 3.83647e-06 9.67554e+01
60 6.28789398e+00 3.64818e-04 2.21489e-02 3.83882e-06 9.74201e+01
70 7.31276192e+00 3.65630e-04 2.57950e-02 4.09320e-06 9.70775e+01
80 8.32945693e+00 3.69531e-04 2.94808e-02 4.54264e-06 9.63714e+01
90 9.34217354e+00 3.67741e-04 3.31595e-02 4.76186e-06 9.67110e+01
100 1.03535736e+01 3.67718e-04 3.68315e-02 5.11073e-06 9.65797e+01
110 1.13627350e+01 3.67722e-04 4.05067e-02 5.47730e-06 9.65973e+01
120 1.23788842e+01 3.72626e-04 4.42069e-02 5.97685e-06 9.54999e+01
130 1.34003039e+01 3.67540e-04 4.79132e-02 6.15043e-06 9.68441e+01
140 1.44196851e+01 3.65810e-04 5.15758e-02 6.49326e-06 9.71422e+01
150 1.54592049e+01 3.69752e-04 5.52475e-02 7.07909e-06 9.59778e+01
160 1.64857609e+01 3.73889e-04 5.89697e-02 7.46946e-06 9.51252e+01
170 1.75058305e+01 3.72815e-04 6.27058e-02 7.65350e-06 9.54391e+01
180 1.85365889e+01 3.70752e-04 6.64218e-02 7.94168e-06 9.58669e+01
190 1.95628805e+01 3.74145e-04 7.01400e-02 8.53381e-06 9.49862e+01
200 2.06070426e+01 3.75166e-04 7.38892e-02 8.84637e-06 9.47495e+01
210 2.16349685e+01 3.77435e-04 7.76479e-02 9.54528e-06 9.41877e+01
220 2.26632659e+01 3.74568e-04 8.14086e-02 9.82815e-06 9.49281e+01
230 2.36833664e+01 3.75046e-04 8.51524e-02 1.04868e-05 9.48531e+01
240 2.47026487e+01 3.74026e-04 8.88965e-02 1.09071e-05 9.50728e+01
250 2.57154451e+01 3.75021e-04 9.26375e-02 1.15591e-05 9.47074e+01
260 2.67743410e+01 3.76672e-04 9.63991e-02 1.20801e-05 9.43471e+01
270 2.77947772e+01 3.75329e-04 1.00166e-01 1.23112e-05 9.47615e+01
280 2.89714250e+01 3.75458e-04 1.03916e-01 1.27341e-05 9.46141e+01
290 3.00001196e+01 3.76166e-04 1.07678e-01 1.30368e-05 9.45050e+01
300 3.10188859e+01 3.76072e-04 1.11441e-01 1.33140e-05 9.45222e+01
310 3.20296057e+01 3.77280e-04 1.15205e-01 1.37342e-05 9.41502e+01
320 3.30635895e+01 3.76331e-04 1.18980e-01 1.39249e-05 9.45088e+01
330 3.40862737e+01 3.73881e-04 1.22736e-01 1.41140e-05 9.51693e+01
340 3.51063949e+01 3.72204e-04 1.26464e-01 1.44882e-05 9.55010e+01
350 3.61218777e+01 3.74495e-04 1.30193e-01 1.52122e-05 9.48150e+01
360 3.71330343e+01 3.79377e-04 1.33961e-01 1.61392e-05 9.36966e+01
370 3.81640517e+01 3.79946e-04 1.37759e-01 1.67758e-05 9.35880e+01
380 3.92170733e+01 3.80943e-04 1.41560e-01 1.74956e-05 9.33094e+01
390 4.02623853e+01 3.79182e-04 1.45360e-01 1.78860e-05 9.37533e+01
400 4.13032205e+01 3.80773e-04 1.49157e-01 1.86437e-05 9.33203e+01
410 4.23404332e+01 3.80773e-04 1.52967e-01 1.92540e-05 9.33743e+01
420 4.33770700e+01 3.79319e-04 1.56769e-01 1.97343e-05 9.37459e+01
430 4.44410919e+01 3.79583e-04 1.60561e-01 2.04083e-05 9.36138e+01
440 4.54925513e+01 3.79413e-04 1.64356e-01 2.10224e-05 9.36890e+01
450 4.65283186e+01 3.80336e-04 1.68152e-01 2.17300e-05 9.34115e+01
460 4.75601690e+01 3.81966e-04 1.71966e-01 2.23852e-05 9.30584e+01
470 4.85955447e+01 3.81477e-04 1.75785e-01 2.26817e-05 9.31954e+01
480 4.96306547e+01 3.82056e-04 1.79602e-01 2.30541e-05 9.30560e+01
490 5.06606238e+01 3.81847e-04 1.83422e-01 2.32432e-05 9.31554e+01
500 5.16932584e+01 3.79276e-04 1.87228e-01 2.29999e-05 9.37652e+01
510 5.27286336e+01 3.79292e-04 1.91018e-01 2.30338e-05 9.36888e+01
520 5.37729657e+01 3.80987e-04 1.94821e-01 2.32526e-05 9.33432e+01
530 5.48096311e+01 3.80179e-04 1.98628e-01 2.33238e-05 9.35150e+01
540 5.58467427e+01 3.80189e-04 2.02428e-01 2.36626e-05 9.34747e+01
550 5.68808211e+01 3.81807e-04 2.06236e-01 2.43771e-05 9.30349e+01
560 5.79109150e+01 3.82450e-04 2.10056e-01 2.49661e-05 9.29027e+01
570 5.89398157e+01 3.82393e-04 2.13884e-01 2.53669e-05 9.29987e+01
580 5.99725565e+01 3.81860e-04 2.17704e-01 2.57888e-05 9.30922e+01
590 6.10052732e+01 3.81050e-04 2.21521e-01 2.61906e-05 9.33131e+01
600 6.20372258e+01 3.81121e-04 2.25330e-01 2.68065e-05 9.32569e+01
610 6.30712118e+01 3.81153e-04 2.29144e-01 2.71743e-05 9.32875e+01
620 6.41052408e+01 3.80975e-04 2.32954e-01 2.76153e-05 9.33010e+01
630 6.51412834e+01 3.81627e-04 2.36767e-01 2.81594e-05 9.31355e+01
640 6.61697594e+01 3.83050e-04 2.40588e-01 2.89042e-05 9.27550e+01
650 6.72011203e+01 3.84063e-04 2.44423e-01 2.94866e-05 9.26060e+01
660 6.82665065e+01 3.84036e-04 2.48261e-01 3.00329e-05 9.25265e+01
670 6.92977374e+01 3.84274e-04 2.52105e-01 3.03862e-05 9.25602e+01
680 7.03299699e+01 3.82622e-04 2.55940e-01 3.06210e-05 9.29371e+01
690 7.13678183e+01 3.82187e-04 2.59763e-01 3.09974e-05 9.30110e+01
700 7.24007802e+01 3.83154e-04 2.63588e-01 3.16904e-05 9.28185e+01
710 7.34353043e+01 3.82457e-04 2.67415e-01 3.20793e-05 9.29463e+01
720 7.44672946e+01 3.82772e-04 2.71242e-01 3.28873e-05 9.28706e+01
730 7.55017123e+01 3.83677e-04 2.75072e-01 3.41450e-05 9.26107e+01
740 7.65355812e+01 3.85509e-04 2.78918e-01 3.55488e-05 9.23110e+01
750 7.75662242e+01 3.81891e-04 2.82755e-01 3.58850e-05 9.31343e+01
760 7.86217535e+01 3.81878e-04 2.86571e-01 3.73377e-05 9.30470e+01
770 7.96560421e+01 3.82427e-04 2.90395e-01 3.86360e-05 9.29599e+01
780 8.06851200e+01 3.82690e-04 2.94221e-01 3.97109e-05 9.29104e+01
790 8.17324818e+01 3.82383e-04 2.98045e-01 4.05506e-05 9.29514e+01
800 8.27679311e+01 3.83428e-04 3.01872e-01 4.14332e-05 9.26705e+01
810 8.38048037e+01 3.84550e-04 3.05714e-01 4.21678e-05 9.24714e+01
820 8.48324182e+01 3.83966e-04 3.09556e-01 4.27160e-05 9.25860e+01
830 8.58681219e+01 3.73616e-04 3.13389e-01 4.11730e-05 9.59996e+01
840 8.69007621e+01 3.49806e-04 3.16985e-01 3.65757e-05 1.01234e+02
850 8.79340223e+01 3.54824e-04 3.20517e-01 3.84032e-05 1.00319e+02
860 8.89636294e+01 3.43849e-04 3.24070e-01 4.09107e-05 1.04402e+02
870 8.99969177e+01 3.22473e-04 3.27375e-01 3.37085e-05 1.09604e+02
880 9.10303054e+01 3.40946e-04 3.30651e-01 4.36784e-05 1.02094e+02
890 9.20630787e+01 3.46576e-04 3.34145e-01 4.06998e-05 1.02630e+02
900 9.30913094e+01 3.52333e-04 3.37616e-01 4.66410e-05 1.00089e+02
910 9.41246886e+01 3.58626e-04 3.41213e-01 4.66816e-05 9.93507e+01
920 9.51691949e+01 3.50223e-04 3.44782e-01 4.77992e-05 1.02434e+02
930 9.62071168e+01 3.28416e-04 3.48164e-01 4.22321e-05 1.08384e+02
940 9.72401565e+01 3.32522e-04 3.51445e-01 4.86436e-05 1.06211e+02
950 9.82797539e+01 3.49222e-04 3.54851e-01 5.78273e-05 1.00977e+02
960 9.93108700e+01 3.57565e-04 3.58366e-01 6.30343e-05 9.84971e+01
970 1.00340643e+02 3.63116e-04 3.62015e-01 6.37737e-05 9.79470e+01
980 1.01411116e+02 3.51726e-04 3.65585e-01 6.21730e-05 1.01054e+02
990 1.02444349e+02 3.43127e-04 3.69081e-01 6.03760e-05 1.04378e+02
1000 1.03475890e+02 3.23541e-04 3.72398e-01 5.52275e-05 1.09566e+02
1010 1.04504113e+02 3.26878e-04 3.75654e-01 5.65093e-05 1.09435e+02
1020 1.05556805e+02 3.16633e-04 3.78854e-01 5.44723e-05 1.11963e+02
1030 1.06615488e+02 3.31846e-04 3.82068e-01 6.52443e-05 1.06695e+02
1040 1.07645106e+02 3.28699e-04 3.85391e-01 6.40573e-05 1.08302e+02
1050 1.08686771e+02 3.32600e-04 3.88677e-01 7.14354e-05 1.06215e+02
1060 1.09760988e+02 3.25176e-04 3.92034e-01 6.71830e-05 1.10136e+02
1070 1.10944066e+02 3.13133e-04 3.95210e-01 6.52503e-05 1.13424e+02
1080 1.12389056e+02 3.21088e-04 3.98374e-01 6.94601e-05 1.10261e+02
1090 1.13636552e+02 3.18546e-04 4.01621e-01 6.93649e-05 1.12051e+02
1100 1.15588931e+02 3.18295e-04 4.04779e-01 7.19032e-05 1.11076e+02
1110 1.16958499e+02 3.20524e-04 4.08016e-01 7.60207e-05 1.10900e+02
1120 1.18432542e+02 3.25647e-04 4.11231e-01 8.27501e-05 1.08918e+02
1130 1.20587418e+02 3.26019e-04 4.14488e-01 8.56559e-05 1.09633e+02
1140 1.22211295e+02 3.14886e-04 4.17691e-01 8.39227e-05 1.13993e+02
1150 1.24221415e+02 2.81285e-04 4.20665e-01 6.71663e-05 1.26955e+02
1160 1.26636537e+02 2.77296e-04 4.23438e-01 6.62342e-05 1.27575e+02
1170 1.34356337e+02 3.02404e-04 4.26296e-01 8.52019e-05 1.15764e+02
1180 1.36750656e+02 3.16384e-04 4.29442e-01 8.21014e-05 1.12515e+02
1190 1.37942128e+02 3.14147e-04 4.32607e-01 8.19835e-05 1.13289e+02
1200 1.39012587e+02 3.01776e-04 4.35714e-01 7.54468e-05 1.18094e+02
1210 1.41066722e+02 3.09500e-04 4.38724e-01 8.97928e-05 1.13198e+02
1220 1.42238058e+02 3.03604e-04 4.41871e-01 7.94468e-05 1.17363e+02
1230 1.43426427e+02 2.96270e-04 4.44843e-01 8.17213e-05 1.19460e+02
1240 1.44579402e+02 3.02353e-04 4.47816e-01 8.84612e-05 1.16527e+02
1250 1.46454199e+02 3.15668e-04 4.50913e-01 9.63177e-05 1.11141e+02
1260 1.49280796e+02 3.06309e-04 4.54041e-01 8.51485e-05 1.16375e+02
1270 1.50854824e+02 2.94755e-04 4.57027e-01 7.76811e-05 1.20151e+02
1280 1.53189222e+02 2.88214e-04 4.59956e-01 7.19286e-05 1.22699e+02
1290 1.54540525e+02 2.70733e-04 4.62767e-01 6.29188e-05 1.31436e+02
1300 1.57526842e+02 2.79704e-04 4.65484e-01 6.99266e-05 1.25348e+02
1310 1.58769684e+02 2.92159e-04 4.68388e-01 7.41462e-05 1.21087e+02
1320 1.60048958e+02 2.81413e-04 4.71268e-01 7.05396e-05 1.25839e+02
1330 1.62116054e+02 2.77902e-04 4.74046e-01 6.78022e-05 1.26575e+02
1340 1.63439420e+02 2.99007e-04 4.76917e-01 7.76968e-05 1.18596e+02
1350 1.64595574e+02 2.92198e-04 4.79890e-01 7.85580e-05 1.21808e+02
1360 1.65697488e+02 3.03184e-04 4.82837e-01 7.71423e-05 1.16336e+02
1370 1.67136729e+02 2.95754e-04 4.85885e-01 8.87802e-05 1.20630e+02
1380 1.68623528e+02 2.94925e-04 4.88810e-01 7.31683e-05 1.19490e+02
1390 1.70005869e+02 2.78816e-04 4.91718e-01 7.33481e-05 1.27608e+02
1400 1.71141643e+02 2.82839e-04 4.94494e-01 6.18594e-05 1.23383e+02
1410 1.72274175e+02 2.77265e-04 4.97315e-01 6.60706e-05 1.28524e+02
1420 1.73408535e+02 2.84337e-04 5.00088e-01 5.77981e-05 1.23632e+02
1430 1.74614137e+02 2.91267e-04 5.02992e-01 6.11655e-05 1.21509e+02
1440 1.76007825e+02 2.98676e-04 5.05968e-01 6.73744e-05 1.19598e+02
1450 1.77267975e+02 2.96238e-04 5.08927e-01 6.19003e-05 1.19485e+02
1460 1.78386216e+02 2.80517e-04 5.11852e-01 5.93954e-05 1.27153e+02
1470 1.79427984e+02 2.86268e-04 5.14649e-01 5.54834e-05 1.22848e+02
1480 1.80619080e+02 2.72879e-04 5.17535e-01 6.00429e-05 1.32162e+02
1490 1.81685556e+02 2.47169e-04 5.20120e-01 4.15922e-05 1.44112e+02
1500 1.82889551e+02 2.51230e-04 5.22587e-01 3.79693e-05 1.40057e+02
1510 1.84464283e+02 2.76942e-04 5.25231e-01 5.03716e-05 1.28702e+02
1520 1.86347906e+02 2.85826e-04 5.27996e-01 4.70499e-05 1.22889e+02
1530 1.87949887e+02 2.80066e-04 5.30860e-01 4.65888e-05 1.26672e+02
1540 1.89148732e+02 2.90935e-04 5.33678e-01 4.64204e-05 1.19495e+02
1550 1.90221277e+02 2.91728e-04 5.36616e-01 4.49708e-05 1.22899e+02
1560 1.91263457e+02 2.77842e-04 5.39440e-01 3.95180e-05 1.27200e+02
1570 1.92306198e+02 2.96719e-04 5.42294e-01 4.34714e-05 1.20333e+02
1580 1.93346675e+02 2.92738e-04 5.45239e-01 4.08672e-05 1.22514e+02
1590 1.94386614e+02 2.79047e-04 5.48070e-01 3.66892e-05 1.26588e+02
1600 1.95417569e+02 2.92356e-04 5.50909e-01 4.03226e-05 1.19820e+02
1610 1.96451189e+02 2.98190e-04 5.53935e-01 4.04636e-05 1.20474e+02
1620 1.97489055e+02 2.82206e-04 5.56811e-01 3.44981e-05 1.25439e+02
1630 1.98548790e+02 2.92654e-04 5.59702e-01 3.74009e-05 1.22056e+02
1640 1.99581569e+02 2.85768e-04 5.62571e-01 3.47340e-05 1.23661e+02
1650 2.00660430e+02 2.99015e-04 5.65506e-01 3.79670e-05 1.18762e+02
1660 2.01697304e+02 3.01223e-04 5.68522e-01 3.96793e-05 1.17778e+02
1670 2.02731619e+02 2.94494e-04 5.71515e-01 3.88531e-05 1.20694e+02
1680 2.03789059e+02 3.00001e-04 5.74462e-01 4.04515e-05 1.17695e+02
1690 2.04826690e+02 2.95631e-04 5.77435e-01 3.85553e-05 1.19905e+02
1700 2.05861266e+02 3.11400e-04 5.80455e-01 3.86838e-05 1.14058e+02
1710 2.06890591e+02 3.11598e-04 5.83597e-01 3.78244e-05 1.14614e+02
1720 2.07944680e+02 3.01498e-04 5.86666e-01 3.41896e-05 1.18117e+02
1730 2.08970050e+02 2.83981e-04 5.89611e-01 3.01287e-05 1.25164e+02
1740 2.09992716e+02 2.84084e-04 5.92430e-01 2.80697e-05 1.23934e+02
1750 2.11024639e+02 2.98795e-04 5.95360e-01 3.39082e-05 1.18140e+02
1760 2.12060817e+02 3.09634e-04 5.98372e-01 3.36301e-05 1.12185e+02
1770 2.13074475e+02 3.08650e-04 6.01476e-01 3.41564e-05 1.14860e+02
1780 2.14085383e+02 3.00996e-04 6.04513e-01 3.15923e-05 1.17358e+02
1790 2.15120501e+02 3.25871e-04 6.07605e-01 3.59599e-05 1.07183e+02
1800 2.16131989e+02 3.23745e-04 6.10926e-01 3.75721e-05 1.09646e+02
1810 2.17163791e+02 3.04611e-04 6.14089e-01 3.31443e-05 1.16785e+02
1820 2.18173112e+02 3.15799e-04 6.17146e-01 3.10824e-05 1.10685e+02
1830 2.19222528e+02 3.17658e-04 6.20382e-01 3.81143e-05 1.13380e+02
1840 2.20413562e+02 2.94030e-04 6.23412e-01 2.40998e-05 1.20541e+02
1850 2.21870463e+02 3.12439e-04 6.26401e-01 2.39204e-05 1.12361e+02
1860 2.22941882e+02 3.20288e-04 6.29602e-01 2.79031e-05 1.12163e+02
1870 2.24196241e+02 3.00211e-04 6.32683e-01 2.21955e-05 1.18205e+02
1880 2.25766270e+02 3.16045e-04 6.35726e-01 2.35701e-05 1.10822e+02
1890 2.26784767e+02 3.01326e-04 6.38900e-01 2.39246e-05 1.18754e+02
1900 2.27818805e+02 2.92537e-04 6.41844e-01 2.08409e-05 1.20768e+02
1910 2.28888662e+02 3.19843e-04 6.44861e-01 2.52790e-05 1.09083e+02
1920 2.29911761e+02 3.28326e-04 6.48145e-01 2.39387e-05 1.06334e+02
1930 2.30934179e+02 3.20815e-04 6.51425e-01 2.20240e-05 1.10849e+02
1940 2.31974937e+02 3.22828e-04 6.54645e-01 2.04143e-05 1.10052e+02
1950 2.33018924e+02 3.15391e-04 6.57876e-01 1.79349e-05 1.13038e+02
1960 2.34054930e+02 3.24732e-04 6.61034e-01 2.02381e-05 1.09361e+02
1970 2.35095215e+02 3.33793e-04 6.64294e-01 1.84822e-05 1.07298e+02
1980 2.36108696e+02 3.24944e-04 6.67559e-01 1.64822e-05 1.08775e+02
1990 2.37186416e+02 3.49635e-04 6.70906e-01 1.81355e-05 1.01015e+02
2000 2.38234799e+02 3.42384e-04 6.74378e-01 1.60991e-05 1.03853e+02
2010 2.39353307e+02 3.50583e-04 6.77826e-01 1.47897e-05 1.00786e+02
2020 2.40370810e+02 3.45461e-04 6.81347e-01 1.49117e-05 1.02221e+02
2030 2.41453438e+02 3.49252e-04 6.84789e-01 1.16987e-05 1.00446e+02
2040 2.42968860e+02 3.51231e-04 6.88301e-01 1.29162e-05 1.00782e+02
2050 2.44730511e+02 3.53360e-04 6.91868e-01 1.49408e-05 1.00742e+02
2060 2.46576525e+02 3.54237e-04 6.95378e-01 1.21796e-05 9.95374e+01
2070 2.47930123e+02 3.37026e-04 6.98883e-01 1.14355e-05 1.05903e+02
2080 2.49069293e+02 3.25086e-04 7.02181e-01 8.13174e-06 1.09146e+02
2090 2.50145630e+02 3.36681e-04 7.05463e-01 7.66026e-06 1.04607e+02
2100 2.51222564e+02 3.57455e-04 7.08958e-01 9.34810e-06 9.91243e+01
2110 2.52729042e+02 3.59963e-04 7.12561e-01 8.89238e-06 9.88788e+01
2120 2.54238054e+02 3.58239e-04 7.16153e-01 8.31832e-06 9.90173e+01
2130 2.55611193e+02 3.61611e-04 7.19747e-01 9.09928e-06 9.79099e+01
2140 2.56748305e+02 3.58067e-04 7.23392e-01 1.04931e-05 9.94856e+01
2150 2.57887886e+02 3.54685e-04 7.26973e-01 1.12606e-05 1.00143e+02
2160 2.58931376e+02 3.51220e-04 7.30524e-01 1.14613e-05 1.01245e+02
2170 2.59945561e+02 3.46458e-04 7.34024e-01 1.13191e-05 1.02484e+02
2180 2.60962466e+02 3.50000e-04 7.37485e-01 1.01399e-05 1.00890e+02
2190 2.61974916e+02 3.70972e-04 7.41091e-01 1.11227e-05 9.52351e+01
2200 2.63022872e+02 3.69947e-04 7.44812e-01 1.12386e-05 9.59991e+01
2210 2.64098798e+02 3.65063e-04 7.48493e-01 1.13321e-05 9.71670e+01
2220 2.65323772e+02 3.74826e-04 7.52180e-01 1.18164e-05 9.48804e+01
2230 2.66411538e+02 3.69885e-04 7.55877e-01 1.11261e-05 9.56011e+01
2240 2.67641114e+02 3.86908e-04 7.59609e-01 1.24055e-05 9.13579e+01
2250 2.68733159e+02 3.72873e-04 7.63471e-01 1.29740e-05 9.44440e+01
2260 2.69751273e+02 3.68318e-04 7.67147e-01 1.11453e-05 9.52566e+01
2270 2.70777906e+02 3.78812e-04 7.70874e-01 1.18823e-05 9.37247e+01
2280 2.71804629e+02 3.84704e-04 7.74677e-01 1.23852e-05 9.19526e+01
2290 2.72879729e+02 3.82533e-04 7.78505e-01 1.24865e-05 9.32876e+01
2300 2.73937947e+02 3.51757e-04 7.82175e-01 1.10942e-05 1.01393e+02
2310 2.75153298e+02 3.51694e-04 7.85666e-01 9.79059e-06 1.00474e+02
2320 2.76864665e+02 3.74215e-04 7.89295e-01 1.10207e-05 9.42824e+01
2330 2.77883632e+02 3.81730e-04 7.93091e-01 1.10173e-05 9.24459e+01
2340 2.78905290e+02 3.78929e-04 7.96916e-01 1.11778e-05 9.33111e+01
2350 2.79922420e+02 3.80834e-04 8.00743e-01 1.16792e-05 9.35981e+01
2360 2.80935322e+02 3.90992e-04 8.04561e-01 1.09595e-05 9.05502e+01
2370 2.81951390e+02 3.88190e-04 8.08450e-01 1.05969e-05 9.09967e+01
2380 2.82966240e+02 3.90464e-04 8.12403e-01 1.08717e-05 9.15194e+01
2390 2.83992169e+02 3.64244e-04 8.16181e-01 8.21024e-06 9.75455e+01
2400 2.85052213e+02 3.68566e-04 8.19813e-01 6.84613e-06 9.53007e+01
2410 2.86262454e+02 3.70323e-04 8.23541e-01 7.48065e-06 9.57679e+01
2420 2.87977856e+02 3.71807e-04 8.27267e-01 7.58274e-06 9.53337e+01
2430 2.88995429e+02 3.84629e-04 8.31008e-01 6.61676e-06 9.10591e+01
2440 2.90011072e+02 3.89276e-04 8.34944e-01 6.70158e-06 9.18924e+01
2450 2.91040134e+02 3.73330e-04 8.38745e-01 4.97980e-06 9.52013e+01
2460 2.92162918e+02 3.85328e-04 8.42506e-01 5.17786e-06 9.14645e+01
2470 2.93257975e+02 3.94718e-04 8.46389e-01 5.80352e-06 8.91559e+01
2480 2.94614517e+02 4.01878e-04 8.50380e-01 6.90321e-06 8.81941e+01
2490 2.96325714e+02 4.13245e-04 8.54439e-01 7.08788e-06 8.65512e+01
2500 2.97576130e+02 3.97483e-04 8.58466e-01 6.02901e-06 8.91855e+01
2510 2.98703293e+02 4.17426e-04 8.62546e-01 6.02410e-06 8.59242e+01
2520 2.99737063e+02 4.02751e-04 8.66612e-01 3.32107e-06 8.79039e+01
2530 3.00871138e+02 3.93411e-04 8.70631e-01 3.23965e-06 9.07132e+01
2540 3.01917136e+02 3.89283e-04 8.74533e-01 2.53316e-06 9.15033e+01
2550 3.02969515e+02 3.83437e-04 8.78375e-01 2.26472e-06 9.23380e+01
2560 3.04008972e+02 3.96130e-04 8.82275e-01 2.66967e-06 8.91266e+01
2570 3.05053397e+02 4.20038e-04 8.86327e-01 3.56526e-06 8.49860e+01
2580 3.06070885e+02 3.95174e-04 8.90370e-01 3.52903e-06 8.92130e+01
2590 3.07103371e+02 4.04072e-04 8.94401e-01 4.08216e-06 8.85982e+01
2600 3.08196771e+02 3.84568e-04 8.98323e-01 3.93626e-06 9.21567e+01
2610 3.09248296e+02 3.57442e-04 9.02041e-01 3.67800e-06 9.96494e+01
2620 3.10309435e+02 3.68174e-04 9.05627e-01 4.36741e-06 9.55812e+01
2630 3.11388932e+02 3.79002e-04 9.09428e-01 4.74423e-06 9.35933e+01
2640 3.12473116e+02 3.61029e-04 9.13200e-01 4.56177e-06 9.96512e+01
2650 3.13504331e+02 3.26760e-04 9.16625e-01 3.64098e-06 1.09032e+02
2660 3.14604786e+02 3.25018e-04 9.19860e-01 3.69999e-06 1.08648e+02
2670 3.15878707e+02 3.57599e-04 9.23222e-01 4.67575e-06 9.76519e+01
2680 3.20936792e+02 4.09377e-04 9.27064e-01 5.55841e-06 8.57962e+01
2690 3.23090255e+02 3.82854e-04 9.31061e-01 4.56325e-06 9.31808e+01
2700 3.24103796e+02 3.77741e-04 9.34841e-01 4.56233e-06 9.37909e+01
2710 3.25126413e+02 4.05165e-04 9.38711e-01 5.39836e-06 8.66550e+01
2720 3.26184941e+02 4.07052e-04 9.42781e-01 5.62842e-06 8.72179e+01
2730 3.27220429e+02 4.11514e-04 9.46872e-01 5.91832e-06 8.65018e+01
2740 3.28241408e+02 4.12469e-04 9.50986e-01 6.00462e-06 8.63345e+01
2750 3.29257219e+02 4.07133e-04 9.55081e-01 5.84101e-06 8.78810e+01
2760 3.30270053e+02 3.94447e-04 9.59070e-01 5.37112e-06 9.00041e+01
2770 3.31307786e+02 3.89691e-04 9.63028e-01 5.18560e-06 9.14906e+01
2780 3.32358169e+02 3.97391e-04 9.66923e-01 5.22531e-06 8.86672e+01
2790 3.33371297e+02 3.97375e-04 9.70964e-01 5.57420e-06 9.00066e+01
2800 3.34399005e+02 3.83664e-04 9.74855e-01 5.11605e-06 9.26494e+01
2810 3.35420398e+02 3.96626e-04 9.78726e-01 5.32646e-06 8.89589e+01
2820 3.36442305e+02 4.14821e-04 9.82832e-01 5.94572e-06 8.59283e+01
2830 3.37525464e+02 4.21131e-04 9.86976e-01 5.62783e-06 8.38537e+01
2840 3.38588841e+02 4.24344e-04 9.91258e-01 5.74597e-06 8.38986e+01
2850 3.39705993e+02 4.30071e-04 9.95501e-01 5.84746e-06 8.22061e+01
2860 3.40743705e+02 4.25017e-04 9.99801e-01 6.01132e-06 8.37365e+01
2870 3.41777737e+02 4.04640e-04 1.00400e+00 5.78932e-06 8.84250e+01
2880 3.42821499e+02 3.92854e-04 1.00796e+00 5.12618e-06 9.01868e+01
2890 3.43863844e+02 4.14555e-04 1.01199e+00 5.62435e-06 8.58126e+01
2900 3.44911116e+02 3.92776e-04 1.01607e+00 5.15460e-06 9.10201e+01
2910 3.45958420e+02 3.85275e-04 1.01993e+00 5.08524e-06 9.20374e+01
2920 3.46984702e+02 4.09709e-04 1.02387e+00 5.80754e-06 8.58410e+01
2930 3.48095417e+02 4.17103e-04 1.02808e+00 5.73092e-06 8.54973e+01
2940 3.49117005e+02 4.21726e-04 1.03224e+00 5.80342e-06 8.37663e+01
2950 3.50143916e+02 4.29736e-04 1.03653e+00 5.84689e-06 8.25365e+01
2960 3.51165841e+02 4.16521e-04 1.04084e+00 5.19882e-06 8.59383e+01
2970 3.52280797e+02 4.08731e-04 1.04493e+00 4.87741e-06 8.66185e+01
2980 3.57169108e+02 4.02491e-04 1.04906e+00 4.53411e-06 8.89644e+01
2990 3.62192155e+02 3.93057e-04 1.05301e+00 4.53141e-06 9.01418e+01
3000 3.67170021e+02 4.15837e-04 1.05705e+00 4.92546e-06 8.59584e+01
3010 3.72102942e+02 4.14217e-04 1.06116e+00 5.13074e-06 8.53372e+01
3020 3.77548212e+02 4.00178e-04 1.06526e+00 4.63457e-06 8.89040e+01
3030 3.83768852e+02 4.13548e-04 1.06929e+00 5.41969e-06 8.52338e+01
3040 3.91266537e+02 4.02356e-04 1.07338e+00 4.90568e-06 8.83101e+01
3050 3.97122640e+02 4.21097e-04 1.07746e+00 5.95475e-06 8.41874e+01
3060 4.01466234e+02 4.19011e-04 1.08164e+00 5.81100e-06 8.45290e+01
3070 4.06216580e+02 4.16643e-04 1.08584e+00 5.66113e-06 8.52711e+01
3080 4.10789694e+02 4.26377e-04 1.09003e+00 5.94300e-06 8.28151e+01
3090 4.12410738e+02 4.18872e-04 1.09426e+00 5.40510e-06 8.47556e+01
3100 4.13454453e+02 4.36975e-04 1.09851e+00 5.62262e-06 8.12913e+01
3110 4.14533470e+02 4.31079e-04 1.10290e+00 5.07860e-06 8.32001e+01
3120 4.15570698e+02 4.10283e-04 1.10708e+00 4.25387e-06 8.66374e+01
3130 4.16610367e+02 4.08311e-04 1.11119e+00 4.01543e-06 8.70189e+01
3140 4.17636654e+02 4.25727e-04 1.11532e+00 4.77566e-06 8.26605e+01
3150 4.18689940e+02 4.45276e-04 1.11967e+00 5.02832e-06 8.01095e+01
3160 4.19723722e+02 4.42493e-04 1.12408e+00 4.95012e-06 7.99292e+01
3170 4.20751441e+02 4.37479e-04 1.12851e+00 4.53134e-06 8.12690e+01
3180 4.21990964e+02 4.37161e-04 1.13290e+00 4.35083e-06 8.16214e+01
3190 4.23027535e+02 4.30003e-04 1.13722e+00 3.98847e-06 8.25179e+01
3200 4.24045839e+02 4.25665e-04 1.14150e+00 4.04595e-06 8.32580e+01
3210 4.25077993e+02 4.24815e-04 1.14580e+00 4.43789e-06 8.41483e+01
3220 4.26098603e+02 4.09580e-04 1.14996e+00 4.01394e-06 8.68731e+01
3230 4.27115117e+02 4.13838e-04 1.15406e+00 4.05306e-06 8.63926e+01
3240 4.28139611e+02 3.98763e-04 1.15812e+00 3.99612e-06 8.92281e+01
3250 4.29160902e+02 4.03670e-04 1.16211e+00 3.93003e-06 8.76971e+01
3260 4.30267550e+02 4.30173e-04 1.16625e+00 4.41750e-06 8.18921e+01
3270 4.31289286e+02 4.40815e-04 1.17063e+00 5.11015e-06 8.12105e+01
3280 4.32363702e+02 4.17903e-04 1.17492e+00 4.72113e-06 8.52997e+01
3290 4.33478153e+02 4.15937e-04 1.17907e+00 4.33764e-06 8.52540e+01
3300 4.35013874e+02 4.31065e-04 1.18330e+00 4.80928e-06 8.25010e+01
3310 4.36027428e+02 4.35492e-04 1.18764e+00 4.97305e-06 8.16901e+01
3320 4.37040785e+02 4.44589e-04 1.19201e+00 4.77514e-06 7.95189e+01
3330 4.38076212e+02 4.27404e-04 1.19645e+00 5.17518e-06 8.38807e+01
3340 4.39088731e+02 4.08415e-04 1.20061e+00 4.04269e-06 8.69993e+01
3350 4.40101388e+02 4.20426e-04 1.20474e+00 4.12363e-06 8.45030e+01
3360 4.41154331e+02 4.35542e-04 1.20899e+00 4.22138e-06 8.15984e+01
3370 4.42229843e+02 4.27124e-04 1.21329e+00 4.28104e-06 8.31343e+01
3380 4.43254522e+02 4.39239e-04 1.21761e+00 4.50317e-06 8.09415e+01
3390 4.44302211e+02 4.46159e-04 1.22203e+00 4.87112e-06 8.04425e+01
3400 4.45342717e+02 4.18364e-04 1.22634e+00 4.38389e-06 8.52063e+01
3410 4.46359525e+02 4.18472e-04 1.23051e+00 4.49770e-06 8.46674e+01
3420 4.47397542e+02 4.28924e-04 1.23473e+00 4.84597e-06 8.24693e+01
3430 4.48410859e+02 4.34372e-04 1.23910e+00 4.68044e-06 8.19787e+01
3440 4.49423829e+02 4.31663e-04 1.24342e+00 4.35888e-06 8.20718e+01
3450 4.50435927e+02 4.49938e-04 1.24780e+00 4.70074e-06 7.85239e+01
3460 4.51446978e+02 4.37991e-04 1.25225e+00 4.17610e-06 8.10388e+01
3470 4.52464527e+02 4.31204e-04 1.25662e+00 4.01036e-06 8.24368e+01
3480 4.53477579e+02 4.39476e-04 1.26094e+00 4.26011e-06 8.06368e+01
3490 4.54488788e+02 4.37552e-04 1.26532e+00 4.19445e-06 8.10606e+01
3500 4.55508760e+02 4.40607e-04 1.26975e+00 4.17124e-06 8.12037e+01
3510 4.56519092e+02 4.26478e-04 1.27407e+00 4.02749e-06 8.32694e+01
3520 4.57531194e+02 4.25906e-04 1.27834e+00 3.98338e-06 8.34068e+01
3530 4.58544326e+02 4.38194e-04 1.28264e+00 4.36038e-06 8.05940e+01
3540 4.59550673e+02 4.56713e-04 1.28712e+00 4.83307e-06 7.84201e+01
3550 4.60603576e+02 4.35285e-04 1.29156e+00 4.43440e-06 8.16915e+01
3560 4.61614713e+02 4.42328e-04 1.29593e+00 4.53462e-06 8.00137e+01
3570 4.62615295e+02 4.46782e-04 1.30040e+00 4.45269e-06 7.94943e+01
3580 4.63618315e+02 4.54441e-04 1.30491e+00 4.45769e-06 7.79747e+01
3590 4.64623484e+02 4.43621e-04 1.30944e+00 4.33301e-06 8.02964e+01
3600 4.65625219e+02 4.48121e-04 1.31387e+00 4.21995e-06 7.91912e+01
3610 4.66627652e+02 4.36446e-04 1.31830e+00 4.01292e-06 8.15108e+01
3620 4.67631152e+02 4.38956e-04 1.32266e+00 3.79295e-06 8.08462e+01
3630 4.68646439e+02 4.29674e-04 1.32700e+00 3.56543e-06 8.26761e+01
3640 4.69648388e+02 4.34393e-04 1.33134e+00 3.91317e-06 8.21620e+01
3650 4.70652307e+02 4.22839e-04 1.33562e+00 3.58673e-06 8.41704e+01
3660 4.71656137e+02 4.22702e-04 1.33984e+00 3.62327e-06 8.39823e+01
3670 4.72657317e+02 4.29519e-04 1.34410e+00 3.89221e-06 8.26555e+01
3680 4.73671638e+02 4.36274e-04 1.34843e+00 4.10426e-06 8.12596e+01
3690 4.74683006e+02 4.53270e-04 1.35287e+00 4.46694e-06 7.86589e+01
3700 4.75683609e+02 4.48889e-04 1.35736e+00 4.40517e-06 7.90458e+01
3710 4.76688090e+02 4.56127e-04 1.36189e+00 4.44971e-06 7.76683e+01
3720 4.77690944e+02 4.57743e-04 1.36649e+00 4.53657e-06 7.77192e+01
3730 4.78692372e+02 4.63228e-04 1.37108e+00 4.65253e-06 7.70018e+01
3740 4.79713485e+02 4.40661e-04 1.37564e+00 4.65794e-06 8.11444e+01
3750 4.80718245e+02 4.25350e-04 1.37995e+00 4.13836e-06 8.35489e+01
3760 4.81721060e+02 4.27857e-04 1.38422e+00 4.22520e-06 8.30962e+01
3770 4.82729354e+02 4.24782e-04 1.38849e+00 4.33520e-06 8.37369e+01
3780 4.83734622e+02 4.13546e-04 1.39270e+00 4.35318e-06 8.61177e+01
3790 4.84734899e+02 4.13542e-04 1.39682e+00 4.38871e-06 8.57620e+01
3800 4.85739385e+02 4.31781e-04 1.40102e+00 4.88624e-06 8.17820e+01
3810 4.86741861e+02 4.33570e-04 1.40540e+00 4.90724e-06 8.21379e+01
3820 4.87758250e+02 4.40073e-04 1.40974e+00 4.90358e-06 8.03522e+01
3830 4.88777827e+02 4.41600e-04 1.41420e+00 4.68790e-06 8.11647e+01
3840 4.89784484e+02 4.17427e-04 1.41849e+00 3.90283e-06 8.53567e+01
3850 4.90789650e+02 4.08577e-04 1.42262e+00 3.58563e-06 8.70221e+01
3860 4.91797773e+02 4.16072e-04 1.42672e+00 3.85084e-06 8.50206e+01
3870 4.92804704e+02 4.35234e-04 1.43098e+00 3.81630e-06 8.19026e+01
3880 4.93805333e+02 4.30332e-04 1.43530e+00 3.82293e-06 8.24976e+01
3890 4.94809436e+02 4.32767e-04 1.43964e+00 3.10170e-06 8.24363e+01
3900 4.95811076e+02 4.26038e-04 1.44392e+00 3.14889e-06 8.33361e+01
3910 4.96814476e+02 4.21987e-04 1.44819e+00 2.56094e-06 8.45738e+01
3920 4.97860567e+02 4.09979e-04 1.45235e+00 2.40907e-06 8.68036e+01
3930 4.98871888e+02 4.11870e-04 1.45644e+00 2.54355e-06 8.61008e+01
3940 4.99874780e+02 4.24637e-04 1.46063e+00 2.38115e-06 8.36559e+01
3950 5.00888246e+02 4.31386e-04 1.46489e+00 2.73350e-06 8.21104e+01
3960 5.01900514e+02 4.54009e-04 1.46929e+00 3.23865e-06 7.77341e+01
3970 5.02905287e+02 4.58080e-04 1.47388e+00 2.44626e-06 7.76533e+01
3980 5.03914531e+02 4.55563e-04 1.47846e+00 2.32436e-06 7.82977e+01
3990 5.04919367e+02 4.42646e-04 1.48295e+00 2.02536e-06 8.04502e+01
4000 5.05922910e+02 4.36815e-04 1.48734e+00 1.84703e-06 8.13761e+01
4010 5.06928368e+02 4.36737e-04 1.49171e+00 1.82044e-06 8.15530e+01
4020 5.07932609e+02 4.30061e-04 1.49604e+00 1.80080e-06 8.26908e+01
4030 5.08936451e+02 4.29993e-04 1.50034e+00 1.76680e-06 8.25874e+01
4040 5.09943056e+02 4.36700e-04 1.50466e+00 1.72735e-06 8.13825e+01
4050 5.10947105e+02 4.38559e-04 1.50903e+00 1.74822e-06 8.08690e+01
4060 5.11951174e+02 4.52766e-04 1.51348e+00 1.97207e-06 7.88072e+01
4070 5.12955854e+02 4.40293e-04 1.51794e+00 2.49460e-06 8.08404e+01
4080 5.13961830e+02 4.40574e-04 1.52233e+00 2.31692e-06 8.05270e+01
4090 5.14985943e+02 4.56788e-04 1.52679e+00 2.21485e-06 7.73769e+01
4100 5.16001963e+02 4.65484e-04 1.53143e+00 2.87370e-06 7.63035e+01
4110 5.17009292e+02 4.57327e-04 1.53609e+00 3.43653e-06 7.81197e+01
4120 5.18012329e+02 4.44196e-04 1.54058e+00 2.93329e-06 7.99913e+01
4130 5.19020060e+02 4.55507e-04 1.54506e+00 2.94819e-06 7.81266e+01
4140 5.20022345e+02 4.55373e-04 1.54961e+00 3.18969e-06 7.80604e+01
4150 5.21027913e+02 4.46241e-04 1.55413e+00 3.03280e-06 7.98308e+01
4160 5.22035991e+02 4.42335e-04 1.55857e+00 2.79078e-06 8.04138e+01
4170 5.23039907e+02 4.31685e-04 1.56293e+00 2.64659e-06 8.23833e+01
4180 5.24042946e+02 4.38065e-04 1.56726e+00 2.73937e-06 8.08482e+01
4190 5.25046732e+02 4.48316e-04 1.57172e+00 2.98744e-06 7.93164e+01
4200 5.26049814e+02 4.52720e-04 1.57621e+00 3.15771e-06 7.83323e+01
4210 5.27054680e+02 4.51252e-04 1.58076e+00 3.22557e-06 7.91484e+01
4220 5.28069830e+02 4.37662e-04 1.58520e+00 3.15970e-06 8.13004e+01
4230 5.29082864e+02 4.41413e-04 1.58957e+00 3.38847e-06 8.02933e+01
4240 5.30085922e+02 4.55042e-04 1.59407e+00 3.63502e-06 7.85848e+01
4250 5.31090534e+02 4.45931e-04 1.59854e+00 3.68722e-06 7.94372e+01
4260 5.32180970e+02 4.56857e-04 1.60307e+00 3.94548e-06 7.77536e+01
4270 5.33449428e+02 4.53029e-04 1.60763e+00 3.99589e-06 7.84712e+01
4280 5.34454794e+02 4.57196e-04 1.61217e+00 4.18643e-06 7.75779e+01
4290 5.35458787e+02 4.66801e-04 1.61677e+00 4.45315e-06 7.58044e+01
4300 5.36463746e+02 4.62719e-04 1.62146e+00 4.24512e-06 7.69637e+01
4310 5.37554161e+02 4.68196e-04 1.62608e+00 4.49962e-06 7.54495e+01
4320 5.38557282e+02 4.86052e-04 1.63089e+00 4.73121e-06 7.30473e+01
4330 5.39578862e+02 4.77840e-04 1.63572e+00 4.58855e-06 7.44236e+01
4340 5.40591992e+02 4.80634e-04 1.64051e+00 4.64080e-06 7.39900e+01
4350 5.41604943e+02 4.82174e-04 1.64532e+00 4.68102e-06 7.35735e+01
4360 5.42624161e+02 4.77517e-04 1.65016e+00 4.54922e-06 7.47083e+01
4370 5.43628401e+02 4.67174e-04 1.65487e+00 4.36772e-06 7.61044e+01
4380 5.44629133e+02 4.72840e-04 1.65956e+00 4.52661e-06 7.50095e+01
4390 5.45632253e+02 4.70276e-04 1.66429e+00 4.51702e-06 7.56462e+01
4400 5.46633373e+02 4.73422e-04 1.66899e+00 4.60044e-06 7.48798e+01
4410 5.47635157e+02 4.66757e-04 1.67374e+00 4.47688e-06 7.64798e+01
4420 5.48651188e+02 4.54396e-04 1.67834e+00 4.24580e-06 7.82780e+01
4430 5.49656278e+02 4.59659e-04 1.68289e+00 4.35215e-06 7.70645e+01
4440 5.50663794e+02 4.68212e-04 1.68756e+00 4.54696e-06 7.60097e+01
4450 5.51672761e+02 4.67190e-04 1.69223e+00 4.50280e-06 7.60185e+01
4460 5.52680389e+02 4.73799e-04 1.69693e+00 4.61801e-06 7.52178e+01
4470 5.53685277e+02 4.68941e-04 1.70163e+00 4.55717e-06 7.57523e+01
4480 5.54687788e+02 4.79474e-04 1.70636e+00 4.76750e-06 7.38455e+01
4490 5.55707661e+02 4.97809e-04 1.71125e+00 5.26107e-06 7.15724e+01
4500 5.56711716e+02 4.89975e-04 1.71619e+00 5.19568e-06 7.25829e+01
4510 5.57742739e+02 4.86764e-04 1.72108e+00 5.12697e-06 7.30570e+01
4520 5.58766270e+02 4.75387e-04 1.72593e+00 4.90637e-06 7.52181e+01
4530 5.59769103e+02 4.51237e-04 1.73057e+00 4.31997e-06 7.91027e+01
4540 5.60773787e+02 4.37681e-04 1.73501e+00 3.99423e-06 8.13473e+01
4550 5.61775594e+02 4.36298e-04 1.73937e+00 3.88925e-06 8.13698e+01
4560 5.62779096e+02 4.47875e-04 1.74377e+00 4.00817e-06 7.90371e+01
4570 5.63790192e+02 4.57547e-04 1.74832e+00 4.08777e-06 7.78978e+01
4580 5.64794562e+02 4.48739e-04 1.75284e+00 3.77759e-06 7.92476e+01
4590 5.65799404e+02 4.51791e-04 1.75733e+00 3.59166e-06 7.85075e+01
4600 5.66803560e+02 4.57070e-04 1.76189e+00 3.43284e-06 7.76954e+01
4610 5.67809658e+02 4.48243e-04 1.76645e+00 3.03946e-06 7.95481e+01
4620 5.68823144e+02 4.39563e-04 1.77088e+00 2.64121e-06 8.08714e+01
4630 5.69837169e+02 4.45893e-04 1.77529e+00 2.48138e-06 7.94416e+01
4640 5.70839517e+02 4.65836e-04 1.77984e+00 2.40296e-06 7.61285e+01
4650 5.71845101e+02 4.68610e-04 1.78455e+00 2.22494e-06 7.61584e+01
4660 5.72849337e+02 4.57115e-04 1.78917e+00 2.06011e-06 7.78101e+01
4670 5.73852237e+02 4.59777e-04 1.79374e+00 2.22494e-06 7.71431e+01
4680 5.74864957e+02 4.74291e-04 1.79840e+00 2.63744e-06 7.46082e+01
4690 5.75870906e+02 4.76023e-04 1.80317e+00 2.68823e-06 7.46052e+01
4700 5.76873404e+02 4.91185e-04 1.80798e+00 3.21478e-06 7.19714e+01
4710 5.77876555e+02 4.92852e-04 1.81296e+00 2.77818e-06 7.24527e+01
4720 5.78883612e+02 4.84694e-04 1.81783e+00 3.10023e-06 7.32117e+01
4730 5.79884053e+02 5.04971e-04 1.82275e+00 3.89949e-06 7.07207e+01
4740 5.80915226e+02 4.92778e-04 1.82772e+00 3.81962e-06 7.20783e+01
4750 5.81931408e+02 4.90242e-04 1.83263e+00 4.43712e-06 7.21859e+01
4760 5.82943572e+02 4.85891e-04 1.83754e+00 4.62676e-06 7.32689e+01
4770 5.83948358e+02 4.82373e-04 1.84239e+00 4.83483e-06 7.38859e+01
4780 5.84951772e+02 4.70444e-04 1.84715e+00 5.07650e-06 7.55431e+01
4790 5.85958024e+02 4.68510e-04 1.85185e+00 5.19161e-06 7.58837e+01
4800 5.87013149e+02 4.70241e-04 1.85654e+00 5.43811e-06 7.55127e+01
4810 5.88018686e+02 4.69116e-04 1.86125e+00 5.25857e-06 7.58803e+01
4820 5.89021252e+02 4.68943e-04 1.86593e+00 5.74045e-06 7.56482e+01
4830 5.90023517e+02 4.78656e-04 1.87068e+00 5.61645e-06 7.47768e+01
4840 5.91026064e+02 4.61691e-04 1.87537e+00 5.22649e-06 7.79164e+01
4850 5.92027536e+02 4.27829e-04 1.87979e+00 4.68665e-06 8.30776e+01
4860 5.93081949e+02 4.39351e-04 1.88410e+00 5.43369e-06 8.12234e+01
4870 5.94122661e+02 4.32174e-04 1.88841e+00 5.56149e-06 8.14844e+01
4880 5.95126138e+02 4.29709e-04 1.89278e+00 5.11158e-06 8.29253e+01
4890 5.96139913e+02 4.34437e-04 1.89707e+00 5.88853e-06 8.13038e+01
4900 5.97153817e+02 4.53616e-04 1.90154e+00 6.04991e-06 7.81409e+01
4910 5.98157202e+02 4.67903e-04 1.90614e+00 6.65831e-06 7.59139e+01
4920 5.99162564e+02 4.60759e-04 1.91081e+00 6.63625e-06 7.72545e+01
4930 6.00169620e+02 4.57460e-04 1.91539e+00 6.87974e-06 7.75296e+01
4940 6.01172508e+02 4.63771e-04 1.92003e+00 7.09754e-06 7.67918e+01
4950 6.02178868e+02 4.64819e-04 1.92466e+00 7.42214e-06 7.65008e+01
4960 6.03185191e+02 4.66554e-04 1.92932e+00 7.64652e-06 7.62240e+01
4970 6.04188935e+02 4.76639e-04 1.93401e+00 8.11699e-06 7.49544e+01
4980 6.05192694e+02 4.71766e-04 1.93872e+00 8.16350e-06 7.50391e+01
4990 6.06199278e+02 4.74529e-04 1.94346e+00 8.04918e-06 7.50321e+01
5000 6.07205060e+02 4.73767e-04 1.94819e+00 8.14101e-06 7.54776e+01
5010 6.08213148e+02 4.58955e-04 1.95283e+00 7.69921e-06 7.72963e+01
5020 6.09232881e+02 4.86881e-04 1.95751e+00 9.29054e-06 7.35732e+01
5030 6.10249522e+02 4.67692e-04 1.96226e+00 8.00008e-06 7.59924e+01
5040 6.11257337e+02 4.51748e-04 1.96692e+00 7.78896e-06 7.91695e+01
5050 6.12267054e+02 4.41116e-04 1.97135e+00 7.38130e-06 8.04197e+01
5060 6.13274353e+02 4.66346e-04 1.97585e+00 8.83490e-06 7.54789e+01
5070 6.14276915e+02 4.76759e-04 1.98065e+00 8.85222e-06 7.47698e+01
5080 6.15283448e+02 4.73578e-04 1.98538e+00 8.60123e-06 7.48959e+01
5090 6.16288769e+02 4.73568e-04 1.99014e+00 8.61967e-06 7.50913e+01
5100 6.17295036e+02 4.65827e-04 1.99487e+00 8.26359e-06 7.65214e+01
5110 6.18322222e+02 4.69581e-04 1.99951e+00 8.03391e-06 7.52965e+01
5120 6.19326173e+02 4.77083e-04 2.00432e+00 9.34399e-06 7.51943e+01
5130 6.20330174e+02 4.47047e-04 2.00893e+00 7.15107e-06 7.97705e+01
5140 6.21332917e+02 4.40000e-04 2.01336e+00 6.62501e-06 8.07552e+01
5150 6.22338746e+02 4.52156e-04 2.01780e+00 6.80528e-06 7.82281e+01
5160 6.23364905e+02 4.47193e-04 2.02236e+00 6.83299e-06 7.98836e+01
5170 6.24369385e+02 4.32520e-04 2.02675e+00 6.09251e-06 8.22737e+01
5180 6.25374276e+02 4.34474e-04 2.03107e+00 5.92767e-06 8.16167e+01
5190 6.26377541e+02 4.38438e-04 2.03545e+00 6.09883e-06 8.11260e+01
5200 6.27383022e+02 4.42499e-04 2.03984e+00 5.95154e-06 8.01075e+01
5210 6.28510268e+02 4.61581e-04 2.04434e+00 6.42254e-06 7.66485e+01
5220 6.29516565e+02 4.52447e-04 2.04893e+00 6.39937e-06 7.86286e+01
5230 6.30521646e+02 4.59100e-04 2.05346e+00 6.18132e-06 7.70931e+01
5240 6.31522650e+02 4.81324e-04 2.05817e+00 7.12025e-06 7.40318e+01
5250 6.32525575e+02 4.68126e-04 2.06296e+00 8.80766e-06 7.67306e+01
5260 6.33526834e+02 4.36382e-04 2.06746e+00 5.78788e-06 8.16513e+01
5270 6.34529998e+02 4.39430e-04 2.07181e+00 5.06093e-06 8.05163e+01
5280 6.35538626e+02 4.70942e-04 2.07633e+00 5.96758e-06 7.61118e+01
5290 6.36550631e+02 4.40593e-04 2.08088e+00 5.47161e-06 8.09131e+01
5300 6.37561873e+02 4.34985e-04 2.08526e+00 5.42529e-06 8.20130e+01
5310 6.38566507e+02 4.36225e-04 2.08959e+00 4.40272e-06 8.10841e+01
5320 6.39568077e+02 4.58381e-04 2.09406e+00 4.76550e-06 7.76895e+01
5330 6.40569005e+02 4.63416e-04 2.09864e+00 4.56306e-06 7.62920e+01
5340 6.41571990e+02 4.43905e-04 2.10319e+00 4.48395e-06 8.02087e+01
5350 6.42575419e+02 4.50232e-04 2.10763e+00 4.12084e-06 7.85981e+01
5360 6.43578299e+02 4.36231e-04 2.11215e+00 5.83562e-06 8.22108e+01
5370 6.44579753e+02 4.12370e-04 2.11638e+00 3.97120e-06 8.63620e+01
5380 6.45593324e+02 4.16617e-04 2.12050e+00 3.56814e-06 8.49649e+01
5390 6.46600262e+02 4.37125e-04 2.12477e+00 4.09017e-06 8.20278e+01
5400 6.47605257e+02 4.11103e-04 2.12900e+00 3.93200e-06 8.67064e+01
5410 6.48608427e+02 4.11773e-04 2.13310e+00 3.59014e-06 8.60297e+01
5420 6.49619814e+02 4.27777e-04 2.13730e+00 4.08688e-06 8.29372e+01
5430 6.50632375e+02 4.19124e-04 2.14159e+00 4.67507e-06 8.53324e+01
5440 6.51633494e+02 4.06233e-04 2.14570e+00 3.71055e-06 8.74397e+01
5450 6.52634195e+02 4.21487e-04 2.14981e+00 3.99080e-06 8.44405e+01
5460 6.53641015e+02 4.28423e-04 2.15403e+00 4.13160e-06 8.25357e+01
5470 6.54644060e+02 4.38693e-04 2.15840e+00 4.50153e-06 8.09902e+01
5480 6.55644417e+02 4.49992e-04 2.16282e+00 4.61435e-06 7.85267e+01
5490 6.56645464e+02 4.56060e-04 2.16742e+00 5.31072e-06 7.82669e+01
5500 6.57648130e+02 4.54101e-04 2.17195e+00 4.47273e-06 7.79985e+01
5510 6.58649225e+02 4.62583e-04 2.17658e+00 6.41492e-06 7.74470e+01
5520 6.59651928e+02 4.38654e-04 2.18107e+00 4.64446e-06 8.11961e+01
5530 6.60655365e+02 4.39269e-04 2.18544e+00 4.17039e-06 8.06370e+01
5540 6.61656702e+02 4.50760e-04 2.18991e+00 4.64262e-06 7.87656e+01
5550 6.62659825e+02 4.54792e-04 2.19445e+00 5.05454e-06 7.81957e+01
5560 6.63672681e+02 4.57899e-04 2.19900e+00 4.86420e-06 7.73920e+01
5570 6.64683023e+02 4.67884e-04 2.20365e+00 5.45007e-06 7.58821e+01
5580 6.65684493e+02 4.71612e-04 2.20837e+00 5.84759e-06 7.54516e+01
5590 6.66687356e+02 4.40563e-04 2.21299e+00 5.84179e-06 8.12514e+01
5600 6.67689502e+02 4.26822e-04 2.21730e+00 4.70627e-06 8.31864e+01
5610 6.68698877e+02 4.46732e-04 2.22163e+00 5.11998e-06 7.89136e+01
5620 6.69703152e+02 4.41919e-04 2.22614e+00 6.61191e-06 8.12610e+01
5630 6.70708599e+02 4.13050e-04 2.23040e+00 4.76364e-06 8.62766e+01
5640 6.71715065e+02 4.15680e-04 2.23452e+00 4.58604e-06 8.51234e+01
5650 6.72722209e+02 4.47826e-04 2.23880e+00 5.76940e-06 7.84968e+01
5660 6.73722969e+02 4.48247e-04 2.24331e+00 5.85282e-06 7.95634e+01
5670 6.74724172e+02 4.40019e-04 2.24774e+00 5.43666e-06 8.08120e+01
5680 6.75726397e+02 4.44466e-04 2.25216e+00 5.49610e-06 7.97938e+01
5690 6.76739752e+02 4.57290e-04 2.25666e+00 5.92532e-06 7.75472e+01
5700 6.77762919e+02 4.67703e-04 2.26130e+00 6.58577e-06 7.62624e+01
5710 6.78776884e+02 4.68812e-04 2.26595e+00 6.30418e-06 7.61439e+01
5720 6.79784117e+02 4.57631e-04 2.27057e+00 6.11071e-06 7.75692e+01
5730 6.80785374e+02 4.66361e-04 2.27518e+00 6.22702e-06 7.59754e+01
5740 6.81785239e+02 4.60621e-04 2.27987e+00 6.33874e-06 7.73146e+01
5750 6.82786265e+02 4.61359e-04 2.28446e+00 6.33354e-06 7.70485e+01
5760 6.83793356e+02 4.57634e-04 2.28906e+00 6.31965e-06 7.75837e+01
5770 6.84794799e+02 4.42791e-04 2.29360e+00 6.01117e-06 8.05282e+01
5780 6.85795884e+02 4.40877e-04 2.29800e+00 5.81492e-06 8.03341e+01
5790 6.86797825e+02 4.48635e-04 2.30246e+00 6.00543e-06 7.91314e+01
5800 6.87800826e+02 4.51640e-04 2.30699e+00 6.18393e-06 7.89134e+01
5810 6.88803416e+02 4.47005e-04 2.31146e+00 5.84979e-06 7.93458e+01
5820 6.89804016e+02 4.63631e-04 2.31600e+00 6.19843e-06 7.62281e+01
5830 6.90816607e+02 4.83108e-04 2.32073e+00 6.67725e-06 7.38020e+01
5840 6.91827246e+02 4.72083e-04 2.32551e+00 6.50570e-06 7.57565e+01
5850 6.92827871e+02 4.56403e-04 2.33014e+00 5.92731e-06 7.78956e+01
5860 6.93831330e+02 4.64813e-04 2.33473e+00 5.96829e-06 7.65557e+01
5870 6.94832194e+02 4.71630e-04 2.33939e+00 5.90646e-06 7.51534e+01
5880 6.95839704e+02 4.57510e-04 2.34405e+00 5.91447e-06 7.78316e+01
5890 6.96842126e+02 4.58755e-04 2.34861e+00 5.59154e-06 7.73502e+01
5900 6.97842552e+02 4.63080e-04 2.35322e+00 5.60685e-06 7.64680e+01
5910 6.98846917e+02 4.64186e-04 2.35789e+00 5.88521e-06 7.67278e+01
5920 6.99861241e+02 4.59470e-04 2.36251e+00 5.90005e-06 7.75544e+01
5930 7.00904260e+02 4.52750e-04 2.36707e+00 5.67826e-06 7.85760e+01
5940 7.01934718e+02 4.66089e-04 2.37165e+00 5.95531e-06 7.71036e+01
5950 7.03007151e+02 4.41034e-04 2.37615e+00 5.22067e-06 8.05221e+01
5960 7.04131947e+02 4.62073e-04 2.38064e+00 5.50705e-06 7.64905e+01
5970 7.05181576e+02 4.67984e-04 2.38528e+00 5.67456e-06 7.68230e+01
5980 7.06267405e+02 4.35726e-04 2.38978e+00 5.21403e-06 8.17445e+01
5990 7.07366229e+02 4.42290e-04 2.39413e+00 5.05255e-06 7.99092e+01
6000 7.08495624e+02 4.42498e-04 2.39864e+00 5.61113e-06 8.09392e+01
6010 7.09541924e+02 4.07554e-04 2.40289e+00 4.50930e-06 8.75257e+01
6020 7.11061742e+02 4.12327e-04 2.40695e+00 4.44427e-06 8.56217e+01
6030 7.12804329e+02 4.39052e-04 2.41124e+00 5.42969e-06 8.19278e+01
6040 7.14540078e+02 3.92961e-04 2.41543e+00 4.42008e-06 9.14640e+01
6050 7.15604421e+02 3.69987e-04 2.41922e+00 3.58650e-06 9.61106e+01
6060 7.16617936e+02 3.85407e-04 2.42296e+00 3.83787e-06 9.13809e+01
6070 7.17636399e+02 4.17289e-04 2.42702e+00 4.67601e-06 8.60082e+01
6080 7.18665344e+02 3.93339e-04 2.43105e+00 3.96926e-06 9.04944e+01
6090 7.19758845e+02 3.83500e-04 2.43494e+00 3.70163e-06 9.25892e+01
6100 7.21078351e+02 4.04909e-04 2.43884e+00 4.21718e-06 8.68470e+01
6110 7.22112489e+02 4.21094e-04 2.44307e+00 4.68567e-06 8.51708e+01
6120 7.23276592e+02 4.02437e-04 2.44716e+00 4.08295e-06 8.82531e+01
6130 7.24476115e+02 4.15623e-04 2.45124e+00 4.26824e-06 8.51868e+01
6140 7.25637149e+02 4.16893e-04 2.45548e+00 4.44381e-06 8.58103e+01
6150 7.27162462e+02 4.06085e-04 2.45957e+00 3.99670e-06 8.72029e+01
6160 7.28241476e+02 4.33466e-04 2.46372e+00 4.76710e-06 8.10308e+01
6170 7.29284327e+02 4.10283e-04 2.46804e+00 4.43679e-06 8.73339e+01
6180 7.30329804e+02 3.94911e-04 2.47204e+00 3.97270e-06 8.98449e+01
6190 7.31366235e+02 4.17183e-04 2.47606e+00 4.65370e-06 8.43039e+01
6200 7.32403946e+02 4.32489e-04 2.48042e+00 5.85378e-06 8.31255e+01
6210 7.33449140e+02 4.05964e-04 2.48458e+00 4.52347e-06 8.75172e+01
6220 7.34457722e+02 4.27494e-04 2.48870e+00 5.29891e-06 8.22237e+01
6230 7.35469889e+02 4.25452e-04 2.49300e+00 5.16335e-06 8.33023e+01
6240 7.36482624e+02 4.37885e-04 2.49734e+00 5.62859e-06 8.14584e+01
6250 7.37509365e+02 4.47116e-04 2.50171e+00 6.34713e-06 8.06816e+01
6260 7.38971629e+02 4.08825e-04 2.50595e+00 4.96284e-06 8.69956e+01
6270 7.40677109e+02 4.24190e-04 2.51007e+00 5.93478e-06 8.29273e+01
6280 7.42379669e+02 4.46373e-04 2.51447e+00 6.07086e-06 7.92037e+01
6290 7.44049280e+02 3.99956e-04 2.51874e+00 4.59158e-06 8.95097e+01
6300 7.45770047e+02 3.88446e-04 2.52266e+00 4.74681e-06 9.11597e+01
6310 7.46790222e+02 4.17869e-04 2.52664e+00 6.53965e-06 8.39601e+01
6320 7.47914343e+02 4.40852e-04 2.53095e+00 6.29212e-06 8.02762e+01
6330 7.48936343e+02 4.20359e-04 2.53531e+00 5.25937e-06 8.47960e+01
6340 7.49982674e+02 4.35493e-04 2.53953e+00 7.28794e-06 8.07031e+01
6350 7.51003390e+02 4.29601e-04 2.54393e+00 5.95944e-06 8.28603e+01
6360 7.52014690e+02 4.49250e-04 2.54828e+00 7.86532e-06 8.03121e+01
6370 7.53023711e+02 4.15095e-04 2.55256e+00 6.31636e-06 8.56473e+01
6380 7.54069459e+02 4.40219e-04 2.55678e+00 9.40141e-06 7.96207e+01
6390 7.55105032e+02 4.36776e-04 2.56122e+00 7.67778e-06 8.13336e+01
6400 7.56125666e+02 4.45533e-04 2.56565e+00 7.24792e-06 8.01171e+01
6410 7.57190198e+02 4.35798e-04 2.57005e+00 7.69251e-06 8.13131e+01
6420 7.58226713e+02 4.46705e-04 2.57448e+00 7.81076e-06 7.95032e+01
6430 7.59264167e+02 4.54557e-04 2.57896e+00 9.27146e-06 7.85275e+01
6440 7.60300715e+02 4.19501e-04 2.58333e+00 6.61730e-06 8.50349e+01
6450 7.61380534e+02 4.13282e-04 2.58747e+00 7.32544e-06 8.55745e+01
6460 7.62396461e+02 4.26761e-04 2.59169e+00 7.01755e-06 8.34926e+01
6470 7.63423624e+02 4.28469e-04 2.59594e+00 8.60742e-06 8.25348e+01
6480 7.64437920e+02 4.09998e-04 2.60017e+00 6.79864e-06 8.68852e+01
6490 7.65473367e+02 4.19154e-04 2.60427e+00 9.22361e-06 8.41105e+01
6500 7.66509418e+02 4.20964e-04 2.60856e+00 6.91489e-06 8.48041e+01
6510 7.67537694e+02 4.27577e-04 2.61275e+00 9.82165e-06 8.24084e+01
6520 7.68657197e+02 4.24306e-04 2.61706e+00 7.90914e-06 8.37706e+01
6530 7.69681330e+02 4.46253e-04 2.62136e+00 1.14443e-05 7.87213e+01
6540 7.70703360e+02 4.33504e-04 2.62582e+00 7.92308e-06 8.25793e+01
6550 7.71777387e+02 4.25174e-04 2.63008e+00 8.56300e-06 8.32517e+01
6560 7.72832351e+02 4.13992e-04 2.63427e+00 7.99444e-06 8.56460e+01
6570 7.73888926e+02 4.23949e-04 2.63850e+00 7.83340e-06 8.41474e+01
6580 7.74930648e+02 4.15823e-04 2.64270e+00 7.66522e-06 8.54700e+01
6590 7.75982534e+02 4.35191e-04 2.64691e+00 1.09467e-05 8.17560e+01
6600 7.77016913e+02 4.18420e-04 2.65115e+00 8.56317e-06 8.46572e+01
6610 7.78113393e+02 4.23818e-04 2.65538e+00 9.20324e-06 8.35200e+01
6620 7.79198518e+02 4.20251e-04 2.65967e+00 9.46545e-06 8.53498e+01
6630 7.80928108e+02 4.04915e-04 2.66376e+00 8.47593e-06 8.75728e+01
6640 7.82751620e+02 4.29376e-04 2.66791e+00 9.12860e-06 8.29141e+01
6650 7.84458733e+02 4.34942e-04 2.67219e+00 1.01141e-05 8.11197e+01
6660 7.85658486e+02 4.13541e-04 2.67650e+00 9.00026e-06 8.64944e+01
6670 7.86786818e+02 4.04474e-04 2.68056e+00 8.63015e-06 8.76766e+01
6680 7.87905023e+02 4.28244e-04 2.68469e+00 1.16496e-05 8.21811e+01
6690 7.89023458e+02 4.44548e-04 2.68906e+00 1.10198e-05 7.96412e+01
6700 7.90144390e+02 4.34246e-04 2.69350e+00 1.06617e-05 8.20774e+01
6710 7.91264186e+02 4.36075e-04 2.69782e+00 1.13982e-05 8.13188e+01
6720 7.92283328e+02 4.44695e-04 2.70220e+00 1.24724e-05 7.96049e+01
6730 7.93321785e+02 4.48769e-04 2.70666e+00 1.25305e-05 8.00703e+01
6740 7.94334251e+02 4.17248e-04 2.71099e+00 1.31686e-05 8.59737e+01
6750 7.95359271e+02 3.89281e-04 2.71502e+00 9.99451e-06 9.15442e+01
6760 7.96392279e+02 3.87424e-04 2.71888e+00 9.72153e-06 9.13921e+01
6770 7.97417180e+02 4.08767e-04 2.72284e+00 1.06493e-05 8.66533e+01
6780 7.98484541e+02 4.32898e-04 2.72701e+00 1.33679e-05 8.11306e+01
6790 7.99521035e+02 3.98377e-04 2.73125e+00 1.27093e-05 9.01001e+01
6800 8.00547010e+02 3.71092e-04 2.73509e+00 9.46770e-06 9.60786e+01
6810 8.01582197e+02 3.69721e-04 2.73878e+00 9.06545e-06 9.57963e+01
6820 8.02658207e+02 3.72919e-04 2.74252e+00 9.46284e-06 9.53288e+01
6830 8.03700852e+02 3.81914e-04 2.74626e+00 9.84993e-06 9.23025e+01
6840 8.04769817e+02 4.14830e-04 2.75025e+00 1.15385e-05 8.54153e+01
6850 8.06123423e+02 4.39934e-04 2.75447e+00 1.32987e-05 7.98239e+01
6860 8.07813119e+02 4.43388e-04 2.75889e+00 1.23926e-05 7.99097e+01
6870 8.08923944e+02 4.53903e-04 2.76335e+00 1.27517e-05 7.77531e+01
6880 8.10023510e+02 4.44474e-04 2.76786e+00 1.26287e-05 7.97992e+01
6890 8.11103710e+02 4.56021e-04 2.77238e+00 1.33670e-05 7.81600e+01
6900 8.12367971e+02 4.37038e-04 2.77683e+00 1.23758e-05 8.12396e+01
6910 8.13455955e+02 4.63456e-04 2.78127e+00 1.41311e-05 7.63085e+01
6920 8.14474678e+02 4.51753e-04 2.78585e+00 1.31339e-05 7.85114e+01
6930 8.15500345e+02 4.32099e-04 2.79032e+00 1.21170e-05 8.26178e+01
6940 8.16513872e+02 4.18720e-04 2.79460e+00 1.24262e-05 8.56781e+01
6950 8.17529269e+02 4.00550e-04 2.79866e+00 9.99686e-06 8.84661e+01
6960 8.19755983e+02 4.33683e-04 2.80277e+00 1.28891e-05 8.06538e+01
6970 8.20791985e+02 4.49019e-04 2.80722e+00 1.29374e-05 7.87686e+01
6980 8.21965398e+02 4.17121e-04 2.81164e+00 1.25480e-05 8.59498e+01
6990 8.23038078e+02 4.07611e-04 2.81572e+00 1.05420e-05 8.67325e+01
7000 8.24076101e+02 4.52626e-04 2.81998e+00 1.24350e-05 7.84389e+01
7010 8.25121062e+02 4.53309e-04 2.82450e+00 1.35593e-05 7.80495e+01
7020 8.26174768e+02 4.42658e-04 2.82901e+00 1.33547e-05 8.00435e+01
7030 8.27225280e+02 4.57829e-04 2.83351e+00 1.41626e-05 7.75550e+01
7040 8.28283664e+02 4.61778e-04 2.83809e+00 1.42330e-05 7.65568e+01
7050 8.29317370e+02 4.50599e-04 2.84270e+00 1.39864e-05 7.90359e+01
7060 8.30389589e+02 4.32641e-04 2.84716e+00 1.34640e-05 8.25990e+01
7070 8.31435326e+02 4.30353e-04 2.85143e+00 1.22463e-05 8.21574e+01
7080 8.32701574e+02 4.45094e-04 2.85581e+00 1.31612e-05 7.92214e+01
7090 8.33838315e+02 4.46465e-04 2.86032e+00 1.38116e-05 7.96757e+01
7100 8.34877369e+02 4.30160e-04 2.86476e+00 1.35708e-05 8.32154e+01
7110 8.35925789e+02 4.17117e-04 2.86897e+00 1.17189e-05 8.50444e+01
7120 8.36949667e+02 4.41956e-04 2.87323e+00 1.28615e-05 7.99776e+01
7130 8.37989245e+02 4.55091e-04 2.87775e+00 1.37192e-05 7.77305e+01
7140 8.39050948e+02 4.50198e-04 2.88233e+00 1.41759e-05 7.95810e+01
7150 8.40090296e+02 4.37812e-04 2.88675e+00 1.26850e-05 8.15378e+01
7160 8.41179939e+02 4.30178e-04 2.89106e+00 1.19887e-05 8.28350e+01
7170 8.42271202e+02 4.28142e-04 2.89533e+00 1.18602e-05 8.26925e+01
7180 8.43411909e+02 4.58642e-04 2.89976e+00 1.35905e-05 7.76727e+01
7190 8.44458018e+02 4.48272e-04 2.90428e+00 1.27651e-05 7.90275e+01
7200 8.45491793e+02 4.37087e-04 2.90874e+00 1.22381e-05 8.12314e+01
7210 8.46510412e+02 4.59467e-04 2.91316e+00 1.38664e-05 7.63616e+01
7220 8.47533657e+02 4.59811e-04 2.91782e+00 1.39773e-05 7.75633e+01
7230 8.48562415e+02 4.67454e-04 2.92241e+00 1.45969e-05 7.54362e+01
7240 8.49577441e+02 4.64606e-04 2.92711e+00 1.42780e-05 7.73508e+01
7250 8.50592119e+02 4.46040e-04 2.93161e+00 1.32012e-05 7.94101e+01
7260 8.51608185e+02 4.56028e-04 2.93615e+00 1.38353e-05 7.77466e+01
7270 8.52652481e+02 4.51123e-04 2.94072e+00 1.35003e-05 7.87668e+01
7280 8.53693168e+02 4.74634e-04 2.94529e+00 1.51309e-05 7.43353e+01
7290 8.54721538e+02 4.29758e-04 2.94984e+00 1.19605e-05 8.31324e+01
7300 8.55747231e+02 4.32602e-04 2.95411e+00 1.23742e-05 8.15613e+01
7310 8.56767092e+02 4.79931e-04 2.95865e+00 1.46877e-05 7.44351e+01
7320 8.57813603e+02 4.68628e-04 2.96336e+00 1.39442e-05 7.54533e+01
7330 8.58861219e+02 4.95625e-04 2.96816e+00 1.50675e-05 7.21787e+01
7340 8.59914273e+02 4.70969e-04 2.97300e+00 1.36412e-05 7.59623e+01
7350 8.60958965e+02 4.60268e-04 2.97762e+00 1.30448e-05 7.69095e+01
7360 8.61984266e+02 4.56778e-04 2.98224e+00 1.30237e-05 7.77730e+01
7370 8.63051745e+02 4.61591e-04 2.98685e+00 1.32471e-05 7.70548e+01
7380 8.64091656e+02 4.77928e-04 2.99150e+00 1.45189e-05 7.36946e+01
7390 8.65140137e+02 4.60283e-04 2.99631e+00 1.38145e-05 7.80310e+01
7400 8.66187293e+02 4.37146e-04 3.00076e+00 1.23344e-05 8.12664e+01
7410 8.67240703e+02 4.60080e-04 3.00520e+00 1.41945e-05 7.64348e+01
7420 8.68338815e+02 4.61931e-04 3.00987e+00 1.42599e-05 7.68591e+01
7430 8.69513549e+02 4.57338e-04 3.01449e+00 1.41817e-05 7.74095e+01
7440 8.70679654e+02 4.62781e-04 3.01909e+00 1.45648e-05 7.67218e+01
7450 8.71773648e+02 4.73261e-04 3.02377e+00 1.51354e-05 7.48477e+01
7460 8.72810616e+02 4.65566e-04 3.02851e+00 1.51468e-05 7.66694e+01
7470 8.73838050e+02 4.55250e-04 3.03308e+00 1.43481e-05 7.78256e+01
7480 8.74883563e+02 4.70260e-04 3.03772e+00 1.58598e-05 7.56551e+01
7490 8.75907269e+02 4.55617e-04 3.04239e+00 1.51297e-05 7.83026e+01
7500 8.76941250e+02 4.55292e-04 3.04691e+00 1.49754e-05 7.74856e+01
7510 8.77981347e+02 4.40576e-04 3.05139e+00 1.41027e-05 8.04756e+01
7520 8.79037085e+02 4.73841e-04 3.05589e+00 1.73460e-05 7.38082e+01
7530 8.80065808e+02 4.92621e-04 3.06078e+00 1.79584e-05 7.26536e+01
7540 8.81082018e+02 4.87696e-04 3.06564e+00 1.73074e-05 7.28924e+01
7550 8.82095985e+02 4.83841e-04 3.07046e+00 1.70505e-05 7.30964e+01
7560 8.83115764e+02 4.86409e-04 3.07535e+00 1.70618e-05 7.29968e+01
7570 8.84128633e+02 4.94778e-04 3.08026e+00 1.72839e-05 7.16362e+01
7580 8.85140740e+02 4.96318e-04 3.08523e+00 1.73221e-05 7.17501e+01
7590 8.86208790e+02 4.87077e-04 3.09014e+00 1.66294e-05 7.28230e+01
7600 8.87335980e+02 4.86250e-04 3.09504e+00 1.66478e-05 7.32144e+01
7610 8.88467645e+02 4.69390e-04 3.09980e+00 1.54249e-05 7.53169e+01
7620 8.90170926e+02 4.88960e-04 3.10456e+00 1.65520e-05 7.22443e+01
7630 8.92022819e+02 4.85982e-04 3.10941e+00 1.63574e-05 7.36773e+01
7640 8.93543465e+02 4.55965e-04 3.11410e+00 1.44177e-05 7.78765e+01
7650 8.94669450e+02 4.69556e-04 3.11868e+00 1.52376e-05 7.47479e+01
7660 8.95692448e+02 4.74935e-04 3.12352e+00 1.60889e-05 7.54847e+01
7670 8.96996522e+02 4.69271e-04 3.12817e+00 1.48463e-05 7.62495e+01
7680 8.98015326e+02 4.44511e-04 3.13274e+00 1.32633e-05 7.98866e+01
7690 8.99040202e+02 4.70726e-04 3.13728e+00 1.47381e-05 7.61201e+01
7700 9.00051517e+02 4.50872e-04 3.14190e+00 1.43521e-05 7.91840e+01
7710 9.01065501e+02 4.55014e-04 3.14636e+00 1.41003e-05 7.69698e+01
7720 9.02094305e+02 4.38128e-04 3.15087e+00 1.31726e-05 8.10128e+01
7730 9.03117012e+02 4.54042e-04 3.15533e+00 1.43258e-05 7.82715e+01
7740 9.04134277e+02 4.58529e-04 3.15986e+00 1.44278e-05 7.71122e+01
7750 9.05154405e+02 4.53684e-04 3.16449e+00 1.45271e-05 7.86038e+01
7760 9.06176742e+02 4.45588e-04 3.16900e+00 1.38813e-05 7.99519e+01
7770 9.07230877e+02 4.53843e-04 3.17346e+00 1.39645e-05 7.77816e+01
7780 9.08305415e+02 4.66279e-04 3.17812e+00 1.49316e-05 7.62976e+01
7790 9.09360325e+02 4.66588e-04 3.18278e+00 1.49346e-05 7.60846e+01
7800 9.10722151e+02 4.69957e-04 3.18750e+00 1.55787e-05 7.57029e+01
7810 9.12016746e+02 4.71054e-04 3.19220e+00 1.51415e-05 7.53367e+01
7820 9.13489204e+02 4.65370e-04 3.19693e+00 1.47267e-05 7.63400e+01
7830 9.14566370e+02 4.84781e-04 3.20165e+00 1.57285e-05 7.33828e+01
7840 9.15704509e+02 4.65162e-04 3.20638e+00 1.45670e-05 7.60900e+01
7850 9.16790982e+02 4.83670e-04 3.21115e+00 1.61735e-05 7.39707e+01
7860 9.17854779e+02 4.71314e-04 3.21588e+00 1.45607e-05 7.51840e+01
7870 9.18898090e+02 4.77028e-04 3.22064e+00 1.50297e-05 7.46859e+01
7880 9.19929825e+02 4.71332e-04 3.22536e+00 1.44422e-05 7.49857e+01
7890 9.20978246e+02 4.74862e-04 3.23011e+00 1.46208e-05 7.46579e+01
7900 9.22021362e+02 4.77366e-04 3.23492e+00 1.48533e-05 7.45442e+01
7910 9.23041629e+02 4.64328e-04 3.23964e+00 1.38838e-05 7.65886e+01
7920 9.24079898e+02 4.76276e-04 3.24433e+00 1.42091e-05 7.44526e+01
7930 9.25106867e+02 4.88011e-04 3.24915e+00 1.45680e-05 7.33905e+01
7940 9.26144345e+02 4.71278e-04 3.25392e+00 1.33051e-05 7.53072e+01
7950 9.27159846e+02 4.87598e-04 3.25871e+00 1.40005e-05 7.26493e+01
7960 9.28192415e+02 4.86172e-04 3.26360e+00 1.38201e-05 7.30623e+01
7970 9.29228803e+02 4.80966e-04 3.26846e+00 1.33061e-05 7.39442e+01
7980 9.30272931e+02 4.76621e-04 3.27328e+00 1.29665e-05 7.48935e+01
7990 9.31339807e+02 4.83895e-04 3.27803e+00 1.27847e-05 7.33966e+01
8000 9.32380733e+02 4.73858e-04 3.28283e+00 1.20692e-05 7.54361e+01
8010 9.33433174e+02 4.66339e-04 3.28750e+00 1.14036e-05 7.58922e+01
8020 9.34490282e+02 4.91493e-04 3.29229e+00 1.26091e-05 7.21067e+01
8030 9.35575639e+02 5.01901e-04 3.29729e+00 1.31035e-05 7.11175e+01
8040 9.36605908e+02 4.85827e-04 3.30223e+00 1.21060e-05 7.32534e+01
8050 9.37644895e+02 4.94300e-04 3.30711e+00 1.23814e-05 7.16296e+01
8060 9.38681860e+02 5.07494e-04 3.31215e+00 1.32024e-05 7.02610e+01
8070 9.39995518e+02 4.84838e-04 3.31714e+00 1.20614e-05 7.35523e+01
8080 9.42952628e+02 4.94057e-04 3.32198e+00 1.22505e-05 7.16589e+01
8090 9.44852126e+02 4.76245e-04 3.32690e+00 1.17534e-05 7.50906e+01
8100 9.47395558e+02 4.68967e-04 3.33159e+00 1.12973e-05 7.54735e+01
8110 9.49199403e+02 4.85608e-04 3.33638e+00 1.23197e-05 7.39167e+01
8120 9.50255903e+02 4.61027e-04 3.34108e+00 1.11814e-05 7.69779e+01
8130 9.51452574e+02 4.64991e-04 3.34574e+00 1.15145e-05 7.66192e+01
8140 9.53139935e+02 4.72103e-04 3.35039e+00 1.15980e-05 7.48533e+01
8150 9.54410134e+02 4.81634e-04 3.35525e+00 1.21654e-05 7.42492e+01
8160 9.55509507e+02 4.72464e-04 3.35998e+00 1.14482e-05 7.48563e+01
8170 9.56541306e+02 4.65288e-04 3.36471e+00 1.10522e-05 7.65060e+01
8180 9.57670341e+02 4.70121e-04 3.36939e+00 1.11708e-05 7.61735e+01
8190 9.58695901e+02 4.46256e-04 3.37395e+00 9.93791e-06 7.96451e+01
8200 9.59743988e+02 4.54561e-04 3.37846e+00 1.03348e-05 7.90375e+01
8210 9.60777066e+02 4.25080e-04 3.38283e+00 9.17133e-06 8.37751e+01
8220 9.61836850e+02 4.32671e-04 3.38709e+00 9.41504e-06 8.16692e+01
8230 9.62869443e+02 4.61764e-04 3.39157e+00 1.08154e-05 7.71220e+01
8240 9.63921346e+02 4.41428e-04 3.39610e+00 9.93391e-06 8.06372e+01
8250 9.64944137e+02 4.45554e-04 3.40050e+00 1.00177e-05 7.93309e+01
8260 9.65959216e+02 4.48054e-04 3.40496e+00 1.01944e-05 7.90146e+01
8270 9.66977211e+02 4.81684e-04 3.40957e+00 1.20365e-05 7.42922e+01
8280 9.67999037e+02 4.56222e-04 3.41425e+00 1.08364e-05 7.80732e+01
8290 9.69032459e+02 4.37369e-04 3.41872e+00 1.01181e-05 8.11051e+01
8300 9.70071917e+02 4.61019e-04 3.42315e+00 1.17130e-05 7.60708e+01
8310 9.71097358e+02 4.72608e-04 3.42782e+00 1.22147e-05 7.55751e+01
8320 9.72131318e+02 4.44542e-04 3.43244e+00 1.06816e-05 8.06044e+01
8330 9.73181035e+02 4.30435e-04 3.43678e+00 1.02174e-05 8.23824e+01
8340 9.74218012e+02 4.58915e-04 3.44118e+00 1.24314e-05 7.65603e+01
8350 9.75291797e+02 4.66935e-04 3.44581e+00 1.24440e-05 7.55434e+01
8360 9.76352609e+02 4.58404e-04 3.45054e+00 1.15069e-05 7.79822e+01
8370 9.77390949e+02 4.51823e-04 3.45505e+00 1.13620e-05 7.83081e+01
8380 9.78445031e+02 4.87931e-04 3.45970e+00 1.38357e-05 7.27361e+01
8390 9.79484199e+02 4.84986e-04 3.46454e+00 1.29050e-05 7.29088e+01
8400 9.80497013e+02 4.64726e-04 3.46931e+00 1.16157e-05 7.65455e+01
8410 9.81542552e+02 4.64099e-04 3.47396e+00 1.15649e-05 7.65251e+01
8420 9.82578385e+02 4.94049e-04 3.47869e+00 1.42472e-05 7.24681e+01
8430 9.83649909e+02 4.74613e-04 3.48351e+00 1.19382e-05 7.48392e+01
8440 9.84835929e+02 4.87744e-04 3.48831e+00 1.21964e-05 7.32110e+01
8450 9.86531623e+02 4.85250e-04 3.49314e+00 1.25670e-05 7.28251e+01
8460 9.87595318e+02 4.64511e-04 3.49790e+00 1.11077e-05 7.65654e+01
8470 9.88642302e+02 4.72869e-04 3.50257e+00 1.19914e-05 7.47723e+01
8480 9.89687104e+02 4.64718e-04 3.50729e+00 1.14100e-05 7.64329e+01
8490 9.90738641e+02 4.66587e-04 3.51195e+00 1.18058e-05 7.59158e+01
8500 9.91794834e+02 4.68322e-04 3.51663e+00 1.19686e-05 7.56498e+01
8510 9.92820501e+02 4.73008e-04 3.52141e+00 1.19153e-05 7.56938e+01
8520 9.93877179e+02 4.59346e-04 3.52604e+00 1.18394e-05 7.72029e+01
8530 9.95033200e+02 4.71049e-04 3.53070e+00 1.24656e-05 7.53204e+01
8540 9.96069220e+02 4.98154e-04 3.53550e+00 1.48999e-05 7.08126e+01
8550 9.97149533e+02 4.74209e-04 3.54038e+00 1.26382e-05 7.51495e+01
8560 9.98238468e+02 4.77581e-04 3.54511e+00 1.33547e-05 7.40211e+01
8570 1.00261259e+03 4.79349e-04 3.54987e+00 1.36946e-05 7.30188e+01
8580 1.00369818e+03 4.84929e-04 3.55472e+00 1.36093e-05 7.32379e+01
8590 1.00486057e+03 4.62384e-04 3.55942e+00 1.23891e-05 7.63299e+01
8600 1.00588601e+03 4.89918e-04 3.56417e+00 1.38011e-05 7.32209e+01
8610 1.00691674e+03 4.72493e-04 3.56894e+00 1.31858e-05 7.49153e+01
8620 1.00793906e+03 4.78689e-04 3.57373e+00 1.37930e-05 7.44492e+01
8630 1.00912345e+03 4.79961e-04 3.57849e+00 1.38022e-05 7.39940e+01
