init_omega completed.
init_props completed.
randomize_u completed
init_profile_ux completed.
#  ite wclock  ts time  resSolver  max(ux) 
0 2.53653706e-01 3.77157e-04 0.00000e+00 9.56631e-03 9.47078e+01
10 1.89797298e+00 3.68709e-04 3.72480e-03 3.50596e-06 9.65019e+01
20 3.55999918e+00 3.65644e-04 7.40105e-03 3.36242e-06 9.73862e+01
30 5.21275897e+00 3.64378e-04 1.10432e-02 3.59558e-06 9.74464e+01
40 6.88414966e+00 3.67012e-04 1.47091e-02 3.67971e-06 9.68902e+01
50 8.59873179e+00 3.65194e-04 1.83704e-02 3.91293e-06 9.72703e+01
60 1.02410728e+01 3.63271e-04 2.20207e-02 4.09271e-06 9.78886e+01
70 1.18854080e+01 3.56247e-04 2.56183e-02 4.21509e-06 9.98300e+01
80 1.35371505e+01 3.60305e-04 2.91893e-02 4.83317e-06 9.83803e+01
90 1.51911011e+01 3.62180e-04 3.28207e-02 5.01404e-06 9.83248e+01
100 1.68399293e+01 3.59928e-04 3.64249e-02 5.40650e-06 9.86946e+01
110 1.84836059e+01 3.61838e-04 4.00371e-02 5.82264e-06 9.81551e+01
120 2.01314506e+01 3.63793e-04 4.36767e-02 6.15742e-06 9.78601e+01
130 2.18004725e+01 3.64221e-04 4.73062e-02 6.73824e-06 9.74119e+01
140 2.34661989e+01 3.63386e-04 5.09521e-02 6.87901e-06 9.78269e+01
150 2.51245619e+01 3.67161e-04 5.45963e-02 7.42427e-06 9.66136e+01
160 2.67676224e+01 3.66398e-04 5.82705e-02 7.38983e-06 9.69970e+01
170 2.84130418e+01 3.68694e-04 6.19483e-02 7.53987e-06 9.64189e+01
180 3.00691602e+01 3.70722e-04 6.56433e-02 7.78072e-06 9.60755e+01
190 3.17492197e+01 3.68098e-04 6.93305e-02 7.74706e-06 9.65069e+01
200 3.37414552e+01 3.62786e-04 7.30009e-02 7.68782e-06 9.81266e+01
210 3.54074311e+01 3.64928e-04 7.66254e-02 8.11967e-06 9.71276e+01
220 3.70452399e+01 3.67396e-04 8.03074e-02 8.43972e-06 9.69000e+01
230 3.86921503e+01 3.65807e-04 8.39688e-02 8.64693e-06 9.72399e+01
240 4.03323736e+01 3.64422e-04 8.76194e-02 8.87129e-06 9.74927e+01
250 4.19755807e+01 3.68519e-04 9.12861e-02 9.21767e-06 9.65519e+01
260 4.36188210e+01 3.66337e-04 9.49609e-02 9.16225e-06 9.70329e+01
270 4.52675479e+01 3.70692e-04 9.86379e-02 9.49834e-06 9.58429e+01
280 4.69160211e+01 3.66929e-04 1.02333e-01 9.13309e-06 9.70231e+01
290 4.85762117e+01 3.66093e-04 1.05991e-01 9.03428e-06 9.72533e+01
300 5.02227834e+01 3.65049e-04 1.09637e-01 8.84343e-06 9.72150e+01
310 5.18732511e+01 3.69492e-04 1.13319e-01 8.83181e-06 9.63673e+01
320 5.35189644e+01 3.68552e-04 1.17000e-01 8.56726e-06 9.63104e+01
330 5.51657211e+01 3.71926e-04 1.20705e-01 8.53895e-06 9.55997e+01
340 5.68097117e+01 3.66689e-04 1.24397e-01 8.30231e-06 9.69233e+01
350 5.84648057e+01 3.68894e-04 1.28067e-01 8.27960e-06 9.65095e+01
360 6.01135737e+01 3.66474e-04 1.31741e-01 8.32021e-06 9.71279e+01
370 6.17672204e+01 3.66221e-04 1.35396e-01 8.08250e-06 9.69211e+01
380 6.34181180e+01 3.69320e-04 1.39083e-01 8.26373e-06 9.62896e+01
390 6.50670042e+01 3.69619e-04 1.42780e-01 7.96279e-06 9.62392e+01
400 6.67085426e+01 3.69230e-04 1.46468e-01 7.23240e-06 9.61545e+01
410 6.83599080e+01 3.72454e-04 1.50170e-01 7.13134e-06 9.54271e+01
420 7.00049563e+01 3.68252e-04 1.53877e-01 7.14070e-06 9.65496e+01
430 7.16496302e+01 3.65027e-04 1.57552e-01 7.51657e-06 9.74603e+01
440 7.33120318e+01 3.67395e-04 1.61204e-01 7.93950e-06 9.65265e+01
450 7.50081125e+01 3.70906e-04 1.64901e-01 9.22519e-06 9.57590e+01
460 7.66757500e+01 3.74384e-04 1.68629e-01 1.03015e-05 9.49536e+01
470 7.83209321e+01 3.72360e-04 1.72363e-01 1.11624e-05 9.55207e+01
480 7.99684609e+01 3.71657e-04 1.76076e-01 1.14621e-05 9.57136e+01
490 8.16205051e+01 3.69634e-04 1.79775e-01 1.17237e-05 9.60867e+01
500 8.32652857e+01 3.67424e-04 1.83464e-01 1.21022e-05 9.68901e+01
510 8.49114638e+01 3.69194e-04 1.87134e-01 1.24032e-05 9.63269e+01
520 8.65968594e+01 3.70406e-04 1.90828e-01 1.28501e-05 9.59475e+01
530 9.30824741e+01 3.61521e-04 1.94497e-01 1.25805e-05 9.84491e+01
540 9.96516123e+01 3.63697e-04 1.98109e-01 1.30077e-05 9.74065e+01
550 1.06058133e+02 3.63999e-04 2.01767e-01 1.36874e-05 9.77657e+01
560 1.12417442e+02 3.65831e-04 2.05404e-01 1.43545e-05 9.72801e+01
570 1.18979907e+02 3.66162e-04 2.09053e-01 1.50682e-05 9.70627e+01
580 1.21232076e+02 3.66317e-04 2.12719e-01 1.60146e-05 9.70037e+01
590 1.22866042e+02 3.63896e-04 2.16376e-01 1.65802e-05 9.76695e+01
600 1.24506152e+02 3.64507e-04 2.20031e-01 1.73500e-05 9.78564e+01
610 1.26140697e+02 3.60286e-04 2.23642e-01 1.75801e-05 9.85038e+01
620 1.27793902e+02 3.65524e-04 2.27281e-01 1.88093e-05 9.74814e+01
630 1.29450393e+02 3.64755e-04 2.30919e-01 1.94629e-05 9.76641e+01
640 1.31094795e+02 3.63122e-04 2.34535e-01 1.99761e-05 9.71645e+01
650 1.32732391e+02 3.68038e-04 2.38213e-01 2.11113e-05 9.66618e+01
660 1.34380257e+02 3.46309e-04 2.41827e-01 1.87376e-05 1.03046e+02
670 1.36020366e+02 3.29888e-04 2.45193e-01 1.75144e-05 1.07514e+02
680 1.37662064e+02 3.48877e-04 2.48544e-01 2.09815e-05 1.02605e+02
690 1.39297911e+02 3.32005e-04 2.51921e-01 1.86607e-05 1.06806e+02
700 1.40934198e+02 3.57556e-04 2.55325e-01 2.37875e-05 9.95827e+01
710 1.42580032e+02 3.28527e-04 2.58767e-01 1.79326e-05 1.08148e+02
720 1.44225313e+02 3.22984e-04 2.62005e-01 1.85359e-05 1.09460e+02
730 1.45857309e+02 3.34157e-04 2.65318e-01 1.80484e-05 1.06900e+02
740 1.47491723e+02 3.21052e-04 2.68568e-01 1.74133e-05 1.09886e+02
750 1.49125484e+02 3.32721e-04 2.71816e-01 1.98228e-05 1.05994e+02
760 1.50760057e+02 3.35390e-04 2.75157e-01 1.85049e-05 1.07125e+02
770 1.52407748e+02 2.95810e-04 2.78299e-01 1.43783e-05 1.20422e+02
780 1.54051514e+02 3.00538e-04 2.81243e-01 1.81521e-05 1.16551e+02
790 1.55697551e+02 3.11914e-04 2.84342e-01 1.86222e-05 1.13016e+02
800 1.57365512e+02 3.11765e-04 2.87518e-01 1.65518e-05 1.13527e+02
810 1.59001980e+02 3.13070e-04 2.90611e-01 2.08280e-05 1.13646e+02
820 1.60678630e+02 2.89471e-04 2.93673e-01 1.45633e-05 1.22880e+02
830 1.62353503e+02 2.91863e-04 2.96535e-01 2.14014e-05 1.19716e+02
840 1.64025982e+02 3.14942e-04 2.99599e-01 1.87779e-05 1.12241e+02
850 1.65701813e+02 3.10420e-04 3.02765e-01 1.93776e-05 1.14775e+02
860 1.67359569e+02 2.93666e-04 3.05828e-01 1.95772e-05 1.21894e+02
870 1.69009817e+02 2.86912e-04 3.08703e-01 1.99539e-05 1.23202e+02
880 1.70690354e+02 3.02766e-04 3.11659e-01 2.15612e-05 1.18849e+02
890 1.72341324e+02 2.80745e-04 3.14550e-01 1.82906e-05 1.26678e+02
900 1.74001940e+02 2.69861e-04 3.17316e-01 1.92782e-05 1.32312e+02
910 1.75667721e+02 2.79521e-04 3.20000e-01 2.35819e-05 1.23972e+02
920 1.77308727e+02 2.96259e-04 3.22996e-01 3.18008e-05 1.20785e+02
930 1.78953973e+02 2.79531e-04 3.25848e-01 2.27326e-05 1.25739e+02
940 1.80592895e+02 2.99359e-04 3.28718e-01 2.99865e-05 1.18009e+02
950 1.82227684e+02 2.85669e-04 3.31633e-01 2.70836e-05 1.23742e+02
960 1.83878351e+02 2.69932e-04 3.34458e-01 2.21067e-05 1.31656e+02
970 1.85528632e+02 2.75193e-04 3.37165e-01 2.40372e-05 1.28031e+02
980 1.87162263e+02 2.58862e-04 3.39903e-01 2.39277e-05 1.38092e+02
990 1.88796532e+02 2.57925e-04 3.42447e-01 2.69885e-05 1.35464e+02
1000 1.90433500e+02 2.89232e-04 3.45204e-01 3.65015e-05 1.23035e+02
1010 1.92070536e+02 2.72055e-04 3.47995e-01 3.11995e-05 1.29956e+02
1020 1.93708048e+02 2.83150e-04 3.50742e-01 3.60931e-05 1.23974e+02
1030 1.95349079e+02 2.78306e-04 3.53599e-01 3.25938e-05 1.27030e+02
1040 1.97008879e+02 2.83157e-04 3.56388e-01 3.47827e-05 1.25782e+02
1050 1.98693987e+02 2.62009e-04 3.59108e-01 3.09753e-05 1.34927e+02
1060 2.00367552e+02 2.70236e-04 3.61774e-01 3.37649e-05 1.30509e+02
1070 2.02030266e+02 2.57713e-04 3.64470e-01 3.30130e-05 1.38878e+02
1080 2.03671402e+02 2.53641e-04 3.66990e-01 3.27497e-05 1.37673e+02
1090 2.05316350e+02 2.60925e-04 3.69631e-01 4.04480e-05 1.37418e+02
1100 2.06962274e+02 2.52300e-04 3.72159e-01 3.33188e-05 1.38882e+02
1110 2.08603639e+02 2.57672e-04 3.74709e-01 3.72460e-05 1.36946e+02
1120 2.10248666e+02 2.61991e-04 3.77367e-01 3.69418e-05 1.36366e+02
1130 2.11910407e+02 2.67112e-04 3.79970e-01 4.29543e-05 1.31326e+02
1140 2.13562205e+02 2.76734e-04 3.82730e-01 3.96941e-05 1.28912e+02
1150 2.15202309e+02 2.74305e-04 3.85460e-01 4.16827e-05 1.29604e+02
1160 2.16842497e+02 2.62463e-04 3.88175e-01 4.19668e-05 1.36023e+02
1170 2.18483579e+02 2.52072e-04 3.90736e-01 3.85250e-05 1.40594e+02
1180 2.20118923e+02 2.58858e-04 3.93312e-01 4.00177e-05 1.37566e+02
1190 2.21756340e+02 2.65382e-04 3.95907e-01 4.93412e-05 1.32646e+02
1200 2.23396074e+02 2.46494e-04 3.98480e-01 3.30679e-05 1.44580e+02
1210 2.25052723e+02 2.50445e-04 4.00940e-01 3.86433e-05 1.40497e+02
1220 2.26698522e+02 2.63458e-04 4.03540e-01 3.00214e-05 1.34767e+02
1230 2.28342741e+02 2.62465e-04 4.06188e-01 3.29779e-05 1.35913e+02
1240 2.29988897e+02 2.57458e-04 4.08784e-01 2.79761e-05 1.36790e+02
1250 2.34878903e+02 2.63092e-04 4.11365e-01 3.19457e-05 1.33613e+02
1260 2.36515399e+02 2.73112e-04 4.14095e-01 3.72786e-05 1.31169e+02
1270 2.38159089e+02 2.59078e-04 4.16742e-01 2.31822e-05 1.36373e+02
1280 2.39802401e+02 2.39269e-04 4.19291e-01 2.92951e-05 1.48646e+02
1290 2.41436525e+02 2.49632e-04 4.21701e-01 2.17485e-05 1.41860e+02
1300 2.43070656e+02 2.56543e-04 4.24243e-01 2.34599e-05 1.36179e+02
1310 2.44707143e+02 2.61165e-04 4.26872e-01 3.29582e-05 1.37077e+02
1320 2.46341733e+02 2.56373e-04 4.29437e-01 2.33389e-05 1.37955e+02
1330 2.47973914e+02 2.54591e-04 4.31988e-01 2.37641e-05 1.38837e+02
1340 2.49605406e+02 2.47722e-04 4.34548e-01 3.18275e-05 1.42023e+02
1350 2.51245140e+02 2.50523e-04 4.37005e-01 2.32243e-05 1.38279e+02
1360 2.52903513e+02 2.55635e-04 4.39552e-01 2.29940e-05 1.37093e+02
1370 2.54548538e+02 2.70484e-04 4.42199e-01 2.31162e-05 1.29077e+02
1380 2.56185824e+02 2.54683e-04 4.44873e-01 2.49557e-05 1.39317e+02
1390 2.57821828e+02 2.57188e-04 4.47400e-01 1.51098e-05 1.35977e+02
1400 2.59457570e+02 2.68834e-04 4.50073e-01 2.49321e-05 1.31223e+02
1410 2.61092535e+02 2.56719e-04 4.52700e-01 1.58991e-05 1.37787e+02
1420 2.62734949e+02 2.44708e-04 4.55258e-01 2.84516e-05 1.46367e+02
1430 2.64378204e+02 2.30798e-04 4.57614e-01 1.14724e-05 1.52411e+02
1440 2.66033732e+02 2.52277e-04 4.59986e-01 1.28957e-05 1.41428e+02
1450 2.67681446e+02 2.44362e-04 4.62447e-01 9.26888e-06 1.44444e+02
1460 2.69325266e+02 2.68706e-04 4.64982e-01 6.49023e-06 1.32148e+02
1470 2.70991807e+02 2.64878e-04 4.67657e-01 1.64608e-05 1.32931e+02
1480 2.72646384e+02 2.67521e-04 4.70328e-01 1.21565e-05 1.31767e+02
1490 2.74285822e+02 2.56077e-04 4.72979e-01 1.19005e-05 1.38596e+02
1500 2.75924506e+02 2.64056e-04 4.75561e-01 1.04053e-05 1.34581e+02
1510 2.77601638e+02 2.61571e-04 4.78209e-01 1.39142e-05 1.34820e+02
1520 2.79279337e+02 2.53579e-04 4.80788e-01 1.31794e-05 1.39979e+02
1530 2.80927092e+02 2.55739e-04 4.83362e-01 2.50556e-05 1.36837e+02
1540 2.82566538e+02 2.50468e-04 4.85855e-01 1.04327e-05 1.39126e+02
1550 2.84198239e+02 2.73096e-04 4.88497e-01 1.51687e-05 1.28726e+02
1560 2.85831382e+02 2.78587e-04 4.91236e-01 8.91271e-06 1.25630e+02
1570 2.87474311e+02 2.79145e-04 4.94079e-01 1.88928e-05 1.28299e+02
1580 2.89108362e+02 2.66289e-04 4.96789e-01 1.05454e-05 1.33247e+02
1590 2.90759050e+02 2.67389e-04 4.99438e-01 1.19294e-05 1.32560e+02
1600 2.92422928e+02 2.60098e-04 5.02067e-01 9.21440e-06 1.36172e+02
1610 2.94069082e+02 2.57774e-04 5.04657e-01 6.39781e-06 1.37074e+02
1620 2.95709813e+02 2.68082e-04 5.07295e-01 8.11832e-06 1.33741e+02
1630 2.97357133e+02 2.61770e-04 5.09908e-01 9.58044e-06 1.34449e+02
1640 2.98997285e+02 2.79110e-04 5.12643e-01 1.57694e-05 1.27294e+02
1650 3.00633560e+02 2.89684e-04 5.15450e-01 1.50278e-05 1.21055e+02
1660 3.02277304e+02 2.84704e-04 5.18376e-01 1.68205e-05 1.25814e+02
1670 3.03923632e+02 2.80790e-04 5.21171e-01 9.46636e-06 1.25658e+02
1680 3.05583743e+02 2.73816e-04 5.24007e-01 1.17599e-05 1.30439e+02
1690 3.07231263e+02 2.70790e-04 5.26718e-01 7.56513e-06 1.30055e+02
1700 3.08865830e+02 2.82030e-04 5.29458e-01 9.51917e-06 1.24214e+02
1710 3.10499924e+02 2.88409e-04 5.32338e-01 8.94521e-06 1.23232e+02
1720 3.12134871e+02 2.84523e-04 5.35198e-01 6.98504e-06 1.23445e+02
1730 3.13767884e+02 2.87645e-04 5.38069e-01 7.01433e-06 1.23517e+02
1740 3.15401993e+02 2.86058e-04 5.40967e-01 9.28558e-06 1.24492e+02
1750 3.17036093e+02 2.84039e-04 5.43800e-01 8.81303e-06 1.23448e+02
1760 3.18671465e+02 2.96597e-04 5.46755e-01 1.05191e-05 1.21358e+02
1770 3.20333158e+02 2.79463e-04 5.49600e-01 9.05496e-06 1.26349e+02
1780 3.22002340e+02 2.80443e-04 5.52443e-01 7.84083e-06 1.27166e+02
1790 3.23642880e+02 2.83226e-04 5.55236e-01 7.13694e-06 1.24655e+02
1800 3.25292051e+02 2.97642e-04 5.58153e-01 6.26099e-06 1.19776e+02
1810 3.26930964e+02 2.92952e-04 5.61087e-01 6.18181e-06 1.20576e+02
1820 3.28575439e+02 2.94405e-04 5.64040e-01 6.69432e-06 1.20657e+02
1830 3.30217052e+02 3.01421e-04 5.67019e-01 8.03273e-06 1.18324e+02
1840 3.31864064e+02 3.00195e-04 5.70005e-01 9.79408e-06 1.18948e+02
1850 3.33516227e+02 2.89572e-04 5.72944e-01 7.34856e-06 1.22633e+02
1860 3.35170091e+02 2.85695e-04 5.75834e-01 6.98099e-06 1.24520e+02
1870 3.36811918e+02 2.94543e-04 5.78710e-01 1.24755e-05 1.19630e+02
1880 3.38449269e+02 3.09663e-04 5.81748e-01 1.13055e-05 1.14806e+02
1890 3.40092561e+02 3.17587e-04 5.84870e-01 1.22633e-05 1.11553e+02
1900 3.41728931e+02 3.04834e-04 5.88029e-01 1.35570e-05 1.17015e+02
1910 3.43372846e+02 3.09123e-04 5.91060e-01 1.38120e-05 1.13865e+02
1920 3.45037637e+02 3.02841e-04 5.94143e-01 1.03741e-05 1.16813e+02
1930 3.46689267e+02 3.19572e-04 5.97238e-01 7.82951e-06 1.11308e+02
1940 3.48345995e+02 3.11918e-04 6.00382e-01 6.60839e-06 1.13507e+02
1950 3.49994766e+02 3.13981e-04 6.03501e-01 8.06351e-06 1.12437e+02
1960 3.51650336e+02 2.80311e-04 6.06485e-01 6.95178e-06 1.27262e+02
1970 3.53291495e+02 2.79000e-04 6.09255e-01 5.69893e-06 1.26543e+02
1980 3.54930985e+02 3.12386e-04 6.12163e-01 1.14648e-05 1.11736e+02
1990 3.56580338e+02 3.08324e-04 6.15334e-01 9.21324e-06 1.15329e+02
2000 3.58228367e+02 3.07846e-04 6.18429e-01 1.60481e-05 1.16338e+02
2010 3.59874174e+02 3.01802e-04 6.21443e-01 6.30093e-06 1.16947e+02
2020 3.61540713e+02 3.11060e-04 6.24497e-01 4.87422e-06 1.12928e+02
2030 3.63187078e+02 3.19965e-04 6.27694e-01 6.84961e-06 1.10566e+02
2040 3.64833106e+02 3.15119e-04 6.30874e-01 6.43512e-06 1.12631e+02
2050 3.66477550e+02 3.30266e-04 6.34075e-01 5.31818e-06 1.06095e+02
2060 3.68128637e+02 3.34734e-04 6.37440e-01 6.21120e-06 1.05990e+02
2070 3.69775082e+02 3.28312e-04 6.40789e-01 8.37141e-06 1.08279e+02
2080 3.71423297e+02 3.30497e-04 6.44056e-01 6.03090e-06 1.06399e+02
2090 3.73064284e+02 3.42631e-04 6.47392e-01 4.37511e-06 1.02297e+02
2100 3.74728975e+02 3.44075e-04 6.50857e-01 5.57932e-06 1.03820e+02
2110 3.76377963e+02 3.26423e-04 6.54234e-01 5.64662e-06 1.09057e+02
2120 3.78028978e+02 3.11587e-04 6.57424e-01 4.61397e-06 1.14259e+02
2130 3.79672540e+02 3.14092e-04 6.60554e-01 4.52281e-06 1.13331e+02
2140 3.81319851e+02 3.21289e-04 6.63701e-01 5.55813e-06 1.09587e+02
2150 3.82964375e+02 3.31611e-04 6.67010e-01 5.46289e-06 1.07106e+02
2160 3.84615185e+02 3.44793e-04 6.70365e-01 5.62900e-06 1.02503e+02
2170 3.86258684e+02 3.37139e-04 6.73776e-01 4.87998e-06 1.05309e+02
2180 3.87908948e+02 3.33611e-04 6.77141e-01 5.87879e-06 1.07040e+02
2190 3.89565839e+02 3.28943e-04 6.80435e-01 6.48735e-06 1.07756e+02
2200 3.91211734e+02 3.41638e-04 6.83797e-01 7.31431e-06 1.03523e+02
2210 3.92865832e+02 3.38305e-04 6.87227e-01 5.67760e-06 1.05354e+02
2220 3.94529840e+02 3.36263e-04 6.90573e-01 4.46216e-06 1.04514e+02
2230 3.96180292e+02 3.49447e-04 6.94036e-01 4.61386e-06 1.02215e+02
2240 3.97836200e+02 3.51848e-04 6.97506e-01 5.50150e-06 1.00294e+02
2250 3.99494368e+02 3.44888e-04 7.01067e-01 2.82374e-06 1.03583e+02
2260 4.01151687e+02 3.49952e-04 7.04501e-01 6.02787e-06 1.01336e+02
2270 4.02814194e+02 3.54890e-04 7.08039e-01 6.66525e-06 1.00014e+02
2280 4.04469408e+02 3.47043e-04 7.11579e-01 4.67588e-06 1.02560e+02
2290 4.06126289e+02 3.42253e-04 7.14994e-01 6.40879e-06 1.03933e+02
2300 4.07776014e+02 3.46403e-04 7.18437e-01 3.25666e-06 1.02598e+02
2310 4.09421190e+02 3.46783e-04 7.21885e-01 4.23856e-06 1.02719e+02
2320 4.11074536e+02 3.55406e-04 7.25350e-01 4.42762e-06 9.85976e+01
2330 4.12716873e+02 3.53100e-04 7.28934e-01 4.93654e-06 1.00759e+02
2340 4.14370338e+02 3.57550e-04 7.32499e-01 4.46430e-06 9.88172e+01
2350 4.16021358e+02 3.56767e-04 7.36067e-01 4.27314e-06 9.91710e+01
2360 4.17661000e+02 3.48720e-04 7.39625e-01 4.44776e-06 1.02025e+02
2370 4.19301711e+02 3.63472e-04 7.43146e-01 5.76199e-06 9.67670e+01
2380 4.20939230e+02 3.63888e-04 7.46791e-01 5.40994e-06 9.74780e+01
2390 4.22585032e+02 3.58766e-04 7.50457e-01 5.97311e-06 9.96695e+01
2400 4.24277456e+02 3.52437e-04 7.53982e-01 5.08166e-06 1.00117e+02
2410 4.25978781e+02 3.60154e-04 7.57583e-01 6.41777e-06 9.98797e+01
2420 4.27619966e+02 3.36771e-04 7.61046e-01 4.28088e-06 1.05601e+02
2430 4.29274350e+02 3.48154e-04 7.64439e-01 4.57973e-06 1.01044e+02
2440 4.33291717e+02 3.61503e-04 7.68033e-01 4.31329e-06 9.83100e+01
2450 4.35383754e+02 3.73394e-04 7.71690e-01 4.46533e-06 9.48413e+01
2460 4.37024917e+02 3.77145e-04 7.75455e-01 4.37607e-06 9.41652e+01
2470 4.38666265e+02 3.66698e-04 7.79183e-01 3.61879e-06 9.67555e+01
2480 4.40310079e+02 3.80628e-04 7.82891e-01 3.47021e-06 9.40057e+01
2490 4.41965407e+02 3.68706e-04 7.86609e-01 3.24965e-06 9.68619e+01
2500 4.43614699e+02 3.62278e-04 7.90251e-01 3.49089e-06 9.78801e+01
2510 4.45255113e+02 3.65009e-04 7.93908e-01 4.20154e-06 9.71728e+01
2520 4.46896976e+02 3.62860e-04 7.97579e-01 4.27706e-06 9.85310e+01
2530 4.48537979e+02 3.59641e-04 8.01160e-01 4.94394e-06 9.83061e+01
2540 4.50194554e+02 3.89409e-04 8.04892e-01 5.18458e-06 9.16156e+01
2550 4.51840987e+02 3.79114e-04 8.08742e-01 4.26020e-06 9.38385e+01
2560 4.53491807e+02 3.87596e-04 8.12558e-01 3.96291e-06 9.12861e+01
2570 4.55151666e+02 3.94346e-04 8.16489e-01 5.04747e-06 9.02977e+01
2580 4.56809213e+02 3.69047e-04 8.20305e-01 6.13780e-06 9.64684e+01
2590 4.58455552e+02 3.68905e-04 8.23985e-01 5.62513e-06 9.57581e+01
2600 4.60099814e+02 3.70353e-04 8.27702e-01 4.21709e-06 9.57710e+01
2610 4.61747192e+02 3.83234e-04 8.31480e-01 3.89880e-06 9.28986e+01
2620 4.63382491e+02 3.84855e-04 8.35311e-01 3.27467e-06 9.22533e+01
2630 4.65019188e+02 3.57787e-04 8.39065e-01 3.88389e-06 1.00010e+02
2640 4.66661565e+02 3.48207e-04 8.42573e-01 2.96691e-06 1.01796e+02
2650 4.68297983e+02 3.72543e-04 8.46133e-01 4.34841e-06 9.42512e+01
2660 4.69955377e+02 3.81160e-04 8.49945e-01 4.20929e-06 9.30454e+01
2670 4.71598636e+02 3.85193e-04 8.53798e-01 5.03259e-06 9.23878e+01
2680 4.73285671e+02 3.84964e-04 8.57651e-01 4.27049e-06 9.20850e+01
2690 4.75006621e+02 3.98480e-04 8.61543e-01 3.09375e-06 8.85747e+01
2700 4.76695961e+02 4.02571e-04 8.65544e-01 2.99465e-06 8.81666e+01
2710 4.79465349e+02 3.89584e-04 8.69501e-01 3.21392e-06 9.10765e+01
2720 4.81983632e+02 3.95752e-04 8.73412e-01 2.91250e-06 8.98262e+01
2730 4.83641635e+02 4.03267e-04 8.77390e-01 2.47786e-06 8.76476e+01
2740 4.85279370e+02 3.76372e-04 8.81303e-01 3.24920e-06 9.47299e+01
2750 4.86924069e+02 3.80536e-04 8.85055e-01 1.54667e-06 9.27948e+01
2760 4.88565652e+02 3.97772e-04 8.88973e-01 1.58940e-06 8.89131e+01
2770 4.90208792e+02 4.02329e-04 8.92967e-01 2.30178e-06 8.84286e+01
2780 4.91887824e+02 3.90873e-04 8.96952e-01 2.04274e-06 9.11132e+01
2790 4.93562312e+02 3.82681e-04 9.00840e-01 2.13388e-06 9.29585e+01
2800 4.95211811e+02 3.93370e-04 9.04680e-01 2.01193e-06 9.02613e+01
2810 4.96869795e+02 3.95978e-04 9.08629e-01 2.22370e-06 9.00148e+01
2820 4.98519238e+02 3.71738e-04 9.12446e-01 1.90649e-06 9.51475e+01
2830 5.00173190e+02 3.87188e-04 9.16198e-01 1.70993e-06 9.10894e+01
2840 5.01824468e+02 3.90907e-04 9.20077e-01 1.75557e-06 9.04096e+01
2850 5.03477204e+02 3.96347e-04 9.24041e-01 2.19746e-06 8.96561e+01
2860 5.05122930e+02 3.99000e-04 9.28026e-01 2.91761e-06 8.93522e+01
2870 5.06773960e+02 3.94316e-04 9.31968e-01 3.26474e-06 8.97962e+01
2880 5.08420997e+02 3.90937e-04 9.35947e-01 3.29819e-06 9.07127e+01
2890 5.10081153e+02 3.92459e-04 9.39834e-01 2.98139e-06 8.96012e+01
2900 5.14270890e+02 4.09613e-04 9.43875e-01 2.62556e-06 8.68654e+01
2910 5.20856962e+02 4.05026e-04 9.47958e-01 2.98896e-06 8.78211e+01
2920 5.27027479e+02 3.88981e-04 9.51969e-01 3.18561e-06 9.22477e+01
2930 5.29892725e+02 3.74391e-04 9.55752e-01 3.12026e-06 9.46276e+01
2940 5.31538048e+02 4.08945e-04 9.59607e-01 5.27462e-06 8.55331e+01
2950 5.33197420e+02 4.18964e-04 9.63803e-01 3.88958e-06 8.52510e+01
2960 5.34846600e+02 4.08121e-04 9.67926e-01 3.50889e-06 8.77005e+01
2970 5.36504681e+02 3.92032e-04 9.71914e-01 2.92699e-06 9.07277e+01
2980 5.38171616e+02 4.02836e-04 9.75859e-01 2.66788e-06 8.76265e+01
2990 5.39819370e+02 4.00119e-04 9.79890e-01 3.00370e-06 8.86629e+01
3000 5.41473093e+02 4.24685e-04 9.83968e-01 3.63215e-06 8.33556e+01
3010 5.43127917e+02 4.22676e-04 9.88232e-01 3.03805e-06 8.46035e+01
3020 5.44774671e+02 3.95012e-04 9.92355e-01 3.01604e-06 9.07081e+01
3030 5.46423148e+02 3.78275e-04 9.96202e-01 1.92186e-06 9.38166e+01
3040 5.48093062e+02 3.88241e-04 1.00003e+00 2.27979e-06 9.16265e+01
3050 5.49784290e+02 3.97630e-04 1.00393e+00 2.37471e-06 8.85968e+01
3060 5.51522787e+02 4.05024e-04 1.00799e+00 2.85757e-06 8.76767e+01
3070 5.53213745e+02 3.96926e-04 1.01204e+00 3.06179e-06 8.98050e+01
3080 5.54874115e+02 4.04168e-04 1.01600e+00 2.91276e-06 8.71289e+01
3090 5.60837915e+02 4.22243e-04 1.02018e+00 2.80918e-06 8.42652e+01
3100 5.67532637e+02 4.14825e-04 1.02440e+00 3.01265e-06 8.60789e+01
3110 5.74415613e+02 4.08385e-04 1.02849e+00 2.62509e-06 8.68509e+01
3120 5.81030086e+02 4.16558e-04 1.03262e+00 2.72225e-06 8.45359e+01
3130 5.87539324e+02 4.18099e-04 1.03681e+00 2.77167e-06 8.49143e+01
3140 5.93873752e+02 4.05704e-04 1.04098e+00 2.61895e-06 8.79160e+01
3150 6.00116223e+02 4.13519e-04 1.04503e+00 2.73139e-06 8.51615e+01
3160 6.04644705e+02 4.20422e-04 1.04927e+00 2.62067e-06 8.47095e+01
3170 6.06294029e+02 4.21894e-04 1.05345e+00 2.70977e-06 8.37577e+01
3180 6.07941094e+02 4.26100e-04 1.05773e+00 3.11753e-06 8.43668e+01
3190 6.09582810e+02 3.94124e-04 1.06182e+00 2.36139e-06 9.04166e+01
3200 6.11224195e+02 3.95210e-04 1.06574e+00 2.27453e-06 8.93167e+01
3210 6.12869451e+02 4.14130e-04 1.06981e+00 2.31263e-06 8.57810e+01
3220 6.14519459e+02 4.06088e-04 1.07392e+00 1.97242e-06 8.74505e+01
3230 6.16162614e+02 4.09507e-04 1.07800e+00 2.04086e-06 8.64138e+01
3240 6.17808154e+02 4.19711e-04 1.08215e+00 2.63192e-06 8.44763e+01
3250 6.19475652e+02 4.37432e-04 1.08641e+00 3.78335e-06 8.13403e+01
3260 6.21118512e+02 4.16343e-04 1.09069e+00 2.38066e-06 8.54316e+01
3270 6.22756570e+02 4.26433e-04 1.09486e+00 3.05146e-06 8.25189e+01
3280 6.24396215e+02 4.14669e-04 1.09913e+00 3.20757e-06 8.61581e+01
3290 6.26057281e+02 4.14222e-04 1.10324e+00 2.84305e-06 8.51426e+01
3300 6.27703469e+02 4.18974e-04 1.10747e+00 3.42836e-06 8.52988e+01
3310 6.29346851e+02 4.20899e-04 1.11162e+00 2.54489e-06 8.38624e+01
3320 6.30990415e+02 4.16968e-04 1.11585e+00 2.39053e-06 8.52986e+01
3330 6.32638336e+02 4.22208e-04 1.12005e+00 2.22251e-06 8.40170e+01
3340 6.36442663e+02 4.13898e-04 1.12428e+00 2.70013e-06 8.62399e+01
3350 6.43301446e+02 4.09391e-04 1.12838e+00 1.79835e-06 8.65747e+01
3360 6.50180774e+02 4.15520e-04 1.13253e+00 2.08621e-06 8.56407e+01
3370 6.56620761e+02 4.13137e-04 1.13670e+00 2.95680e-06 8.62905e+01
3380 6.63050226e+02 4.02280e-04 1.14075e+00 1.84551e-06 8.78799e+01
3390 6.69435889e+02 4.26416e-04 1.14487e+00 2.30425e-06 8.34827e+01
3400 6.76003891e+02 4.17643e-04 1.14909e+00 2.68162e-06 8.50313e+01
3410 6.82124695e+02 4.20066e-04 1.15330e+00 3.09272e-06 8.48125e+01
3420 6.88534741e+02 4.20270e-04 1.15748e+00 2.61874e-06 8.41633e+01
3430 6.95484150e+02 4.28506e-04 1.16177e+00 2.79579e-06 8.34978e+01
3440 7.02998236e+02 4.13435e-04 1.16597e+00 2.18414e-06 8.62549e+01
3450 7.09990239e+02 4.18708e-04 1.17010e+00 2.53886e-06 8.43351e+01
3460 7.16554813e+02 4.31374e-04 1.17435e+00 2.51148e-06 8.19793e+01
3470 7.23250768e+02 4.38520e-04 1.17869e+00 2.51871e-06 8.13536e+01
3480 7.29837699e+02 4.24754e-04 1.18302e+00 1.83883e-06 8.35162e+01
3490 7.36287779e+02 4.23108e-04 1.18724e+00 2.10681e-06 8.36089e+01
3500 7.43227342e+02 4.15931e-04 1.19149e+00 1.74926e-06 8.58586e+01
3510 7.49622724e+02 3.99882e-04 1.19555e+00 1.71526e-06 8.86586e+01
3520 7.56304535e+02 4.12524e-04 1.19960e+00 2.08591e-06 8.65277e+01
3530 7.62997479e+02 4.09168e-04 1.20369e+00 2.26333e-06 8.65794e+01
3540 7.69842704e+02 4.26412e-04 1.20788e+00 2.79102e-06 8.32613e+01
3550 7.77929945e+02 4.35861e-04 1.21219e+00 3.03576e-06 8.18625e+01
3560 7.84860547e+02 4.39355e-04 1.21654e+00 2.97835e-06 8.11718e+01
3570 7.91707152e+02 4.34251e-04 1.22090e+00 3.01844e-06 8.12678e+01
3580 7.98037942e+02 4.42288e-04 1.22529e+00 3.09979e-06 8.06793e+01
3590 8.04702403e+02 4.35310e-04 1.22967e+00 2.48972e-06 8.15596e+01
3600 8.11703278e+02 4.33995e-04 1.23403e+00 2.39812e-06 8.18692e+01
3610 8.18679058e+02 4.27782e-04 1.23838e+00 2.53159e-06 8.37220e+01
3620 8.25246856e+02 4.05369e-04 1.24254e+00 2.27277e-06 8.77983e+01
3630 8.31957219e+02 4.03827e-04 1.24659e+00 2.50130e-06 8.82011e+01
3640 8.38486365e+02 4.07757e-04 1.25061e+00 2.76530e-06 8.65914e+01
3650 8.45145813e+02 4.25351e-04 1.25483e+00 3.25963e-06 8.43776e+01
3660 8.51539667e+02 3.95510e-04 1.25893e+00 2.60313e-06 9.02198e+01
3670 8.58158848e+02 3.90543e-04 1.26284e+00 2.47338e-06 9.08038e+01
3680 8.64493881e+02 4.09103e-04 1.26681e+00 2.72800e-06 8.60973e+01
3690 8.71286896e+02 3.97586e-04 1.27094e+00 3.30754e-06 9.06464e+01
3700 8.77935971e+02 3.69450e-04 1.27474e+00 2.30728e-06 9.62479e+01
3710 8.84322176e+02 3.89498e-04 1.27849e+00 2.57559e-06 9.01641e+01
3720 8.91073782e+02 4.19913e-04 1.28260e+00 3.14967e-06 8.52194e+01
3730 8.97402933e+02 4.18228e-04 1.28676e+00 3.00817e-06 8.47490e+01
3740 9.04009106e+02 4.16087e-04 1.29094e+00 2.95375e-06 8.52155e+01
3750 9.10335943e+02 4.02764e-04 1.29512e+00 3.13889e-06 8.90204e+01
3760 9.16760501e+02 3.92989e-04 1.29906e+00 2.84196e-06 9.00347e+01
3770 9.23491614e+02 4.34382e-04 1.30313e+00 3.68613e-06 8.25492e+01
3780 9.29839590e+02 4.26671e-04 1.30739e+00 3.49510e-06 8.28544e+01
3790 9.36233376e+02 4.17480e-04 1.31163e+00 3.25303e-06 8.51800e+01
3800 9.42705349e+02 4.20121e-04 1.31581e+00 3.16707e-06 8.42429e+01
