================================================================================
HPC^2 EXECUTION PARAMETERS
================================================================================
                       profile: true
                       overlap: true
                           thr: [4]
Default used for parameters:
                           upd: 1
                           soc: 0
                           dev: 1
                           arc: []
                           str: []
                           wgt: []
                           smf: []
--------------------------------------------------------------------------------
 dev[0]: arc=0, thr=4, wgt=1.000000, smf=1
init_omega completed.
init_props completed.
randomize_u completed
init_profile_ux completed.
 rank 0, part 0: inn 122880, ifc 8192, hal 8192; send 8192; swap 0; recv 8192
 rank 0, part 0: inn 393216, ifc 8192, hal 0; send 0; swap 0; recv 0
 rank 0, part 0: inn 126976, ifc 8192, hal 8192; send 8192; swap 0; recv 8192
 rank 0, part 0: inn 4096, ifc 0, hal 0; send 0; swap 0; recv 0
 rank 0, part 0: inn 2, ifc 3, hal 0; send 0; swap 0; recv 0
dim_: 1, ncmp: 1, dim: 1
#  ite wclock  ts time  resSolver  max(ux) 
0 4.08078568e+00 4.38833e-03 0.00000e+00 2.70274e-04 9.20649e+01
10 1.35504390e+01 4.45012e-03 4.41965e-02 3.29848e-05 9.31100e+01
20 2.66272101e+01 4.45385e-03 8.87709e-02 2.80654e-05 9.27082e+01
30 4.05226617e+01 4.49303e-03 1.33504e-01 2.39978e-05 9.14705e+01
40 5.48241571e+01 4.48179e-03 1.78396e-01 1.78629e-05 9.12878e+01
50 7.03699196e+01 4.51557e-03 2.23342e-01 1.49323e-05 9.09640e+01
60 8.60880188e+01 4.51049e-03 2.68426e-01 1.25593e-05 9.08143e+01
70 1.01824227e+02 4.50729e-03 3.13553e-01 1.18036e-05 9.07284e+01
80 1.17962189e+02 4.51804e-03 3.58619e-01 1.11100e-05 9.07128e+01
90 1.34097849e+02 4.53059e-03 4.03860e-01 1.04827e-05 9.05900e+01
100 1.49872515e+02 4.53232e-03 4.49151e-01 1.15158e-05 9.06918e+01
110 1.65438448e+02 4.52861e-03 4.94495e-01 1.17220e-05 9.06243e+01
120 1.81696132e+02 4.54120e-03 5.39831e-01 1.45742e-05 9.04452e+01
130 1.98967377e+02 4.54129e-03 5.85231e-01 2.01535e-05 9.04454e+01
140 2.16041148e+02 4.53996e-03 6.30654e-01 2.60365e-05 9.03919e+01
150 2.33011049e+02 4.35216e-03 6.74543e-01 3.63065e-05 9.03876e+01
160 2.49769704e+02 3.91204e-03 7.15855e-01 4.98172e-05 9.05057e+01
170 2.64909949e+02 3.00773e-03 7.50461e-01 6.24213e-05 9.78458e+01
180 2.79302110e+02 2.78817e-03 7.80462e-01 9.51731e-05 1.06203e+02
190 2.93102609e+02 2.07315e-03 8.06046e-01 1.13792e-04 1.32406e+02
200 3.06558448e+02 1.83823e-03 8.25639e-01 1.34993e-04 1.28698e+02
210 3.19967022e+02 2.01375e-03 8.44403e-01 1.82596e-04 1.29501e+02
220 3.33549606e+02 2.12251e-03 8.63955e-01 2.34874e-04 1.29016e+02
230 3.46962489e+02 1.74433e-03 8.82945e-01 2.43218e-04 1.31410e+02
240 3.60262259e+02 1.79039e-03 9.00516e-01 2.59665e-04 1.35884e+02
250 3.73410267e+02 1.63004e-03 9.17926e-01 2.94387e-04 1.26628e+02
260 3.86379289e+02 1.58182e-03 9.33597e-01 3.34461e-04 1.25449e+02
270 3.99159971e+02 1.43502e-03 9.48321e-01 3.42667e-04 1.32451e+02
280 4.11957127e+02 1.57335e-03 9.62581e-01 3.99197e-04 1.25818e+02
290 4.24978165e+02 1.63632e-03 9.79940e-01 4.71977e-04 1.29758e+02
300 4.37650217e+02 1.51926e-03 9.94859e-01 4.78160e-04 1.27220e+02
310 4.50375641e+02 1.56257e-03 1.01110e+00 5.38901e-04 1.32905e+02
320 4.62408569e+02 1.19071e-03 1.02419e+00 4.63529e-04 1.38923e+02
330 4.74451799e+02 1.43760e-03 1.03755e+00 5.34381e-04 1.35151e+02
340 4.86323441e+02 1.44439e-03 1.05167e+00 5.69738e-04 1.34897e+02
350 4.98143879e+02 1.35163e-03 1.06699e+00 6.03478e-04 1.54710e+02
360 5.09791655e+02 1.43220e-03 1.08143e+00 6.29363e-04 1.44709e+02
370 5.21317478e+02 1.49958e-03 1.09579e+00 6.51336e-04 1.57856e+02
380 5.32582243e+02 1.21210e-03 1.10940e+00 5.57433e-04 1.37336e+02
390 5.43730595e+02 1.46373e-03 1.12316e+00 6.24543e-04 1.35200e+02
400 5.54617753e+02 1.49325e-03 1.13732e+00 6.15991e-04 1.25777e+02
410 5.65749708e+02 1.79118e-03 1.15360e+00 6.55642e-04 1.28792e+02
420 5.76903012e+02 1.55829e-03 1.16960e+00 5.69979e-04 1.26913e+02
430 5.88044007e+02 1.48875e-03 1.18633e+00 5.26019e-04 1.30533e+02
440 5.99191208e+02 1.87773e-03 1.20338e+00 5.17465e-04 1.31297e+02
450 6.10425975e+02 2.09306e-03 1.22286e+00 5.12362e-04 1.12026e+02
460 6.21699218e+02 2.18073e-03 1.24359e+00 4.56654e-04 1.15267e+02
470 6.33035401e+02 2.24595e-03 1.26526e+00 4.26823e-04 1.07764e+02
480 6.44558962e+02 2.31214e-03 1.28861e+00 3.55557e-04 1.10708e+02
490 6.56211302e+02 2.27522e-03 1.31183e+00 3.34757e-04 1.03514e+02
500 6.67939894e+02 2.47565e-03 1.33615e+00 3.06410e-04 1.00504e+02
510 6.79668776e+02 2.63920e-03 1.36237e+00 2.77878e-04 1.10787e+02
520 6.91492294e+02 2.77460e-03 1.38860e+00 2.33666e-04 9.78367e+01
530 7.03413566e+02 2.71879e-03 1.41537e+00 2.22877e-04 9.30934e+01
540 7.15579577e+02 2.92436e-03 1.44341e+00 1.93178e-04 9.61390e+01
550 7.27832750e+02 2.87309e-03 1.47095e+00 1.81282e-04 1.00494e+02
560 7.40110378e+02 2.99154e-03 1.49833e+00 1.79760e-04 9.64562e+01
570 7.52286597e+02 2.70645e-03 1.52604e+00 1.54699e-04 8.97821e+01
580 7.64413676e+02 2.78394e-03 1.55384e+00 1.45509e-04 1.01153e+02
590 7.76454414e+02 2.63066e-03 1.57984e+00 1.39929e-04 9.69892e+01
600 7.88977995e+02 2.96492e-03 1.60797e+00 1.35377e-04 9.54854e+01
610 8.01438557e+02 2.47400e-03 1.63485e+00 1.16624e-04 1.11203e+02
620 8.13870991e+02 2.69671e-03 1.66050e+00 1.31666e-04 1.03799e+02
630 8.26225572e+02 2.80899e-03 1.68752e+00 1.31956e-04 1.17523e+02
640 8.38633536e+02 2.99730e-03 1.71646e+00 1.34384e-04 9.42686e+01
650 8.51019991e+02 2.82029e-03 1.74595e+00 1.22831e-04 9.16571e+01
660 8.63294887e+02 2.92789e-03 1.77513e+00 1.27744e-04 1.00046e+02
670 8.75679960e+02 2.56340e-03 1.80368e+00 1.14790e-04 9.59433e+01
680 8.88056354e+02 2.97596e-03 1.83120e+00 1.23873e-04 1.04572e+02
690 9.00676684e+02 2.80849e-03 1.86117e+00 1.17738e-04 8.87654e+01
700 9.13353616e+02 2.72574e-03 1.89093e+00 1.12963e-04 8.87938e+01
710 9.25981366e+02 3.00459e-03 1.91929e+00 1.15993e-04 9.01963e+01
720 9.38732523e+02 3.04416e-03 1.94942e+00 1.20083e-04 8.83914e+01
730 9.51616639e+02 2.99065e-03 1.97903e+00 1.18928e-04 9.48061e+01
740 9.64404719e+02 2.80335e-03 2.00856e+00 1.18179e-04 9.56928e+01
750 9.76869052e+02 2.77502e-03 2.03538e+00 1.04922e-04 8.95718e+01
760 9.89474023e+02 2.67155e-03 2.06355e+00 1.14820e-04 9.83687e+01
770 1.00192569e+03 2.92242e-03 2.08950e+00 1.21267e-04 9.86839e+01
780 1.01445301e+03 2.84104e-03 2.11737e+00 1.21873e-04 9.62337e+01
790 1.02661681e+03 2.58162e-03 2.14243e+00 1.07408e-04 9.14544e+01
800 1.03896506e+03 3.02718e-03 2.16905e+00 1.21114e-04 9.94400e+01
810 1.05037759e+03 2.65269e-03 2.19825e+00 1.13474e-04 9.34999e+01
820 1.06195179e+03 2.87999e-03 2.22593e+00 1.13434e-04 9.27020e+01
830 1.07409587e+03 2.76970e-03 2.25458e+00 1.12033e-04 9.05052e+01
840 1.08599897e+03 3.18433e-03 2.28400e+00 1.24243e-04 8.95252e+01
850 1.09855967e+03 2.92154e-03 2.31383e+00 1.18383e-04 9.06930e+01
860 1.11108595e+03 2.91834e-03 2.34230e+00 1.15438e-04 8.76905e+01
870 1.12358600e+03 2.89514e-03 2.37009e+00 1.09743e-04 9.56746e+01
880 1.13454709e+03 2.84355e-03 2.39940e+00 1.17773e-04 9.90376e+01
890 1.14511959e+03 3.05749e-03 2.42947e+00 1.23872e-04 9.73361e+01
900 1.15714460e+03 2.60910e-03 2.45677e+00 1.07678e-04 9.96235e+01
910 1.16936891e+03 2.99335e-03 2.48380e+00 1.16229e-04 9.21569e+01
920 1.18177893e+03 3.08784e-03 2.51396e+00 1.20809e-04 9.08212e+01
930 1.19430729e+03 3.03032e-03 2.54503e+00 1.21529e-04 8.72249e+01
940 1.20663938e+03 3.24189e-03 2.57557e+00 1.24464e-04 8.87031e+01
950 1.21917235e+03 3.08487e-03 2.60649e+00 1.19068e-04 9.33309e+01
960 1.23195053e+03 3.21432e-03 2.63818e+00 1.11823e-04 8.80554e+01
970 1.24427097e+03 3.02831e-03 2.66903e+00 1.13330e-04 9.08864e+01
980 1.25492201e+03 2.90870e-03 2.70080e+00 1.12190e-04 8.68987e+01
990 1.26509306e+03 2.90069e-03 2.72839e+00 1.03594e-04 9.21304e+01
1000 1.27537308e+03 3.13070e-03 2.75769e+00 1.15965e-04 8.60018e+01
1010 1.28584134e+03 3.27217e-03 2.78918e+00 1.22100e-04 8.02179e+01
1020 1.29672912e+03 3.12587e-03 2.82097e+00 1.11071e-04 7.94232e+01
1030 1.30771000e+03 2.79687e-03 2.85004e+00 1.05314e-04 8.42654e+01
1040 1.31958284e+03 3.04937e-03 2.88061e+00 1.15965e-04 8.10977e+01
1050 1.33230381e+03 2.96734e-03 2.91144e+00 1.16324e-04 8.24410e+01
1060 1.34499998e+03 3.37975e-03 2.94287e+00 1.20745e-04 7.86966e+01
1070 1.35778894e+03 2.91039e-03 2.97511e+00 1.09678e-04 1.01140e+02
1080 1.37068261e+03 3.17429e-03 3.00548e+00 1.18590e-04 9.07742e+01
1090 1.38361272e+03 3.13067e-03 3.03800e+00 1.10306e-04 8.36831e+01
1100 1.39627073e+03 2.99746e-03 3.06840e+00 1.14820e-04 8.36134e+01
1110 1.40879657e+03 3.12250e-03 3.09830e+00 1.15322e-04 8.56533e+01
1120 1.42132982e+03 2.66485e-03 3.12903e+00 1.07151e-04 8.71983e+01
1130 1.43334447e+03 2.59917e-03 3.15544e+00 1.07917e-04 8.37462e+01
1140 1.44593393e+03 3.27406e-03 3.18461e+00 1.20562e-04 8.77115e+01
1150 1.45847762e+03 2.57210e-03 3.21366e+00 1.03842e-04 9.66446e+01
1160 1.47102540e+03 2.69442e-03 3.24118e+00 1.05165e-04 9.63239e+01
1170 1.48350600e+03 3.18476e-03 3.27068e+00 1.18517e-04 7.78266e+01
1180 1.49572542e+03 2.99265e-03 3.30122e+00 1.10536e-04 7.87595e+01
1190 1.50809788e+03 3.21515e-03 3.33283e+00 1.16943e-04 7.90070e+01
1200 1.52050174e+03 3.12002e-03 3.36496e+00 1.07508e-04 8.46195e+01
1210 1.53270545e+03 2.94444e-03 3.39603e+00 1.10745e-04 9.72079e+01
1220 1.54480470e+03 3.10327e-03 3.42425e+00 1.08718e-04 9.95050e+01
1230 1.55703090e+03 3.11081e-03 3.45655e+00 1.14000e-04 8.39913e+01
1240 1.56926721e+03 3.45125e-03 3.48922e+00 1.16142e-04 8.05173e+01
1250 1.58164970e+03 3.11019e-03 3.52200e+00 1.11526e-04 8.14411e+01
1260 1.59388075e+03 2.78767e-03 3.55161e+00 9.95193e-05 9.25850e+01
1270 1.60627980e+03 2.96512e-03 3.58170e+00 9.92265e-05 8.32924e+01
1280 1.61859648e+03 3.07171e-03 3.61169e+00 1.03260e-04 9.11174e+01
1290 1.63108058e+03 3.09945e-03 3.64357e+00 1.04025e-04 8.37145e+01
1300 1.64370328e+03 3.01759e-03 3.67640e+00 9.59235e-05 8.00125e+01
1310 1.65638533e+03 3.14543e-03 3.70714e+00 9.97037e-05 7.72937e+01
1320 1.66917910e+03 3.10661e-03 3.73859e+00 1.02956e-04 8.26581e+01
1330 1.68198882e+03 3.38074e-03 3.77058e+00 1.06106e-04 7.61216e+01
1340 1.69449639e+03 3.15208e-03 3.80313e+00 1.01404e-04 8.29848e+01
1350 1.70687595e+03 3.29884e-03 3.83413e+00 1.00102e-04 7.85807e+01
1360 1.71944239e+03 3.42322e-03 3.86663e+00 1.07710e-04 8.51943e+01
1370 1.73206468e+03 3.29632e-03 3.90047e+00 1.04015e-04 7.48379e+01
1380 1.74448908e+03 3.33209e-03 3.93438e+00 1.02729e-04 8.97707e+01
1390 1.75641935e+03 2.93903e-03 3.96618e+00 8.88823e-05 8.06690e+01
1400 1.76904137e+03 3.38366e-03 3.99916e+00 1.04154e-04 7.49178e+01
1410 1.78193289e+03 3.14924e-03 4.03285e+00 9.67722e-05 7.48302e+01
1420 1.79458271e+03 3.04843e-03 4.06163e+00 9.34060e-05 7.70073e+01
1430 1.80732041e+03 3.55721e-03 4.09550e+00 1.00156e-04 7.54527e+01
1440 1.81992942e+03 3.38063e-03 4.12999e+00 9.97906e-05 7.39969e+01
1450 1.83239397e+03 3.34174e-03 4.16415e+00 1.00693e-04 7.13372e+01
1460 1.84473376e+03 3.10278e-03 4.19606e+00 9.11950e-05 7.01340e+01
1470 1.85717463e+03 3.46110e-03 4.22885e+00 1.01405e-04 7.37707e+01
1480 1.86983824e+03 3.53260e-03 4.26458e+00 9.96373e-05 7.69801e+01
1490 1.88211383e+03 3.52756e-03 4.29781e+00 1.01095e-04 7.49589e+01
1500 1.89394492e+03 3.57086e-03 4.33214e+00 1.02856e-04 7.17677e+01
1510 1.90628564e+03 3.45258e-03 4.36641e+00 9.60216e-05 6.99649e+01
1520 1.91852629e+03 3.06387e-03 4.39903e+00 8.90495e-05 7.31408e+01
1530 1.93083844e+03 3.49924e-03 4.43302e+00 9.30379e-05 7.36232e+01
1540 1.94315607e+03 3.14288e-03 4.46630e+00 8.34580e-05 7.97486e+01
1550 1.95545311e+03 3.14486e-03 4.49651e+00 9.02650e-05 8.29512e+01
1560 1.96789029e+03 3.30462e-03 4.52920e+00 9.74679e-05 7.28339e+01
1570 1.98039155e+03 3.27873e-03 4.56394e+00 9.27881e-05 7.73114e+01
1580 1.99283472e+03 3.34334e-03 4.59665e+00 9.59254e-05 7.75626e+01
1590 2.00531398e+03 3.31998e-03 4.63140e+00 1.00724e-04 8.39706e+01
1600 2.01776034e+03 3.37689e-03 4.66373e+00 1.02741e-04 7.88106e+01
1610 2.03025745e+03 3.20368e-03 4.69700e+00 9.65802e-05 7.75217e+01
1620 2.04264270e+03 3.11920e-03 4.72900e+00 9.63848e-05 7.18024e+01
1630 2.05505278e+03 3.22198e-03 4.76085e+00 9.23384e-05 7.57497e+01
1640 2.06754942e+03 3.55461e-03 4.79503e+00 1.04312e-04 7.08640e+01
1650 2.07887608e+03 3.05203e-03 4.82863e+00 9.00163e-05 7.31256e+01
1660 2.08916613e+03 3.31317e-03 4.86102e+00 9.35607e-05 7.23335e+01
1670 2.09968499e+03 3.63030e-03 4.89557e+00 1.02272e-04 7.72201e+01
1680 2.11055619e+03 3.38148e-03 4.92998e+00 9.84314e-05 7.96395e+01
1690 2.12292772e+03 3.36221e-03 4.96328e+00 9.86094e-05 7.56225e+01
1700 2.13531215e+03 3.65993e-03 4.99707e+00 1.01252e-04 7.64791e+01
1710 2.14762683e+03 3.62335e-03 5.03249e+00 9.69665e-05 7.44546e+01
1720 2.16009641e+03 3.25969e-03 5.06825e+00 9.37160e-05 6.67204e+01
1730 2.17256538e+03 3.36768e-03 5.10330e+00 9.40389e-05 7.34426e+01
1740 2.18479034e+03 3.17897e-03 5.13639e+00 9.14884e-05 7.07268e+01
1750 2.19697541e+03 3.46364e-03 5.16815e+00 9.41034e-05 6.93984e+01
1760 2.20930078e+03 3.37615e-03 5.20247e+00 9.32006e-05 7.30500e+01
1770 2.22159059e+03 3.68410e-03 5.23893e+00 9.98843e-05 7.57703e+01
1780 2.23378740e+03 3.43422e-03 5.27464e+00 9.05632e-05 7.30570e+01
1790 2.24574161e+03 3.23924e-03 5.30610e+00 8.83817e-05 7.68284e+01
1800 2.25785252e+03 3.46584e-03 5.34105e+00 9.36723e-05 6.87738e+01
1810 2.27021339e+03 3.70282e-03 5.37739e+00 9.58191e-05 6.57753e+01
1820 2.28246461e+03 3.48827e-03 5.41392e+00 8.72462e-05 6.90043e+01
1830 2.29334488e+03 3.54294e-03 5.44765e+00 8.92505e-05 6.97899e+01
1840 2.30452185e+03 3.81141e-03 5.48329e+00 9.24187e-05 6.56688e+01
1850 2.31622136e+03 3.43026e-03 5.51933e+00 8.42656e-05 6.69674e+01
1860 2.32849717e+03 3.57359e-03 5.55466e+00 8.80655e-05 6.83763e+01
1870 2.34084499e+03 3.29674e-03 5.58860e+00 8.10587e-05 6.81157e+01
1880 2.35337726e+03 3.80492e-03 5.62270e+00 8.96754e-05 6.34484e+01
1890 2.36581280e+03 3.69572e-03 5.66112e+00 8.14169e-05 6.33659e+01
1900 2.37802988e+03 3.45901e-03 5.69719e+00 8.13858e-05 6.70114e+01
1910 2.39006991e+03 3.21754e-03 5.73316e+00 8.06308e-05 6.95014e+01
1920 2.40228386e+03 3.53631e-03 5.76636e+00 8.74440e-05 6.80774e+01
1930 2.41462079e+03 3.48441e-03 5.80103e+00 8.62030e-05 6.86968e+01
1940 2.42682375e+03 3.18904e-03 5.83450e+00 8.18485e-05 6.85704e+01
1950 2.43911417e+03 3.29564e-03 5.86718e+00 8.36670e-05 6.82883e+01
1960 2.44962636e+03 3.44458e-03 5.89953e+00 8.15181e-05 6.47924e+01
1970 2.46073961e+03 3.39158e-03 5.93405e+00 8.50417e-05 6.53287e+01
1980 2.47313898e+03 3.39644e-03 5.96707e+00 8.18945e-05 7.56166e+01
1990 2.48564312e+03 3.47153e-03 6.00189e+00 8.12767e-05 6.63839e+01
2000 2.49831531e+03 3.64747e-03 6.03829e+00 8.52182e-05 6.77940e+01
2010 2.51074626e+03 3.71938e-03 6.07513e+00 8.74704e-05 6.71273e+01
2020 2.52328877e+03 3.43523e-03 6.11273e+00 7.96092e-05 6.78611e+01
2030 2.53563141e+03 3.55019e-03 6.14727e+00 8.11240e-05 6.71488e+01
2040 2.54801689e+03 3.62909e-03 6.18391e+00 8.04422e-05 6.55831e+01
2050 2.56067810e+03 3.44019e-03 6.22058e+00 7.48477e-05 6.78737e+01
2060 2.57331592e+03 3.26570e-03 6.25406e+00 7.76340e-05 6.91288e+01
2070 2.58608054e+03 3.70657e-03 6.28979e+00 8.10636e-05 6.42878e+01
2080 2.59880905e+03 3.63249e-03 6.32645e+00 7.86923e-05 6.80169e+01
2090 2.61115202e+03 3.26593e-03 6.36003e+00 7.35374e-05 7.21159e+01
2100 2.62358809e+03 4.00725e-03 6.39689e+00 8.21811e-05 6.50392e+01
2110 2.63619658e+03 3.67677e-03 6.43399e+00 7.93255e-05 6.76953e+01
2120 2.64882574e+03 3.85177e-03 6.47149e+00 8.23697e-05 6.29433e+01
2130 2.66140524e+03 3.97851e-03 6.50984e+00 8.25946e-05 6.03891e+01
2140 2.67402085e+03 3.74292e-03 6.54831e+00 8.00868e-05 5.99084e+01
2150 2.68677692e+03 3.75941e-03 6.58716e+00 7.80334e-05 6.12683e+01
2160 2.69959234e+03 3.69959e-03 6.62533e+00 7.60590e-05 6.39114e+01
2170 2.71234328e+03 3.80350e-03 6.66302e+00 8.09788e-05 6.38375e+01
2180 2.72488180e+03 3.83868e-03 6.70064e+00 8.01936e-05 6.43043e+01
2190 2.73713936e+03 3.49023e-03 6.73626e+00 7.32936e-05 5.95139e+01
2200 2.74946759e+03 3.96323e-03 6.77424e+00 8.13759e-05 6.37143e+01
2210 2.76194034e+03 3.68917e-03 6.81250e+00 7.67117e-05 6.21359e+01
2220 2.77496268e+03 3.70711e-03 6.85040e+00 7.63502e-05 6.50546e+01
2230 2.78824381e+03 3.62253e-03 6.88840e+00 7.52265e-05 6.46024e+01
2240 2.80139304e+03 3.69563e-03 6.92568e+00 7.80209e-05 7.63179e+01
2250 2.81447104e+03 3.68843e-03 6.96300e+00 7.83418e-05 7.57545e+01
2260 2.82735070e+03 3.82872e-03 7.00129e+00 7.84055e-05 6.86606e+01
2270 2.83993126e+03 3.96557e-03 7.03967e+00 7.93232e-05 6.13642e+01
2280 2.85243780e+03 4.16980e-03 7.07997e+00 7.70076e-05 6.14902e+01
2290 2.86487239e+03 4.09301e-03 7.11990e+00 7.94573e-05 6.38915e+01
2300 2.87708972e+03 3.80994e-03 7.15840e+00 7.67156e-05 6.04690e+01
2310 2.88905416e+03 3.07295e-03 7.19160e+00 6.52894e-05 6.13878e+01
2320 2.90101545e+03 3.47173e-03 7.22527e+00 7.30432e-05 5.74652e+01
2330 2.91277050e+03 3.68385e-03 7.26244e+00 7.45519e-05 6.08404e+01
2340 2.92511008e+03 4.00650e-03 7.30053e+00 7.93121e-05 6.00509e+01
2350 2.93773727e+03 3.66448e-03 7.34208e+00 7.19014e-05 6.38374e+01
2360 2.94947614e+03 3.30292e-03 7.37508e+00 6.76087e-05 6.83925e+01
2370 2.96021261e+03 3.95624e-03 7.41285e+00 7.66809e-05 6.62829e+01
2380 2.97218110e+03 3.83254e-03 7.45112e+00 7.35000e-05 6.65042e+01
2390 2.98466569e+03 3.18049e-03 7.48691e+00 6.42717e-05 6.28297e+01
2400 2.99700337e+03 3.73532e-03 7.51966e+00 7.03060e-05 6.05501e+01
2410 3.00967427e+03 3.91895e-03 7.55909e+00 7.50317e-05 5.99209e+01
2420 3.02220963e+03 4.03358e-03 7.59736e+00 7.41576e-05 5.50290e+01
2430 3.03492299e+03 4.17706e-03 7.63839e+00 7.68124e-05 5.46355e+01
2440 3.04751439e+03 3.83156e-03 7.67906e+00 7.04326e-05 5.73656e+01
2450 3.05997422e+03 3.52898e-03 7.71672e+00 6.79115e-05 6.13361e+01
2460 3.07247894e+03 3.61747e-03 7.75204e+00 6.68954e-05 6.01461e+01
2470 3.08496528e+03 3.64167e-03 7.78693e+00 7.05474e-05 5.68378e+01
2480 3.09754155e+03 4.13576e-03 7.82621e+00 7.71354e-05 5.58514e+01
2490 3.11000983e+03 3.88646e-03 7.86655e+00 7.32185e-05 5.37329e+01
2500 3.12231944e+03 4.04374e-03 7.90560e+00 7.60653e-05 5.34628e+01
2510 3.13468067e+03 3.82920e-03 7.94580e+00 7.05308e-05 5.89513e+01
2520 3.14719906e+03 3.82281e-03 7.98473e+00 6.97794e-05 5.53440e+01
2530 3.15972830e+03 3.75344e-03 8.02419e+00 7.30653e-05 5.90354e+01
2540 3.17192337e+03 3.92734e-03 8.06259e+00 7.55714e-05 5.77205e+01
2550 3.18423306e+03 4.19432e-03 8.10311e+00 7.87090e-05 6.08068e+01
2560 3.19592871e+03 3.99108e-03 8.14344e+00 7.49760e-05 6.89327e+01
2570 3.20758509e+03 3.86295e-03 8.18267e+00 7.44924e-05 5.75634e+01
2580 3.21870906e+03 3.89032e-03 8.22163e+00 7.00481e-05 5.32919e+01
2590 3.22924550e+03 3.67101e-03 8.26012e+00 6.94306e-05 5.47390e+01
2600 3.23960276e+03 3.91758e-03 8.29850e+00 7.37349e-05 5.50448e+01
2610 3.24996292e+03 3.94333e-03 8.33764e+00 7.29946e-05 5.55209e+01
2620 3.26042847e+03 4.34869e-03 8.37929e+00 7.40217e-05 5.42740e+01
2630 3.27114801e+03 4.16734e-03 8.42249e+00 7.09187e-05 5.40589e+01
2640 3.28328555e+03 4.18720e-03 8.46208e+00 7.29639e-05 5.07477e+01
2650 3.29574052e+03 4.06961e-03 8.50407e+00 7.19076e-05 5.72002e+01
2660 3.30827557e+03 4.09788e-03 8.54536e+00 6.69238e-05 5.66861e+01
2670 3.32090092e+03 4.05594e-03 8.58731e+00 6.61292e-05 5.71056e+01
2680 3.33349751e+03 4.16662e-03 8.62812e+00 6.87209e-05 5.23980e+01
2690 3.34614077e+03 4.13774e-03 8.67008e+00 7.03518e-05 5.50587e+01
2700 3.35864054e+03 4.07709e-03 8.70891e+00 6.68563e-05 5.31241e+01
2710 3.37116921e+03 4.21997e-03 8.74913e+00 6.74319e-05 5.44964e+01
2720 3.38366578e+03 4.18925e-03 8.79204e+00 7.06159e-05 4.99244e+01
2730 3.39606564e+03 3.91693e-03 8.83423e+00 6.46191e-05 5.37678e+01
2740 3.40843175e+03 3.40109e-03 8.87171e+00 5.40885e-05 6.06809e+01
2750 3.42078237e+03 3.55186e-03 8.90731e+00 6.06076e-05 6.03887e+01
2760 3.43321459e+03 3.93438e-03 8.94591e+00 6.74736e-05 5.92539e+01
2770 3.44565405e+03 3.94596e-03 8.98616e+00 6.76344e-05 6.42460e+01
2780 3.45810716e+03 4.28506e-03 9.02588e+00 6.97490e-05 7.12554e+01
2790 3.47096785e+03 4.18932e-03 9.07023e+00 6.91566e-05 5.99619e+01
2800 3.48384877e+03 4.55059e-03 9.11348e+00 7.15910e-05 5.47484e+01
2810 3.49650876e+03 4.16271e-03 9.15609e+00 6.69043e-05 5.23487e+01
2820 3.50899460e+03 4.08736e-03 9.19801e+00 6.49373e-05 5.56042e+01
2830 3.52125095e+03 4.12316e-03 9.23840e+00 6.05672e-05 5.96962e+01
2840 3.53350570e+03 4.04024e-03 9.27973e+00 5.94635e-05 5.81862e+01
2850 3.54570121e+03 4.19543e-03 9.32034e+00 6.30931e-05 5.08772e+01
2860 3.55792630e+03 4.00544e-03 9.36281e+00 6.35164e-05 5.03831e+01
2870 3.57006767e+03 3.70302e-03 9.40178e+00 6.25844e-05 5.13181e+01
2880 3.58232095e+03 4.22450e-03 9.44063e+00 6.93672e-05 5.00621e+01
2890 3.59475961e+03 4.03498e-03 9.48295e+00 6.68206e-05 5.02306e+01
2900 3.60730382e+03 4.61399e-03 9.52516e+00 6.62543e-05 4.88929e+01
2910 3.61983108e+03 3.94295e-03 9.56734e+00 6.29890e-05 5.70855e+01
2920 3.63233467e+03 3.97615e-03 9.60880e+00 5.96940e-05 5.57850e+01
2930 3.64458156e+03 3.97443e-03 9.64780e+00 6.22012e-05 5.22158e+01
2940 3.65656788e+03 4.02127e-03 9.68910e+00 6.61915e-05 5.39557e+01
